  Cleaning BuildingEscapeEditor and UnrealHeaderTool binaries...
  Using 'git status' to determine working set for adaptive non-unity build (F:\Programs\UE4).
  Creating makefile for BuildingEscapeEditor (no existing makefile)
  Parsing headers for BuildingEscapeEditor
    Running UnrealHeaderTool "F:\Programs\UE4\BuildingEscape\BuildingEscape.uproject" "F:\Programs\UE4\BuildingEscape\Intermediate\Build\Win64\BuildingEscapeEditor\Development\BuildingEscapeEditor.uhtmanifest" -LogCmds="loginit warning, logexit warning, logdatabase error" -Unattended -WarningsAsErrors -abslog="C:\Users\varun\AppData\Local\UnrealBuildTool\Log_UHT.txt" -installed
  LogInit: Display: Loading text-based GConfig....
  Reflection code generated for BuildingEscapeEditor in 10.3324964 seconds
  Building BuildingEscapeEditor...
  Using Visual Studio 2019 14.29.30037 toolchain (V:\Microsoft Visual Studio\2019\Community\VC\Tools\MSVC\14.29.30037) and Windows 10.0.18362.0 SDK (C:\Program Files (x86)\Windows Kits\10).
  Building 11 actions with 12 processes...
    [1/11] Default.rc2
    [2/11] SharedPCH.Engine.ShadowErrors.cpp
    [3/11] BuildingEscapeGameModeBase.cpp
    [4/11] BuildingEscape.init.gen.cpp
    [5/11] BuildingEscape.cpp
    [6/11] WorldPosition.cpp
    [7/11] WorldPosition.gen.cpp
    [8/11] BuildingEscapeGameModeBase.gen.cpp
    [9/11] UE4Editor-BuildingEscape.lib
       Creating library F:\Programs\UE4\BuildingEscape\Intermediate\Build\Win64\UE4Editor\Development\BuildingEscape\UE4Editor-BuildingEscape.lib and object F:\Programs\UE4\BuildingEscape\Intermediate\Build\Win64\UE4Editor\Development\BuildingEscape\UE4Editor-BuildingEscape.exp
    [10/11] UE4Editor-BuildingEscape.dll
       Creating library F:\Programs\UE4\BuildingEscape\Intermediate\Build\Win64\UE4Editor\Development\BuildingEscape\UE4Editor-BuildingEscape.suppressed.lib and object F:\Programs\UE4\BuildingEscape\Intermediate\Build\Win64\UE4Editor\Development\BuildingEscape\UE4Editor-BuildingEscape.suppressed.exp
    [11/11] BuildingEscapeEditor.target
  Total time in Parallel executor: 68.41 seconds
  Total execution time: 83.44 seconds
