Log file open, 01/31/22 13:29:18
LogWindows: Failed to load 'aqProf.dll' (GetLastError=126)
LogWindows: File 'aqProf.dll' does not exist
LogWindows: Failed to load 'VtuneApi.dll' (GetLastError=126)
LogWindows: File 'VtuneApi.dll' does not exist
LogWindows: Failed to load 'VtuneApi32e.dll' (GetLastError=126)
LogWindows: File 'VtuneApi32e.dll' does not exist
LogConsoleResponse: Display: Failed to find resolution value strings in scalability ini. Falling back to default.
LogConsoleResponse: Display: Failed to find resolution value strings in scalability ini. Falling back to default.
LogInit: Display: Running engine for game: BuildingEscape
LogPlatformFile: Not using cached read wrapper
LogTaskGraph: Started task graph with 5 named threads and 35 total threads with 3 sets of task threads.
LogStats: Stats thread started at 0.320106
LogICUInternationalization: ICU TimeZone Detection - Raw Offset: +5:30, Platform Override: ''
LogInit: Display: Loading text-based GConfig....
LogPluginManager: Mounting plugin MeshPainting
LogPluginManager: Mounting plugin XGEController
LogPluginManager: Mounting plugin Paper2D
LogPluginManager: Mounting plugin AISupport
LogPluginManager: Mounting plugin EnvironmentQueryEditor
LogPluginManager: Mounting plugin LiveLink
LogPluginManager: Mounting plugin CameraShakePreviewer
LogPluginManager: Mounting plugin OodleData
LogPluginManager: Mounting plugin LightPropagationVolume
LogPluginManager: Mounting plugin GameplayCameras
LogPluginManager: Mounting plugin AnimationSharing
LogPluginManager: Mounting plugin CLionSourceCodeAccess
LogPluginManager: Mounting plugin GitSourceControl
LogPluginManager: Mounting plugin CodeLiteSourceCodeAccess
LogPluginManager: Mounting plugin NullSourceCodeAccess
LogPluginManager: Mounting plugin KDevelopSourceCodeAccess
LogPluginManager: Mounting plugin PixWinPlugin
LogPluginManager: Mounting plugin PerforceSourceControl
LogPluginManager: Mounting plugin PlasticSourceControl
LogPluginManager: Mounting plugin PluginUtils
LogPluginManager: Mounting plugin PropertyAccessNode
LogPluginManager: Mounting plugin AlembicImporter
LogPluginManager: Mounting plugin OodleNetwork
LogPluginManager: Mounting plugin AutomationUtils
LogPluginManager: Mounting plugin BackChannel
LogPluginManager: Mounting plugin RiderSourceCodeAccess
LogPluginManager: Mounting plugin ChaosCloth
LogPluginManager: Mounting plugin ChaosClothEditor
LogPluginManager: Mounting plugin ChaosEditor
LogPluginManager: Mounting plugin SubversionSourceControl
LogPluginManager: Mounting plugin ChaosNiagara
LogPluginManager: Mounting plugin TextureFormatOodle
LogPluginManager: Mounting plugin ChaosSolverPlugin
LogPluginManager: Mounting plugin UObjectPlugin
LogPluginManager: Mounting plugin VisualStudioCodeSourceCodeAccess
LogPluginManager: Mounting plugin VisualStudioSourceCodeAccess
LogPluginManager: Mounting plugin XCodeSourceCodeAccess
LogPluginManager: Mounting plugin CharacterAI
LogPluginManager: Mounting plugin DatasmithContent
LogPluginManager: Mounting plugin AssetManagerEditor
LogPluginManager: Mounting plugin GeometryCache
LogPluginManager: Mounting plugin VariantManagerContent
LogPluginManager: Mounting plugin GeometryCollectionPlugin
LogPluginManager: Mounting plugin CryptoKeys
LogPluginManager: Mounting plugin CurveEditorTools
LogPluginManager: Mounting plugin DataValidation
LogPluginManager: Mounting plugin FacialAnimation
LogPluginManager: Mounting plugin GeometryMode
LogPluginManager: Mounting plugin GameplayTagsEditor
LogPluginManager: Mounting plugin GeometryProcessing
LogPluginManager: Mounting plugin MacGraphicsSwitching
LogPluginManager: Mounting plugin MaterialAnalyzer
LogPluginManager: Mounting plugin MobileLauncherProfileWizard
LogPluginManager: Mounting plugin PluginBrowser
LogPluginManager: Mounting plugin SpeedTreeImporter
LogPluginManager: Mounting plugin OpenImageDenoise
LogPluginManager: Mounting plugin MotoSynth
LogPluginManager: Mounting plugin PlanarCut
LogPluginManager: Mounting plugin ProxyLODPlugin
LogPluginManager: Mounting plugin PlatformCrypto
LogPluginManager: Mounting plugin PythonScriptPlugin
LogPluginManager: Mounting plugin SkeletalReduction
LogPluginManager: Mounting plugin Niagara
LogPluginManager: Mounting plugin LuminPlatformFeatures
LogPluginManager: Mounting plugin MagicLeap
LogPluginManager: Mounting plugin MagicLeapLightEstimation
LogPluginManager: Mounting plugin MagicLeapMedia
LogPluginManager: Mounting plugin AndroidMedia
LogPluginManager: Mounting plugin MagicLeapPassableWorld
LogPluginManager: Mounting plugin MLSDK
LogPluginManager: Mounting plugin AvfMedia
LogPluginManager: Mounting plugin ImgMedia
LogPluginManager: Mounting plugin MediaCompositing
LogPluginManager: Mounting plugin TcpMessaging
LogPluginManager: Mounting plugin UdpMessaging
LogPluginManager: Mounting plugin ActorSequence
LogPluginManager: Mounting plugin LevelSequenceEditor
LogPluginManager: Mounting plugin MediaPlayerEditor
LogPluginManager: Mounting plugin WebMMedia
LogPluginManager: Mounting plugin MatineeToLevelSequence
LogPluginManager: Mounting plugin WmfMedia
LogPluginManager: Mounting plugin TemplateSequence
LogPluginManager: Mounting plugin OnlineSubsystem
LogPluginManager: Mounting plugin LauncherChunkInstaller
LogPluginManager: Mounting plugin OnlineSubsystemNull
LogPluginManager: Mounting plugin ActorLayerUtilities
LogPluginManager: Mounting plugin OnlineSubsystemUtils
LogPluginManager: Mounting plugin AndroidDeviceProfileSelector
LogPluginManager: Mounting plugin AndroidMoviePlayer
LogPluginManager: Mounting plugin AndroidPermission
LogPluginManager: Mounting plugin AppleImageUtils
LogPluginManager: Mounting plugin AppleMoviePlayer
LogPluginManager: Mounting plugin ArchVisCharacter
LogPluginManager: Mounting plugin AssetTags
LogPluginManager: Mounting plugin AudioCapture
LogPluginManager: Mounting plugin AudioSynesthesia
LogPluginManager: Mounting plugin CableComponent
LogPluginManager: Mounting plugin ChunkDownloader
LogPluginManager: Mounting plugin CustomMeshComponent
LogPluginManager: Mounting plugin EditableMesh
LogPluginManager: Mounting plugin ExampleDeviceProfileSelector
LogPluginManager: Mounting plugin GoogleCloudMessaging
LogPluginManager: Mounting plugin GooglePAD
LogPluginManager: Mounting plugin IOSDeviceProfileSelector
LogPluginManager: Mounting plugin LinuxDeviceProfileSelector
LogPluginManager: Mounting plugin LocationServicesBPLibrary
LogPluginManager: Mounting plugin MobilePatchingUtils
LogPluginManager: Mounting plugin OpenXR
LogPluginManager: Mounting plugin OpenXREyeTracker
LogPluginManager: Mounting plugin OpenXRHandTracking
LogPluginManager: Mounting plugin PhysXVehicles
LogPluginManager: Mounting plugin PostSplashScreen
LogPluginManager: Mounting plugin PropertyAccessEditor
LogPluginManager: Mounting plugin ProceduralMeshComponent
LogPluginManager: Mounting plugin RuntimePhysXCooking
LogPluginManager: Mounting plugin SignificanceManager
LogPluginManager: Mounting plugin SoundFields
LogPluginManager: Mounting plugin Synthesis
LogPluginManager: Mounting plugin WebMMoviePlayer
LogPluginManager: Mounting plugin WindowsMoviePlayer
LogPluginManager: Mounting plugin ScreenshotTools
LogPluginManager: Mounting plugin Takes
LogPluginManager: Mounting plugin ContentBrowserAssetDataSource
LogPluginManager: Mounting plugin ContentBrowserFileDataSource
LogPluginManager: Mounting plugin ContentBrowserClassDataSource
LogPluginManager: Mounting plugin OnlineSubsystemGooglePlay
LogPluginManager: Mounting plugin OnlineSubsystemIOS
LogPluginManager: Mounting plugin OculusVR
LogPluginManager: Mounting plugin SteamVR
PixWinPlugin: PIX capture plugin failed to initialize! Check that the process is launched from PIX.
LogInit: Using libcurl 7.55.1-DEV
LogInit:  - built for x86_64-pc-win32
LogInit:  - supports SSL with OpenSSL/1.1.1
LogInit:  - supports HTTP deflate (compression) using libz 1.2.8
LogInit:  - other features:
LogInit:      CURL_VERSION_SSL
LogInit:      CURL_VERSION_LIBZ
LogInit:      CURL_VERSION_IPV6
LogInit:      CURL_VERSION_ASYNCHDNS
LogInit:      CURL_VERSION_LARGEFILE
LogInit:      CURL_VERSION_IDN
LogInit:  CurlRequestOptions (configurable via config and command line):
LogInit:  - bVerifyPeer = true  - Libcurl will verify peer certificate
LogInit:  - bUseHttpProxy = false  - Libcurl will NOT use HTTP proxy
LogInit:  - bDontReuseConnections = false  - Libcurl will reuse connections
LogInit:  - MaxHostConnections = 16  - Libcurl will limit the number of connections to a host
LogInit:  - LocalHostAddr = Default
LogInit:  - BufferSize = 65536
LogOnline: OSS: Creating online subsystem instance for: NULL
LogInit: WinSock: version 1.1 (2.2), MaxSocks=32767, MaxUdp=65467
LogOnline: OSS: TryLoadSubsystemAndSetDefault: Loaded subsystem for module [NULL]
LogOculusPluginWrapper: OculusPlugin initialized successfully
LogHMD: Failed initializing OVRPlugin 1.59.0
LogInit: Build: ++UE4+Release-4.27-CL-17735300
LogInit: Engine Version: 4.27.1-17735300+++UE4+Release-4.27
LogInit: Compatible Engine Version: 4.27.0-17155196+++UE4+Release-4.27
LogInit: Net CL: 17155196
LogInit: OS: Windows 10 (Release 2009) (), CPU: Intel(R) Core(TM) i7-9750H CPU @ 2.60GHz, GPU: Intel(R) UHD Graphics 630
LogInit: Compiled (64-bit): Oct  6 2021 14:42:51
LogInit: Compiled with Visual C++: 19.24.28315.00
LogInit: Build Configuration: Development
LogInit: Branch Name: ++UE4+Release-4.27
LogInit: Command Line: 
LogInit: Base Directory: E:/Epic Games/UE_4.27/Engine/Binaries/Win64/
LogInit: Allocator: TBB
LogInit: Installed Engine Build: 1
LogDevObjectVersion: Number of dev versions registered: 29
LogDevObjectVersion:   Dev-Blueprints (B0D832E4-1F89-4F0D-ACCF-7EB736FD4AA2): 10
LogDevObjectVersion:   Dev-Build (E1C64328-A22C-4D53-A36C-8E866417BD8C): 0
LogDevObjectVersion:   Dev-Core (375EC13C-06E4-48FB-B500-84F0262A717E): 4
LogDevObjectVersion:   Dev-Editor (E4B068ED-F494-42E9-A231-DA0B2E46BB41): 40
LogDevObjectVersion:   Dev-Framework (CFFC743F-43B0-4480-9391-14DF171D2073): 37
LogDevObjectVersion:   Dev-Mobile (B02B49B5-BB20-44E9-A304-32B752E40360): 3
LogDevObjectVersion:   Dev-Networking (A4E4105C-59A1-49B5-A7C5-40C4547EDFEE): 0
LogDevObjectVersion:   Dev-Online (39C831C9-5AE6-47DC-9A44-9C173E1C8E7C): 0
LogDevObjectVersion:   Dev-Physics (78F01B33-EBEA-4F98-B9B4-84EACCB95AA2): 14
LogDevObjectVersion:   Dev-Platform (6631380F-2D4D-43E0-8009-CF276956A95A): 0
LogDevObjectVersion:   Dev-Rendering (12F88B9F-8875-4AFC-A67C-D90C383ABD29): 45
LogDevObjectVersion:   Dev-Sequencer (7B5AE74C-D270-4C10-A958-57980B212A5A): 13
LogDevObjectVersion:   Dev-VR (D7296918-1DD6-4BDD-9DE2-64A83CC13884): 3
LogDevObjectVersion:   Dev-LoadTimes (C2A15278-BFE7-4AFE-6C17-90FF531DF755): 1
LogDevObjectVersion:   Private-Geometry (6EACA3D4-40EC-4CC1-B786-8BED09428FC5): 3
LogDevObjectVersion:   Dev-AnimPhys (29E575DD-E0A3-4627-9D10-D276232CDCEA): 17
LogDevObjectVersion:   Dev-Anim (AF43A65D-7FD3-4947-9873-3E8ED9C1BB05): 15
LogDevObjectVersion:   Dev-ReflectionCapture (6B266CEC-1EC7-4B8F-A30B-E4D90942FC07): 1
LogDevObjectVersion:   Dev-Automation (0DF73D61-A23F-47EA-B727-89E90C41499A): 1
LogDevObjectVersion:   FortniteMain (601D1886-AC64-4F84-AA16-D3DE0DEAC7D6): 47
LogDevObjectVersion:   FortniteRelease (E7086368-6B23-4C58-8439-1B7016265E91): 1
LogDevObjectVersion:   Dev-Enterprise (9DFFBCD6-494F-0158-E221-12823C92A888): 10
LogDevObjectVersion:   Dev-Niagara (F2AED0AC-9AFE-416F-8664-AA7FFA26D6FC): 1
LogDevObjectVersion:   Dev-Destruction (174F1F0B-B4C6-45A5-B13F-2EE8D0FB917D): 10
LogDevObjectVersion:   Dev-Physics-Ext (35F94A83-E258-406C-A318-09F59610247C): 41
LogDevObjectVersion:   Dev-PhysicsMaterial-Chaos (B68FC16E-8B1B-42E2-B453-215C058844FE): 1
LogDevObjectVersion:   Dev-CineCamera (B2E18506-4273-CFC2-A54E-F4BB758BBA07): 1
LogDevObjectVersion:   Dev-VirtualProduction (64F58936-FD1B-42BA-BA96-7289D5D0FA4E): 1
LogDevObjectVersion:   Dev-MediaFramework (6F0ED827-A609-4895-9C91-998D90180EA4): 2
LogInit: Presizing for max 25165824 objects, including 0 objects not considered by GC, pre-allocating 0 bytes for permanent pool.
LogConfig: Applying CVar settings from Section [/Script/Engine.StreamingSettings] File [F:/Programs/UE4/BuildingEscape/Saved/Config/Windows/Engine.ini]
LogConfig: Setting CVar [[s.MinBulkDataSizeForAsyncLoading:131072]]
LogConfig: Setting CVar [[s.AsyncLoadingThreadEnabled:0]]
LogConfig: Setting CVar [[s.EventDrivenLoaderEnabled:1]]
LogConfig: Setting CVar [[s.WarnIfTimeLimitExceeded:0]]
LogConfig: Setting CVar [[s.TimeLimitExceededMultiplier:1.5]]
LogConfig: Setting CVar [[s.TimeLimitExceededMinTime:0.005]]
LogConfig: Setting CVar [[s.UseBackgroundLevelStreaming:1]]
LogConfig: Setting CVar [[s.PriorityAsyncLoadingExtraTime:15.0]]
LogConfig: Setting CVar [[s.LevelStreamingActorsUpdateTimeLimit:5.0]]
LogConfig: Setting CVar [[s.PriorityLevelStreamingActorsUpdateExtraTime:5.0]]
LogConfig: Setting CVar [[s.LevelStreamingComponentsRegistrationGranularity:10]]
LogConfig: Setting CVar [[s.UnregisterComponentsTimeLimit:1.0]]
LogConfig: Setting CVar [[s.LevelStreamingComponentsUnregistrationGranularity:5]]
LogConfig: Setting CVar [[s.FlushStreamingOnExit:1]]
LogInit: Object subsystem initialized
LogConfig: Setting CVar [[con.DebugEarlyDefault:1]]
LogConfig: Setting CVar [[r.setres:1280x720]]
[2022.01.31-07.59.19:574][  0]LogConfig: Setting CVar [[r.VSync:0]]
[2022.01.31-07.59.19:574][  0]LogConfig: Setting CVar [[r.RHICmdBypass:0]]
[2022.01.31-07.59.19:574][  0]LogConfig: Applying CVar settings from Section [/Script/Engine.RendererSettings] File [F:/Programs/UE4/BuildingEscape/Saved/Config/Windows/Engine.ini]
[2022.01.31-07.59.19:574][  0]LogConfig: Setting CVar [[r.GPUCrashDebugging:0]]
[2022.01.31-07.59.19:574][  0]LogConfig: Applying CVar settings from Section [/Script/Engine.RendererOverrideSettings] File [F:/Programs/UE4/BuildingEscape/Saved/Config/Windows/Engine.ini]
[2022.01.31-07.59.19:574][  0]LogConfig: Applying CVar settings from Section [/Script/Engine.StreamingSettings] File [F:/Programs/UE4/BuildingEscape/Saved/Config/Windows/Engine.ini]
[2022.01.31-07.59.19:574][  0]LogConfig: Setting CVar [[s.MinBulkDataSizeForAsyncLoading:131072]]
[2022.01.31-07.59.19:574][  0]LogConfig: Setting CVar [[s.AsyncLoadingThreadEnabled:0]]
[2022.01.31-07.59.19:574][  0]LogConfig: Setting CVar [[s.EventDrivenLoaderEnabled:1]]
[2022.01.31-07.59.19:574][  0]LogConfig: Setting CVar [[s.WarnIfTimeLimitExceeded:0]]
[2022.01.31-07.59.19:574][  0]LogConfig: Setting CVar [[s.TimeLimitExceededMultiplier:1.5]]
[2022.01.31-07.59.19:574][  0]LogConfig: Setting CVar [[s.TimeLimitExceededMinTime:0.005]]
[2022.01.31-07.59.19:574][  0]LogConfig: Setting CVar [[s.UseBackgroundLevelStreaming:1]]
[2022.01.31-07.59.19:574][  0]LogConfig: Setting CVar [[s.PriorityAsyncLoadingExtraTime:15.0]]
[2022.01.31-07.59.19:574][  0]LogConfig: Setting CVar [[s.LevelStreamingActorsUpdateTimeLimit:5.0]]
[2022.01.31-07.59.19:574][  0]LogConfig: Setting CVar [[s.PriorityLevelStreamingActorsUpdateExtraTime:5.0]]
[2022.01.31-07.59.19:574][  0]LogConfig: Setting CVar [[s.LevelStreamingComponentsRegistrationGranularity:10]]
[2022.01.31-07.59.19:574][  0]LogConfig: Setting CVar [[s.UnregisterComponentsTimeLimit:1.0]]
[2022.01.31-07.59.19:574][  0]LogConfig: Setting CVar [[s.LevelStreamingComponentsUnregistrationGranularity:5]]
[2022.01.31-07.59.19:574][  0]LogConfig: Setting CVar [[s.FlushStreamingOnExit:1]]
[2022.01.31-07.59.19:574][  0]LogConfig: Applying CVar settings from Section [/Script/Engine.GarbageCollectionSettings] File [F:/Programs/UE4/BuildingEscape/Saved/Config/Windows/Engine.ini]
[2022.01.31-07.59.19:574][  0]LogConfig: Setting CVar [[gc.MaxObjectsNotConsideredByGC:1]]
[2022.01.31-07.59.19:574][  0]LogConfig: Setting CVar [[gc.SizeOfPermanentObjectPool:0]]
[2022.01.31-07.59.19:574][  0]LogConfig: Setting CVar [[gc.FlushStreamingOnGC:0]]
[2022.01.31-07.59.19:574][  0]LogConfig: Setting CVar [[gc.NumRetriesBeforeForcingGC:10]]
[2022.01.31-07.59.19:574][  0]LogConfig: Setting CVar [[gc.AllowParallelGC:1]]
[2022.01.31-07.59.19:574][  0]LogConfig: Setting CVar [[gc.TimeBetweenPurgingPendingKillObjects:61.1]]
[2022.01.31-07.59.19:574][  0]LogConfig: Setting CVar [[gc.MaxObjectsInEditor:25165824]]
[2022.01.31-07.59.19:574][  0]LogConfig: Setting CVar [[gc.IncrementalBeginDestroyEnabled:1]]
[2022.01.31-07.59.19:574][  0]LogConfig: Setting CVar [[gc.CreateGCClusters:1]]
[2022.01.31-07.59.19:574][  0]LogConfig: Setting CVar [[gc.MinGCClusterSize:5]]
[2022.01.31-07.59.19:574][  0]LogConfig: Setting CVar [[gc.ActorClusteringEnabled:0]]
[2022.01.31-07.59.19:574][  0]LogConfig: Setting CVar [[gc.BlueprintClusteringEnabled:0]]
[2022.01.31-07.59.19:574][  0]LogConfig: Setting CVar [[gc.UseDisregardForGCOnDedicatedServers:0]]
[2022.01.31-07.59.19:574][  0]LogConfig: Setting CVar [[gc.MultithreadedDestructionEnabled:1]]
[2022.01.31-07.59.19:574][  0]LogConfig: Applying CVar settings from Section [/Script/Engine.NetworkSettings] File [F:/Programs/UE4/BuildingEscape/Saved/Config/Windows/Engine.ini]
[2022.01.31-07.59.19:574][  0]LogConfig: Applying CVar settings from Section [/Script/UnrealEd.CookerSettings] File [F:/Programs/UE4/BuildingEscape/Saved/Config/Windows/Engine.ini]
[2022.01.31-07.59.19:593][  0]LogConfig: Applying CVar settings from Section [ViewDistanceQuality@3] File [F:/Programs/UE4/BuildingEscape/Saved/Config/Windows/Scalability.ini]
[2022.01.31-07.59.19:593][  0]LogConfig: Setting CVar [[r.SkeletalMeshLODBias:0]]
[2022.01.31-07.59.19:593][  0]LogConfig: Setting CVar [[r.ViewDistanceScale:1.0]]
[2022.01.31-07.59.19:593][  0]LogConfig: Applying CVar settings from Section [AntiAliasingQuality@3] File [F:/Programs/UE4/BuildingEscape/Saved/Config/Windows/Scalability.ini]
[2022.01.31-07.59.19:593][  0]LogConfig: Setting CVar [[r.PostProcessAAQuality:4]]
[2022.01.31-07.59.19:593][  0]LogConfig: Applying CVar settings from Section [ShadowQuality@3] File [F:/Programs/UE4/BuildingEscape/Saved/Config/Windows/Scalability.ini]
[2022.01.31-07.59.19:593][  0]LogConfig: Setting CVar [[r.LightFunctionQuality:1]]
[2022.01.31-07.59.19:593][  0]LogConfig: Setting CVar [[r.ShadowQuality:5]]
[2022.01.31-07.59.19:593][  0]LogConfig: Setting CVar [[r.Shadow.CSM.MaxCascades:10]]
[2022.01.31-07.59.19:593][  0]LogConfig: Setting CVar [[r.Shadow.MaxResolution:2048]]
[2022.01.31-07.59.19:593][  0]LogConfig: Setting CVar [[r.Shadow.MaxCSMResolution:2048]]
[2022.01.31-07.59.19:593][  0]LogConfig: Setting CVar [[r.Shadow.RadiusThreshold:0.01]]
[2022.01.31-07.59.19:593][  0]LogConfig: Setting CVar [[r.Shadow.DistanceScale:1.0]]
[2022.01.31-07.59.19:593][  0]LogConfig: Setting CVar [[r.Shadow.CSM.TransitionScale:1.0]]
[2022.01.31-07.59.19:593][  0]LogConfig: Setting CVar [[r.Shadow.PreShadowResolutionFactor:1.0]]
[2022.01.31-07.59.19:593][  0]LogConfig: Setting CVar [[r.DistanceFieldShadowing:1]]
[2022.01.31-07.59.19:593][  0]LogConfig: Setting CVar [[r.DistanceFieldAO:1]]
[2022.01.31-07.59.19:593][  0]LogConfig: Setting CVar [[r.AOQuality:2]]
[2022.01.31-07.59.19:593][  0]LogConfig: Setting CVar [[r.VolumetricFog:1]]
[2022.01.31-07.59.19:593][  0]LogConfig: Setting CVar [[r.VolumetricFog.GridPixelSize:8]]
[2022.01.31-07.59.19:593][  0]LogConfig: Setting CVar [[r.VolumetricFog.GridSizeZ:128]]
[2022.01.31-07.59.19:593][  0]LogConfig: Setting CVar [[r.VolumetricFog.HistoryMissSupersampleCount:4]]
[2022.01.31-07.59.19:593][  0]LogConfig: Setting CVar [[r.LightMaxDrawDistanceScale:1]]
[2022.01.31-07.59.19:593][  0]LogConfig: Setting CVar [[r.CapsuleShadows:1]]
[2022.01.31-07.59.19:593][  0]LogConfig: Applying CVar settings from Section [PostProcessQuality@3] File [F:/Programs/UE4/BuildingEscape/Saved/Config/Windows/Scalability.ini]
[2022.01.31-07.59.19:593][  0]LogConfig: Setting CVar [[r.MotionBlurQuality:4]]
[2022.01.31-07.59.19:593][  0]LogConfig: Setting CVar [[r.AmbientOcclusionMipLevelFactor:0.4]]
[2022.01.31-07.59.19:593][  0]LogConfig: Setting CVar [[r.AmbientOcclusionMaxQuality:100]]
[2022.01.31-07.59.19:593][  0]LogConfig: Setting CVar [[r.AmbientOcclusionLevels:-1]]
[2022.01.31-07.59.19:593][  0]LogConfig: Setting CVar [[r.AmbientOcclusionRadiusScale:1.0]]
[2022.01.31-07.59.19:593][  0]LogConfig: Setting CVar [[r.DepthOfFieldQuality:2]]
[2022.01.31-07.59.19:593][  0]LogConfig: Setting CVar [[r.RenderTargetPoolMin:400]]
[2022.01.31-07.59.19:593][  0]LogConfig: Setting CVar [[r.LensFlareQuality:2]]
[2022.01.31-07.59.19:593][  0]LogConfig: Setting CVar [[r.SceneColorFringeQuality:1]]
[2022.01.31-07.59.19:593][  0]LogConfig: Setting CVar [[r.EyeAdaptationQuality:2]]
[2022.01.31-07.59.19:593][  0]LogConfig: Setting CVar [[r.BloomQuality:5]]
[2022.01.31-07.59.19:593][  0]LogConfig: Setting CVar [[r.FastBlurThreshold:100]]
[2022.01.31-07.59.19:593][  0]LogConfig: Setting CVar [[r.Upscale.Quality:3]]
[2022.01.31-07.59.19:593][  0]LogConfig: Setting CVar [[r.Tonemapper.GrainQuantization:1]]
[2022.01.31-07.59.19:593][  0]LogConfig: Setting CVar [[r.LightShaftQuality:1]]
[2022.01.31-07.59.19:593][  0]LogConfig: Setting CVar [[r.Filter.SizeScale:1]]
[2022.01.31-07.59.19:593][  0]LogConfig: Setting CVar [[r.Tonemapper.Quality:5]]
[2022.01.31-07.59.19:593][  0]LogConfig: Setting CVar [[r.DOF.Gather.AccumulatorQuality:1        ; higher gathering accumulator quality]]
[2022.01.31-07.59.19:593][  0]LogConfig: Setting CVar [[r.DOF.Gather.PostfilterMethod:1          ; Median3x3 postfilering method]]
[2022.01.31-07.59.19:593][  0]LogConfig: Setting CVar [[r.DOF.Gather.EnableBokehSettings:0       ; no bokeh simulation when gathering]]
[2022.01.31-07.59.19:593][  0]LogConfig: Setting CVar [[r.DOF.Gather.RingCount:4                 ; medium number of samples when gathering]]
[2022.01.31-07.59.19:593][  0]LogConfig: Setting CVar [[r.DOF.Scatter.ForegroundCompositing:1    ; additive foreground scattering]]
[2022.01.31-07.59.19:593][  0]LogConfig: Setting CVar [[r.DOF.Scatter.BackgroundCompositing:2    ; additive background scattering]]
[2022.01.31-07.59.19:593][  0]LogConfig: Setting CVar [[r.DOF.Scatter.EnableBokehSettings:1      ; bokeh simulation when scattering]]
[2022.01.31-07.59.19:593][  0]LogConfig: Setting CVar [[r.DOF.Scatter.MaxSpriteRatio:0.1         ; only a maximum of 10% of scattered bokeh]]
[2022.01.31-07.59.19:593][  0]LogConfig: Setting CVar [[r.DOF.Recombine.Quality:1                ; cheap slight out of focus]]
[2022.01.31-07.59.19:593][  0]LogConfig: Setting CVar [[r.DOF.Recombine.EnableBokehSettings:0    ; no bokeh simulation on slight out of focus]]
[2022.01.31-07.59.19:593][  0]LogConfig: Setting CVar [[r.DOF.TemporalAAQuality:1                ; more stable temporal accumulation]]
[2022.01.31-07.59.19:593][  0]LogConfig: Setting CVar [[r.DOF.Kernel.MaxForegroundRadius:0.025]]
[2022.01.31-07.59.19:593][  0]LogConfig: Setting CVar [[r.DOF.Kernel.MaxBackgroundRadius:0.025]]
[2022.01.31-07.59.19:593][  0]LogConfig: Applying CVar settings from Section [TextureQuality@3] File [F:/Programs/UE4/BuildingEscape/Saved/Config/Windows/Scalability.ini]
[2022.01.31-07.59.19:593][  0]LogConfig: Setting CVar [[r.Streaming.MipBias:0]]
[2022.01.31-07.59.19:593][  0]LogConfig: Setting CVar [[r.Streaming.AmortizeCPUToGPUCopy:0]]
[2022.01.31-07.59.19:593][  0]LogConfig: Setting CVar [[r.Streaming.MaxNumTexturesToStreamPerFrame:0]]
[2022.01.31-07.59.19:593][  0]LogConfig: Setting CVar [[r.Streaming.Boost:1]]
[2022.01.31-07.59.19:593][  0]LogConfig: Setting CVar [[r.MaxAnisotropy:8]]
[2022.01.31-07.59.19:593][  0]LogConfig: Setting CVar [[r.VT.MaxAnisotropy:8]]
[2022.01.31-07.59.19:593][  0]LogConfig: Setting CVar [[r.Streaming.LimitPoolSizeToVRAM:0]]
[2022.01.31-07.59.19:593][  0]LogConfig: Setting CVar [[r.Streaming.PoolSize:1000]]
[2022.01.31-07.59.19:593][  0]LogConfig: Setting CVar [[r.Streaming.MaxEffectiveScreenSize:0]]
[2022.01.31-07.59.19:593][  0]LogConfig: Applying CVar settings from Section [EffectsQuality@3] File [F:/Programs/UE4/BuildingEscape/Saved/Config/Windows/Scalability.ini]
[2022.01.31-07.59.19:594][  0]LogConfig: Setting CVar [[r.TranslucencyLightingVolumeDim:64]]
[2022.01.31-07.59.19:594][  0]LogConfig: Setting CVar [[r.RefractionQuality:2]]
[2022.01.31-07.59.19:594][  0]LogConfig: Setting CVar [[r.SSR.Quality:3]]
[2022.01.31-07.59.19:594][  0]LogConfig: Setting CVar [[r.SSR.HalfResSceneColor:0]]
[2022.01.31-07.59.19:594][  0]LogConfig: Setting CVar [[r.SceneColorFormat:4]]
[2022.01.31-07.59.19:594][  0]LogConfig: Setting CVar [[r.DetailMode:2]]
[2022.01.31-07.59.19:594][  0]LogConfig: Setting CVar [[r.TranslucencyVolumeBlur:1]]
[2022.01.31-07.59.19:594][  0]LogConfig: Setting CVar [[r.MaterialQualityLevel:1 ; High quality]]
[2022.01.31-07.59.19:594][  0]LogConfig: Setting CVar [[r.AnisotropicMaterials:1]]
[2022.01.31-07.59.19:594][  0]LogConfig: Setting CVar [[r.SSS.Scale:1]]
[2022.01.31-07.59.19:594][  0]LogConfig: Setting CVar [[r.SSS.SampleSet:2]]
[2022.01.31-07.59.19:594][  0]LogConfig: Setting CVar [[r.SSS.Quality:1]]
[2022.01.31-07.59.19:594][  0]LogConfig: Setting CVar [[r.SSS.HalfRes:0]]
[2022.01.31-07.59.19:594][  0]LogConfig: Setting CVar [[r.SSGI.Quality:3]]
[2022.01.31-07.59.19:594][  0]LogConfig: Setting CVar [[r.EmitterSpawnRateScale:1.0]]
[2022.01.31-07.59.19:594][  0]LogConfig: Setting CVar [[r.ParticleLightQuality:2]]
[2022.01.31-07.59.19:594][  0]LogConfig: Setting CVar [[r.SkyAtmosphere.AerialPerspectiveLUT.FastApplyOnOpaque:1 ; Always have FastSkyLUT 1 in this case to avoid wrong sky]]
[2022.01.31-07.59.19:594][  0]LogConfig: Setting CVar [[r.SkyAtmosphere.AerialPerspectiveLUT.SampleCountMaxPerSlice:4]]
[2022.01.31-07.59.19:594][  0]LogConfig: Setting CVar [[r.SkyAtmosphere.AerialPerspectiveLUT.DepthResolution:16.0]]
[2022.01.31-07.59.19:594][  0]LogConfig: Setting CVar [[r.SkyAtmosphere.FastSkyLUT:1]]
[2022.01.31-07.59.19:594][  0]LogConfig: Setting CVar [[r.SkyAtmosphere.FastSkyLUT.SampleCountMin:4.0]]
[2022.01.31-07.59.19:594][  0]LogConfig: Setting CVar [[r.SkyAtmosphere.FastSkyLUT.SampleCountMax:128.0]]
[2022.01.31-07.59.19:594][  0]LogConfig: Setting CVar [[r.SkyAtmosphere.SampleCountMin:4.0]]
[2022.01.31-07.59.19:594][  0]LogConfig: Setting CVar [[r.SkyAtmosphere.SampleCountMax:128.0]]
[2022.01.31-07.59.19:594][  0]LogConfig: Setting CVar [[r.SkyAtmosphere.TransmittanceLUT.UseSmallFormat:0]]
[2022.01.31-07.59.19:594][  0]LogConfig: Setting CVar [[r.SkyAtmosphere.TransmittanceLUT.SampleCount:10.0]]
[2022.01.31-07.59.19:594][  0]LogConfig: Setting CVar [[r.SkyAtmosphere.MultiScatteringLUT.SampleCount:15.0]]
[2022.01.31-07.59.19:594][  0]LogConfig: Setting CVar [[r.SkyLight.RealTimeReflectionCapture:1]]
[2022.01.31-07.59.19:594][  0]LogConfig: Applying CVar settings from Section [FoliageQuality@3] File [F:/Programs/UE4/BuildingEscape/Saved/Config/Windows/Scalability.ini]
[2022.01.31-07.59.19:594][  0]LogConfig: Setting CVar [[foliage.DensityScale:1.0]]
[2022.01.31-07.59.19:594][  0]LogConfig: Setting CVar [[grass.DensityScale:1.0]]
[2022.01.31-07.59.19:594][  0]LogConfig: Applying CVar settings from Section [ShadingQuality@3] File [F:/Programs/UE4/BuildingEscape/Saved/Config/Windows/Scalability.ini]
[2022.01.31-07.59.19:594][  0]LogConfig: Setting CVar [[r.HairStrands.SkyLighting.IntegrationType:2]]
[2022.01.31-07.59.19:594][  0]LogConfig: Setting CVar [[r.HairStrands.SkyAO.SampleCount:4]]
[2022.01.31-07.59.19:594][  0]LogConfig: Setting CVar [[r.HairStrands.Visibility.MSAA.SamplePerPixel:4]]
[2022.01.31-07.59.19:594][  0]LogInit: Selected Device Profile: [Windows]
[2022.01.31-07.59.19:594][  0]LogInit: Applying CVar settings loaded from the selected device profile: [Windows]
[2022.01.31-07.59.19:594][  0]LogHAL: Display: Platform has ~ 16 GB [17022173184 / 17179869184 / 16], which maps to Larger [LargestMinGB=32, LargerMinGB=12, DefaultMinGB=8, SmallerMinGB=6, SmallestMinGB=0)
[2022.01.31-07.59.19:594][  0]LogInit: Going up to parent DeviceProfile []
[2022.01.31-07.59.19:594][  0]LogConfig: Applying CVar settings from Section [ViewDistanceQuality@3] File [F:/Programs/UE4/BuildingEscape/Saved/Config/Windows/Scalability.ini]
[2022.01.31-07.59.19:594][  0]LogConfig: Setting CVar [[r.SkeletalMeshLODBias:0]]
[2022.01.31-07.59.19:594][  0]LogConfig: Setting CVar [[r.ViewDistanceScale:1.0]]
[2022.01.31-07.59.19:594][  0]LogConfig: Applying CVar settings from Section [AntiAliasingQuality@3] File [F:/Programs/UE4/BuildingEscape/Saved/Config/Windows/Scalability.ini]
[2022.01.31-07.59.19:594][  0]LogConfig: Setting CVar [[r.PostProcessAAQuality:4]]
[2022.01.31-07.59.19:594][  0]LogConfig: Applying CVar settings from Section [ShadowQuality@3] File [F:/Programs/UE4/BuildingEscape/Saved/Config/Windows/Scalability.ini]
[2022.01.31-07.59.19:594][  0]LogConfig: Setting CVar [[r.LightFunctionQuality:1]]
[2022.01.31-07.59.19:594][  0]LogConfig: Setting CVar [[r.ShadowQuality:5]]
[2022.01.31-07.59.19:594][  0]LogConfig: Setting CVar [[r.Shadow.CSM.MaxCascades:10]]
[2022.01.31-07.59.19:594][  0]LogConfig: Setting CVar [[r.Shadow.MaxResolution:2048]]
[2022.01.31-07.59.19:594][  0]LogConfig: Setting CVar [[r.Shadow.MaxCSMResolution:2048]]
[2022.01.31-07.59.19:594][  0]LogConfig: Setting CVar [[r.Shadow.RadiusThreshold:0.01]]
[2022.01.31-07.59.19:594][  0]LogConfig: Setting CVar [[r.Shadow.DistanceScale:1.0]]
[2022.01.31-07.59.19:594][  0]LogConfig: Setting CVar [[r.Shadow.CSM.TransitionScale:1.0]]
[2022.01.31-07.59.19:594][  0]LogConfig: Setting CVar [[r.Shadow.PreShadowResolutionFactor:1.0]]
[2022.01.31-07.59.19:594][  0]LogConfig: Setting CVar [[r.DistanceFieldShadowing:1]]
[2022.01.31-07.59.19:594][  0]LogConfig: Setting CVar [[r.DistanceFieldAO:1]]
[2022.01.31-07.59.19:594][  0]LogConfig: Setting CVar [[r.AOQuality:2]]
[2022.01.31-07.59.19:594][  0]LogConfig: Setting CVar [[r.VolumetricFog:1]]
[2022.01.31-07.59.19:594][  0]LogConfig: Setting CVar [[r.VolumetricFog.GridPixelSize:8]]
[2022.01.31-07.59.19:594][  0]LogConfig: Setting CVar [[r.VolumetricFog.GridSizeZ:128]]
[2022.01.31-07.59.19:594][  0]LogConfig: Setting CVar [[r.VolumetricFog.HistoryMissSupersampleCount:4]]
[2022.01.31-07.59.19:594][  0]LogConfig: Setting CVar [[r.LightMaxDrawDistanceScale:1]]
[2022.01.31-07.59.19:594][  0]LogConfig: Setting CVar [[r.CapsuleShadows:1]]
[2022.01.31-07.59.19:594][  0]LogConfig: Applying CVar settings from Section [PostProcessQuality@3] File [F:/Programs/UE4/BuildingEscape/Saved/Config/Windows/Scalability.ini]
[2022.01.31-07.59.19:594][  0]LogConfig: Setting CVar [[r.MotionBlurQuality:4]]
[2022.01.31-07.59.19:594][  0]LogConfig: Setting CVar [[r.AmbientOcclusionMipLevelFactor:0.4]]
[2022.01.31-07.59.19:594][  0]LogConfig: Setting CVar [[r.AmbientOcclusionMaxQuality:100]]
[2022.01.31-07.59.19:594][  0]LogConfig: Setting CVar [[r.AmbientOcclusionLevels:-1]]
[2022.01.31-07.59.19:594][  0]LogConfig: Setting CVar [[r.AmbientOcclusionRadiusScale:1.0]]
[2022.01.31-07.59.19:594][  0]LogConfig: Setting CVar [[r.DepthOfFieldQuality:2]]
[2022.01.31-07.59.19:594][  0]LogConfig: Setting CVar [[r.RenderTargetPoolMin:400]]
[2022.01.31-07.59.19:594][  0]LogConfig: Setting CVar [[r.LensFlareQuality:2]]
[2022.01.31-07.59.19:595][  0]LogConfig: Setting CVar [[r.SceneColorFringeQuality:1]]
[2022.01.31-07.59.19:595][  0]LogConfig: Setting CVar [[r.EyeAdaptationQuality:2]]
[2022.01.31-07.59.19:595][  0]LogConfig: Setting CVar [[r.BloomQuality:5]]
[2022.01.31-07.59.19:595][  0]LogConfig: Setting CVar [[r.FastBlurThreshold:100]]
[2022.01.31-07.59.19:595][  0]LogConfig: Setting CVar [[r.Upscale.Quality:3]]
[2022.01.31-07.59.19:595][  0]LogConfig: Setting CVar [[r.Tonemapper.GrainQuantization:1]]
[2022.01.31-07.59.19:595][  0]LogConfig: Setting CVar [[r.LightShaftQuality:1]]
[2022.01.31-07.59.19:595][  0]LogConfig: Setting CVar [[r.Filter.SizeScale:1]]
[2022.01.31-07.59.19:595][  0]LogConfig: Setting CVar [[r.Tonemapper.Quality:5]]
[2022.01.31-07.59.19:595][  0]LogConfig: Setting CVar [[r.DOF.Gather.AccumulatorQuality:1        ; higher gathering accumulator quality]]
[2022.01.31-07.59.19:595][  0]LogConfig: Setting CVar [[r.DOF.Gather.PostfilterMethod:1          ; Median3x3 postfilering method]]
[2022.01.31-07.59.19:595][  0]LogConfig: Setting CVar [[r.DOF.Gather.EnableBokehSettings:0       ; no bokeh simulation when gathering]]
[2022.01.31-07.59.19:595][  0]LogConfig: Setting CVar [[r.DOF.Gather.RingCount:4                 ; medium number of samples when gathering]]
[2022.01.31-07.59.19:595][  0]LogConfig: Setting CVar [[r.DOF.Scatter.ForegroundCompositing:1    ; additive foreground scattering]]
[2022.01.31-07.59.19:595][  0]LogConfig: Setting CVar [[r.DOF.Scatter.BackgroundCompositing:2    ; additive background scattering]]
[2022.01.31-07.59.19:595][  0]LogConfig: Setting CVar [[r.DOF.Scatter.EnableBokehSettings:1      ; bokeh simulation when scattering]]
[2022.01.31-07.59.19:595][  0]LogConfig: Setting CVar [[r.DOF.Scatter.MaxSpriteRatio:0.1         ; only a maximum of 10% of scattered bokeh]]
[2022.01.31-07.59.19:595][  0]LogConfig: Setting CVar [[r.DOF.Recombine.Quality:1                ; cheap slight out of focus]]
[2022.01.31-07.59.19:595][  0]LogConfig: Setting CVar [[r.DOF.Recombine.EnableBokehSettings:0    ; no bokeh simulation on slight out of focus]]
[2022.01.31-07.59.19:595][  0]LogConfig: Setting CVar [[r.DOF.TemporalAAQuality:1                ; more stable temporal accumulation]]
[2022.01.31-07.59.19:595][  0]LogConfig: Setting CVar [[r.DOF.Kernel.MaxForegroundRadius:0.025]]
[2022.01.31-07.59.19:595][  0]LogConfig: Setting CVar [[r.DOF.Kernel.MaxBackgroundRadius:0.025]]
[2022.01.31-07.59.19:595][  0]LogConfig: Applying CVar settings from Section [TextureQuality@3] File [F:/Programs/UE4/BuildingEscape/Saved/Config/Windows/Scalability.ini]
[2022.01.31-07.59.19:595][  0]LogConfig: Setting CVar [[r.Streaming.MipBias:0]]
[2022.01.31-07.59.19:595][  0]LogConfig: Setting CVar [[r.Streaming.AmortizeCPUToGPUCopy:0]]
[2022.01.31-07.59.19:595][  0]LogConfig: Setting CVar [[r.Streaming.MaxNumTexturesToStreamPerFrame:0]]
[2022.01.31-07.59.19:595][  0]LogConfig: Setting CVar [[r.Streaming.Boost:1]]
[2022.01.31-07.59.19:595][  0]LogConfig: Setting CVar [[r.MaxAnisotropy:8]]
[2022.01.31-07.59.19:595][  0]LogConfig: Setting CVar [[r.VT.MaxAnisotropy:8]]
[2022.01.31-07.59.19:595][  0]LogConfig: Setting CVar [[r.Streaming.LimitPoolSizeToVRAM:0]]
[2022.01.31-07.59.19:595][  0]LogConfig: Setting CVar [[r.Streaming.PoolSize:1000]]
[2022.01.31-07.59.19:595][  0]LogConfig: Setting CVar [[r.Streaming.MaxEffectiveScreenSize:0]]
[2022.01.31-07.59.19:595][  0]LogConfig: Applying CVar settings from Section [EffectsQuality@3] File [F:/Programs/UE4/BuildingEscape/Saved/Config/Windows/Scalability.ini]
[2022.01.31-07.59.19:595][  0]LogConfig: Setting CVar [[r.TranslucencyLightingVolumeDim:64]]
[2022.01.31-07.59.19:595][  0]LogConfig: Setting CVar [[r.RefractionQuality:2]]
[2022.01.31-07.59.19:595][  0]LogConfig: Setting CVar [[r.SSR.Quality:3]]
[2022.01.31-07.59.19:595][  0]LogConfig: Setting CVar [[r.SSR.HalfResSceneColor:0]]
[2022.01.31-07.59.19:595][  0]LogConfig: Setting CVar [[r.SceneColorFormat:4]]
[2022.01.31-07.59.19:595][  0]LogConfig: Setting CVar [[r.DetailMode:2]]
[2022.01.31-07.59.19:595][  0]LogConfig: Setting CVar [[r.TranslucencyVolumeBlur:1]]
[2022.01.31-07.59.19:595][  0]LogConfig: Setting CVar [[r.MaterialQualityLevel:1 ; High quality]]
[2022.01.31-07.59.19:595][  0]LogConfig: Setting CVar [[r.AnisotropicMaterials:1]]
[2022.01.31-07.59.19:595][  0]LogConfig: Setting CVar [[r.SSS.Scale:1]]
[2022.01.31-07.59.19:595][  0]LogConfig: Setting CVar [[r.SSS.SampleSet:2]]
[2022.01.31-07.59.19:595][  0]LogConfig: Setting CVar [[r.SSS.Quality:1]]
[2022.01.31-07.59.19:595][  0]LogConfig: Setting CVar [[r.SSS.HalfRes:0]]
[2022.01.31-07.59.19:595][  0]LogConfig: Setting CVar [[r.SSGI.Quality:3]]
[2022.01.31-07.59.19:595][  0]LogConfig: Setting CVar [[r.EmitterSpawnRateScale:1.0]]
[2022.01.31-07.59.19:595][  0]LogConfig: Setting CVar [[r.ParticleLightQuality:2]]
[2022.01.31-07.59.19:595][  0]LogConfig: Setting CVar [[r.SkyAtmosphere.AerialPerspectiveLUT.FastApplyOnOpaque:1 ; Always have FastSkyLUT 1 in this case to avoid wrong sky]]
[2022.01.31-07.59.19:595][  0]LogConfig: Setting CVar [[r.SkyAtmosphere.AerialPerspectiveLUT.SampleCountMaxPerSlice:4]]
[2022.01.31-07.59.19:595][  0]LogConfig: Setting CVar [[r.SkyAtmosphere.AerialPerspectiveLUT.DepthResolution:16.0]]
[2022.01.31-07.59.19:595][  0]LogConfig: Setting CVar [[r.SkyAtmosphere.FastSkyLUT:1]]
[2022.01.31-07.59.19:595][  0]LogConfig: Setting CVar [[r.SkyAtmosphere.FastSkyLUT.SampleCountMin:4.0]]
[2022.01.31-07.59.19:595][  0]LogConfig: Setting CVar [[r.SkyAtmosphere.FastSkyLUT.SampleCountMax:128.0]]
[2022.01.31-07.59.19:595][  0]LogConfig: Setting CVar [[r.SkyAtmosphere.SampleCountMin:4.0]]
[2022.01.31-07.59.19:595][  0]LogConfig: Setting CVar [[r.SkyAtmosphere.SampleCountMax:128.0]]
[2022.01.31-07.59.19:595][  0]LogConfig: Setting CVar [[r.SkyAtmosphere.TransmittanceLUT.UseSmallFormat:0]]
[2022.01.31-07.59.19:595][  0]LogConfig: Setting CVar [[r.SkyAtmosphere.TransmittanceLUT.SampleCount:10.0]]
[2022.01.31-07.59.19:595][  0]LogConfig: Setting CVar [[r.SkyAtmosphere.MultiScatteringLUT.SampleCount:15.0]]
[2022.01.31-07.59.19:595][  0]LogConfig: Setting CVar [[r.SkyLight.RealTimeReflectionCapture:1]]
[2022.01.31-07.59.19:595][  0]LogConfig: Applying CVar settings from Section [FoliageQuality@3] File [F:/Programs/UE4/BuildingEscape/Saved/Config/Windows/Scalability.ini]
[2022.01.31-07.59.19:595][  0]LogConfig: Setting CVar [[foliage.DensityScale:1.0]]
[2022.01.31-07.59.19:595][  0]LogConfig: Setting CVar [[grass.DensityScale:1.0]]
[2022.01.31-07.59.19:595][  0]LogConfig: Applying CVar settings from Section [ShadingQuality@3] File [F:/Programs/UE4/BuildingEscape/Saved/Config/Windows/Scalability.ini]
[2022.01.31-07.59.19:595][  0]LogConfig: Setting CVar [[r.HairStrands.SkyLighting.IntegrationType:2]]
[2022.01.31-07.59.19:595][  0]LogConfig: Setting CVar [[r.HairStrands.SkyAO.SampleCount:4]]
[2022.01.31-07.59.19:595][  0]LogConfig: Setting CVar [[r.HairStrands.Visibility.MSAA.SamplePerPixel:4]]
[2022.01.31-07.59.19:595][  0]LogConfig: Applying CVar settings from Section [Startup] File [../../../Engine/Config/ConsoleVariables.ini]
[2022.01.31-07.59.19:596][  0]LogConfig: Setting CVar [[net.UseAdaptiveNetUpdateFrequency:0]]
[2022.01.31-07.59.19:596][  0]LogConfig: Setting CVar [[p.chaos.AllowCreatePhysxBodies:1]]
[2022.01.31-07.59.19:596][  0]LogConfig: Setting CVar [[fx.SkipVectorVMBackendOptimizations:1]]
[2022.01.31-07.59.19:596][  0]LogConfig: Applying CVar settings from Section [ConsoleVariables] File [F:/Programs/UE4/BuildingEscape/Saved/Config/Windows/Engine.ini]
[2022.01.31-07.59.19:596][  0]LogConfig: Applying CVar settings from Section [ConsoleVariables] File [F:/Programs/UE4/BuildingEscape/Saved/Config/Windows/Editor.ini]
[2022.01.31-07.59.19:596][  0]LogInit: Computer: LAPTOP-QJB24JD4
[2022.01.31-07.59.19:596][  0]LogInit: User: VarunKGupta
[2022.01.31-07.59.19:596][  0]LogInit: CPU Page size=4096, Cores=6
[2022.01.31-07.59.19:596][  0]LogInit: High frequency timer resolution =10.000000 MHz
[2022.01.31-07.59.19:596][  0]LogMemory: Memory total: Physical=15.9GB (16GB approx)
[2022.01.31-07.59.19:596][  0]LogMemory: Platform Memory Stats for Windows
[2022.01.31-07.59.19:596][  0]LogMemory: Process Physical Memory: 150.77 MB used, 150.77 MB peak
[2022.01.31-07.59.19:596][  0]LogMemory: Process Virtual Memory: 116.40 MB used, 116.40 MB peak
[2022.01.31-07.59.19:596][  0]LogMemory: Physical Memory: 10070.30 MB used,  6163.31 MB free, 16233.61 MB total
[2022.01.31-07.59.19:596][  0]LogMemory: Virtual Memory: 134201528.00 MB used,  16197.14 MB free, 134217728.00 MB total
[2022.01.31-07.59.19:653][  0]LogWindows: WindowsPlatformFeatures enabled
[2022.01.31-07.59.19:728][  0]LogInit: Physics initialised using underlying interface: PhysX
[2022.01.31-07.59.19:728][  0]LogInit: Using OS detected language (en-US).
[2022.01.31-07.59.19:728][  0]LogInit: Overriding language with editor locale configuration option (en).
[2022.01.31-07.59.19:732][  0]LogTextLocalizationManager: No specific localization for 'en-US' exists, so the 'en' localization will be used.
[2022.01.31-07.59.20:005][  0]LogInit: Setting process to per monitor DPI aware
[2022.01.31-07.59.20:022][  0]LogWindowsTextInputMethodSystem: Display: IME system deactivated.
[2022.01.31-07.59.20:039][  0]LogSlate: New Slate User Created.  User Index 0, Is Virtual User: 0
[2022.01.31-07.59.20:039][  0]LogSlate: Slate User Registered.  User Index 0, Is Virtual User: 0
[2022.01.31-07.59.20:332][  0]LogD3D11RHI: Loaded GFSDK_Aftermath_Lib.x64.dll
[2022.01.31-07.59.20:462][  0]LogHMD: Failed to initialize OpenVR with code 100
[2022.01.31-07.59.20:462][  0]LogD3D11RHI: D3D11 min allowed feature level: 11_0
[2022.01.31-07.59.20:462][  0]LogD3D11RHI: D3D11 max allowed feature level: 11_0
[2022.01.31-07.59.20:462][  0]LogD3D11RHI: D3D11 adapters:
[2022.01.31-07.59.20:598][  0]LogD3D11RHI:    0. 'NVIDIA GeForce RTX 2070' (Feature Level 11_0)
[2022.01.31-07.59.20:598][  0]LogD3D11RHI:       8031/0/8116 MB DedicatedVideo/DedicatedSystem/SharedSystem, Outputs:2, VendorId:0x10de
[2022.01.31-07.59.20:637][  0]LogD3D11RHI:    1. 'Intel(R) UHD Graphics 630' (Feature Level 11_0)
[2022.01.31-07.59.20:637][  0]LogD3D11RHI:       128/0/8116 MB DedicatedVideo/DedicatedSystem/SharedSystem, Outputs:0, VendorId:0x8086
[2022.01.31-07.59.20:642][  0]LogD3D11RHI:    2. 'Microsoft Basic Render Driver' (Feature Level 11_0)
[2022.01.31-07.59.20:642][  0]LogD3D11RHI:       0/0/8116 MB DedicatedVideo/DedicatedSystem/SharedSystem, Outputs:0, VendorId:0x1414
[2022.01.31-07.59.20:642][  0]LogD3D11RHI: Chosen D3D11 Adapter:
[2022.01.31-07.59.20:642][  0]LogD3D11RHI:     Description : NVIDIA GeForce RTX 2070
[2022.01.31-07.59.20:642][  0]LogD3D11RHI:     VendorId    : 10de
[2022.01.31-07.59.20:642][  0]LogD3D11RHI:     DeviceId    : 1f10
[2022.01.31-07.59.20:642][  0]LogD3D11RHI:     SubSysId    : 18711043
[2022.01.31-07.59.20:642][  0]LogD3D11RHI:     Revision    : 00a1
[2022.01.31-07.59.20:642][  0]LogD3D11RHI:     DedicatedVideoMemory : 8421113856 bytes
[2022.01.31-07.59.20:642][  0]LogD3D11RHI:     DedicatedSystemMemory : 0 bytes
[2022.01.31-07.59.20:642][  0]LogD3D11RHI:     SharedSystemMemory : 8511086592 bytes
[2022.01.31-07.59.20:642][  0]LogD3D11RHI:     AdapterLuid : 0 76038
[2022.01.31-07.59.20:652][  0]LogD3D11RHI: Creating new Direct3DDevice
[2022.01.31-07.59.20:653][  0]LogD3D11RHI:     GPU DeviceId: 0x1f10 (for the marketing name, search the web for "GPU Device Id")
[2022.01.31-07.59.20:653][  0]LogWindows: EnumDisplayDevices:
[2022.01.31-07.59.20:653][  0]LogWindows:    0. 'Intel(R) UHD Graphics 630' (P:1 D:1)
[2022.01.31-07.59.20:653][  0]LogWindows:    1. 'Intel(R) UHD Graphics 630' (P:0 D:0)
[2022.01.31-07.59.20:654][  0]LogWindows:    2. 'Intel(R) UHD Graphics 630' (P:0 D:0)
[2022.01.31-07.59.20:654][  0]LogWindows:    3. 'NVIDIA GeForce RTX 2070' (P:0 D:1)
[2022.01.31-07.59.20:655][  0]LogWindows:    4. 'NVIDIA GeForce RTX 2070' (P:0 D:0)
[2022.01.31-07.59.20:655][  0]LogWindows:    5. 'NVIDIA GeForce RTX 2070' (P:0 D:0)
[2022.01.31-07.59.20:656][  0]LogWindows:    6. 'NVIDIA GeForce RTX 2070' (P:0 D:0)
[2022.01.31-07.59.20:656][  0]LogWindows: DebugString: PrimaryIsNotTheChoosenAdapter PrimaryIsNotTheChoosenAdapter PrimaryIsNotTheChoosenAdapter FoundDriverCount:4 
[2022.01.31-07.59.20:656][  0]LogD3D11RHI:     Adapter Name: NVIDIA GeForce RTX 2070
[2022.01.31-07.59.20:656][  0]LogD3D11RHI:   Driver Version: 511.23 (internal:30.0.15.1123, unified:511.23)
[2022.01.31-07.59.20:656][  0]LogD3D11RHI:      Driver Date: 1-10-2022
[2022.01.31-07.59.20:656][  0]LogRHI: Texture pool is 5621 MB (70% of 8031 MB)
[2022.01.31-07.59.20:656][  0]LogD3D11RHI: Creating D3DDevice using adapter:
[2022.01.31-07.59.20:656][  0]LogD3D11RHI:     Description : NVIDIA GeForce RTX 2070
[2022.01.31-07.59.20:656][  0]LogD3D11RHI:     VendorId    : 10de
[2022.01.31-07.59.20:656][  0]LogD3D11RHI:     DeviceId    : 1f10
[2022.01.31-07.59.20:656][  0]LogD3D11RHI:     SubSysId    : 18711043
[2022.01.31-07.59.20:656][  0]LogD3D11RHI:     Revision    : 00a1
[2022.01.31-07.59.20:656][  0]LogD3D11RHI:     DedicatedVideoMemory : 8421113856 bytes
[2022.01.31-07.59.20:656][  0]LogD3D11RHI:     DedicatedSystemMemory : 0 bytes
[2022.01.31-07.59.20:656][  0]LogD3D11RHI:     SharedSystemMemory : 8511086592 bytes
[2022.01.31-07.59.20:656][  0]LogD3D11RHI:     AdapterLuid : 0 76038
[2022.01.31-07.59.20:746][  0]LogD3D11RHI: RHI has support for 64 bit atomics
[2022.01.31-07.59.20:746][  0]LogD3D11RHI: Async texture creation enabled
[2022.01.31-07.59.20:746][  0]LogD3D11RHI: Array index from any shader is supported
[2022.01.31-07.59.20:777][  0]LogD3D11RHI: GPU Timing Frequency: 1000.000000 (Debug: 2 1)
[2022.01.31-07.59.20:848][  0]LogRHI: GeForceNow SDK initialized: 1
[2022.01.31-07.59.21:347][  0]LogTargetPlatformManager: Display: Loaded TargetPlatform 'AllDesktop'
[2022.01.31-07.59.21:373][  0]LogTargetPlatformManager: Display: Loaded TargetPlatform 'Android'
[2022.01.31-07.59.21:373][  0]LogTargetPlatformManager: Display: Loaded TargetPlatform 'Android_ASTC'
[2022.01.31-07.59.21:373][  0]LogTargetPlatformManager: Display: Loaded TargetPlatform 'Android_DXT'
[2022.01.31-07.59.21:373][  0]LogTargetPlatformManager: Display: Loaded TargetPlatform 'Android_ETC2'
[2022.01.31-07.59.21:373][  0]LogTargetPlatformManager: Display: Loaded TargetPlatform 'AndroidClient'
[2022.01.31-07.59.21:373][  0]LogTargetPlatformManager: Display: Loaded TargetPlatform 'Android_ASTCClient'
[2022.01.31-07.59.21:373][  0]LogTargetPlatformManager: Display: Loaded TargetPlatform 'Android_DXTClient'
[2022.01.31-07.59.21:373][  0]LogTargetPlatformManager: Display: Loaded TargetPlatform 'Android_ETC2Client'
[2022.01.31-07.59.21:373][  0]LogTargetPlatformManager: Display: Loaded TargetPlatform 'Android_Multi'
[2022.01.31-07.59.21:373][  0]LogTargetPlatformManager: Display: Loaded TargetPlatform 'Android_MultiClient'
[2022.01.31-07.59.21:399][  0]LogTargetPlatformManager: Display: Loaded TargetPlatform 'IOSClient'
[2022.01.31-07.59.21:399][  0]LogTargetPlatformManager: Display: Loaded TargetPlatform 'IOS'
[2022.01.31-07.59.21:411][  0]LogTargetPlatformManager: Display: Loaded TargetPlatform 'Linux'
[2022.01.31-07.59.21:419][  0]LogTargetPlatformManager: Display: Loaded TargetPlatform 'LinuxNoEditor'
[2022.01.31-07.59.21:426][  0]LogTargetPlatformManager: Display: Loaded TargetPlatform 'LinuxClient'
[2022.01.31-07.59.21:434][  0]LogTargetPlatformManager: Display: Loaded TargetPlatform 'LinuxServer'
[2022.01.31-07.59.21:447][  0]LogTargetPlatformManager: Display: Loaded TargetPlatform 'LinuxAArch64NoEditor'
[2022.01.31-07.59.21:454][  0]LogTargetPlatformManager: Display: Loaded TargetPlatform 'LinuxAArch64Client'
[2022.01.31-07.59.21:460][  0]LogTargetPlatformManager: Display: Loaded TargetPlatform 'LinuxAArch64Server'
[2022.01.31-07.59.21:493][  0]LogTargetPlatformManager: Display: Loaded TargetPlatform 'Lumin'
[2022.01.31-07.59.21:493][  0]LogTargetPlatformManager: Display: Loaded TargetPlatform 'LuminClient'
[2022.01.31-07.59.21:511][  0]LogTargetPlatformManager: Display: Loaded TargetPlatform 'MacNoEditor'
[2022.01.31-07.59.21:519][  0]LogTargetPlatformManager: Display: Loaded TargetPlatform 'Mac'
[2022.01.31-07.59.21:527][  0]LogTargetPlatformManager: Display: Loaded TargetPlatform 'MacClient'
[2022.01.31-07.59.21:537][  0]LogTargetPlatformManager: Display: Loaded TargetPlatform 'MacServer'
[2022.01.31-07.59.21:551][  0]LogTargetPlatformManager: Display: Loaded TargetPlatform 'TVOSClient'
[2022.01.31-07.59.21:551][  0]LogTargetPlatformManager: Display: Loaded TargetPlatform 'TVOS'
[2022.01.31-07.59.21:564][  0]LogTargetPlatformManager: Display: Loaded TargetPlatform 'WindowsNoEditor'
[2022.01.31-07.59.21:572][  0]LogTargetPlatformManager: Display: Loaded TargetPlatform 'Windows'
[2022.01.31-07.59.21:582][  0]LogTargetPlatformManager: Display: Loaded TargetPlatform 'WindowsClient'
[2022.01.31-07.59.21:592][  0]LogTargetPlatformManager: Display: Loaded TargetPlatform 'WindowsServer'
[2022.01.31-07.59.21:592][  0]LogTargetPlatformManager: Display: Building Assets For Windows
[2022.01.31-07.59.21:608][  0]LogAudioDebug: Display: Lib vorbis DLL was dynamically loaded.
[2022.01.31-07.59.21:661][  0]LogTextureFormatOodle: Display: Oodle Texture 2.9.0 init RDO Off
[2022.01.31-07.59.21:722][  0]LogRendererCore: Ray tracing is disabled. Reason: r.RayTracing=0.
[2022.01.31-07.59.21:722][  0]LogShaderCompilers: Guid format shader working directory is 15 characters bigger than the processId version (F:/Programs/UE4/BuildingEscape/Intermediate/Shaders/WorkingDirectory/15964/).
[2022.01.31-07.59.21:722][  0]LogShaderCompilers: Cleaned the shader compiler working directory 'C:/Users/varun/AppData/Local/Temp/UnrealShaderWorkingDir/69B660CA40A4CFD2234B369CE40AD587/'.
[2022.01.31-07.59.21:722][  0]LogXGEController: Cannot use XGE Controller as Incredibuild is not installed on this machine.
[2022.01.31-07.59.21:722][  0]LogShaderCompilers: Cannot use XGE Shader Compiler as Incredibuild is not installed on this machine.
[2022.01.31-07.59.21:722][  0]LogShaderCompilers: Display: Using Local Shader Compiler.
[2022.01.31-07.59.22:609][  0]LogDerivedDataCache: Display: Max Cache Size: 512 MB
[2022.01.31-07.59.22:686][  0]LogDerivedDataCache: Loaded boot cache 0.08s 96MB C:/Users/varun/AppData/Local/UnrealEngine/4.27/DerivedDataCache/Boot.ddc.
[2022.01.31-07.59.22:686][  0]LogDerivedDataCache: Display: Loaded Boot cache: C:/Users/varun/AppData/Local/UnrealEngine/4.27/DerivedDataCache/Boot.ddc
[2022.01.31-07.59.22:687][  0]LogDerivedDataCache: FDerivedDataBackendGraph:  Pak pak cache file F:/Programs/UE4/BuildingEscape/DerivedDataCache/DDC.ddp not found, will not use a pak cache.
[2022.01.31-07.59.22:687][  0]LogDerivedDataCache: Unable to find inner node Pak for hierarchical cache Hierarchy.
[2022.01.31-07.59.22:687][  0]LogDerivedDataCache: FDerivedDataBackendGraph:  CompressedPak pak cache file F:/Programs/UE4/BuildingEscape/DerivedDataCache/Compressed.ddp not found, will not use a pak cache.
[2022.01.31-07.59.22:687][  0]LogDerivedDataCache: Unable to find inner node CompressedPak for hierarchical cache Hierarchy.
[2022.01.31-07.59.22:704][  0]LogDerivedDataCache: Display: Pak cache opened for reading ../../../Engine/DerivedDataCache/Compressed.ddp.
[2022.01.31-07.59.22:704][  0]LogDerivedDataCache: FDerivedDataBackendGraph:  EnterprisePak pak cache file ../../../Enterprise/DerivedDataCache/Compressed.ddp not found, will not use a pak cache.
[2022.01.31-07.59.22:704][  0]LogDerivedDataCache: Unable to find inner node EnterprisePak for hierarchical cache Hierarchy.
[2022.01.31-07.59.22:717][  0]LogDerivedDataCache: Speed tests for C:/Users/varun/AppData/Local/UnrealEngine/Common/DerivedDataCache took 0.01 seconds
[2022.01.31-07.59.22:717][  0]LogDerivedDataCache: Display: Performance to C:/Users/varun/AppData/Local/UnrealEngine/Common/DerivedDataCache: Latency=0.04ms. RandomReadSpeed=839.90MBs, RandomWriteSpeed=83.00MBs. Assigned SpeedClass 'Local'
[2022.01.31-07.59.22:718][  0]LogDerivedDataCache: Using Local data cache path C:/Users/varun/AppData/Local/UnrealEngine/Common/DerivedDataCache: Writable
[2022.01.31-07.59.22:718][  0]LogDerivedDataCache: Shared data cache path not found in *engine.ini, will not use an Shared cache.
[2022.01.31-07.59.22:718][  0]LogDerivedDataCache: Unable to find inner node Shared for hierarchical cache Hierarchy.
[2022.01.31-07.59.22:773][  0]LogSlate: Using FreeType 2.10.0
[2022.01.31-07.59.22:773][  0]LogSlate: SlateFontServices - WITH_FREETYPE: 1, WITH_HARFBUZZ: 1
[2022.01.31-07.59.22:816][  0]LogAssetRegistry: FAssetRegistry took 0.0039 seconds to start up
[2022.01.31-07.59.23:115][  0]LogInit: Selected Device Profile: [Windows]
[2022.01.31-07.59.23:115][  0]LogInit: Active device profile: [00000209F2C4BE00][00000209F27A5040 49] Windows
[2022.01.31-07.59.23:115][  0]LogInit: Profiles: [00000209F2C4BE00][00000209F27A5040 49] Windows, [00000209F2C5BE00][00000209F27AD1C0 49] WindowsNoEditor, [00000209F2C48300][00000209F3A67340 49] WindowsServer, [00000209F2C59A00][00000209F3A6B4C0 49] WindowsClient, [00000209F2C4A600][00000209F3A6F640 49] IOS, [00000209F2C5BB00][00000209F3AA37C0 49] iPadAir, [00000209F2C48600][00000209F3ADB940 49] iPadAir2, [00000209F3F54E00][00000209F3B4BC00 49] IPadPro, [00000209F3F54F00][00000209F3ADE0C0 49] iPadAir3, [00000209F2C4B900][00000209F3B4E240 49] iPadAir4, [00000209F3F54700][00000209F3B7A3C0 49] iPadMini2, [00000209F2C48700][00000209F3B86540 49] iPadMini3, [00000209F3F55600][00000209F27A8680 49] iPadMini4, [00000209F2C4B600][00000209F3B8A7C0 49] iPadMini5, [00000209F2C59200][00000209F3B96A40 49] iPhone6, [00000209F2C59300][00000209F3B8EA80 49] iPodTouch6, [00000209F3F57B00][00000209F3B9ED40 49] iPhone7, [00000209F3F57700][00000209F3B9AD80 49] iPodTouch7, [00000209F2C58F00][00000209F3BA2F00 49] iPhone5S, [00000209F3F54900][00000209F3BA7080 49] iPhone6Plus, [00000209F2C58400][00000209F3BAB200 49] iPhone6S, [00000209F3F54500][00000209F3BAF380 49] iPhone6SPlus, [00000209F2C5BF00][00000209F3BB3500 49] iPhone7Plus, [00000209F3F55000][00000209F3BB7680 49] iPhoneSE, [00000209F2C59C00][00000209F3BBB800 49] iPhone8, [00000209F3F56E00][00000209F4BD1980 49] iPhone8Plus, [00000209F2C5B000][00000209F4BD5B00 49] iPhoneX, [00000209F3F55C00][00000209F4BD8100 49] iPhoneXS, [00000209F2C59F00][00000209F4BDC280 49] iPhoneXSMax, [00000209F3F54B00][00000209F4BE0400 49] iPhoneXR, [00000209F2C5AB00][00000209F4BE4580 49] iPhone11, [00000209F3F55E00][00000209F4BE8700 49] iPhone11Pro, [00000209F2C5A400][00000209F3B92840 49] iPhone11ProMax, [00000209F3F57500][00000209F4BEC980 49] iPhoneSE2, [00000209F2C58C00][00000209F4BF0AC0 49] iPhone12Mini, [00000209F3F55B00][00000209F4BF8C40 49] iPhone12, [00000209F2C59800][00000209F4BFCDC0 49] iPhone12Pro, [00000209F3F54400][00000209F4C00F40 49] iPhone12ProMax, [00000209F2C5B100][00000209F4C050C0 49] iPadPro105, [00000209F3F57200][00000209F4C09240 49] iPadPro129, [00000209F2C5AC00][00000209F4C0D3C0 49] iPadPro97, [00000209F3F56F00][00000209F4C11540 49] iPadPro2_129, [00000209F2C5B200][00000209F4C156C0 49] iPad5, [00000209F3F55800][00000209F4C19840 49] iPad6, [00000209F2C58900][00000209F4C1D9C0 49] iPad7, [00000209F3F56800][00000209F4C21B40 49] iPad8, [00000209F2C58100][00000209F4C24140 49] iPadPro11, [00000209F3F55300][00000209F4C282C0 49] iPadPro2_11, [00000209F2C5B800][00000209F4C2C440 49] iPadPro3_129, [00000209F3F57000][00000209F4C305C0 49] iPadPro4_129, [00000209F2C5BA00][00000209F4C34740 49] AppleTV, [00000209F3F57C00][00000209F4C388C0 49] AppleTV4K, [00000209F2C58600][00000209F4BF4A00 49] TVOS, [00000209F3F54100][00000209F4C3CB40 49] Mac, [00000209F2C5A100][00000209F4C40C80 49] MacClient, [00000209F3F54D00][00000209F4C44DC0 49] MacNoEditor, [00000209F2C58B00][00000209F4C4CF40 49] MacServer, [00000209F3F57F00][00000209F4C510C0 49] Linux, [00000209F2C5A500][00000209F4C55240 49] LinuxAArch64, [00000209F3F56900][00000209F4C593C0 49] LinuxNoEditor, [00000209F2C59B00][00000209F4C5D540 49] LinuxAArch64NoEditor, [00000209F3F56100][00000209F4C616C0 49] LinuxClient, [00000209F2C5B600][00000209F4C65840 49] LinuxAArch64Client, [00000209F3F56B00][00000209F4C699C0 49] LinuxServer, [00000209F2C5BC00][00000209F4C6DB40 49] LinuxAArch64Server, [00000209F3F55D00][00000209F4C70140 49] Android, [00000209F2C58300][00000209F4C742C0 49] Android_Low, [00000209F3F57100][00000209F4C78440 49] Android_Mid, [00000209F2C5B900][00000209F4C7C5C0 49] Android_High, [00000209F2C48B00][00000209F4C80740 49] Android_Default, [00000209F2D10800][00000209F4C848C0 49] Android_Adreno4xx, [00000209F2C48F00][00000209F4C88A40 49] Android_Adreno5xx_Low, [00000209F2D12A00][00000209F4C48B80 49] Android_Adreno5xx, [00000209F2C4B200][00000209F4C8CCC0 49] Android_Adreno6xx, [00000209F2D11200][00000209F4C90E00 49] Android_Adreno6xx_Vulkan, [00000209F2C4BC00][00000209F4C94F40 49] Android_Mali_T6xx, [00000209F2D12700][00000209F4C9D0C0 49] Android_Mali_T7xx, [00000209F2C49B00][00000209F4CA1240 49] Android_Mali_T8xx, [00000209F2D10D00][00000209F4CA53C0 49] Android_Mali_G71, [00000209F2C4B700][00000209F4CA9540 49] Android_Mali_G72, [00000209F2D12400][00000209F4CAD6C0 49] Android_Mali_G72_Vulkan, [00000209F2C49200][00000209F4CB1840 49] Android_Mali_G76, [00000209F2D10A00][00000209F4CB59C0 49] Android_Mali_G76_Vulkan, [00000209F2C48A00][00000209F4CB9B40 49] Android_Mali_G77, [00000209F2D10400][00000209F4CBC140 49] Android_Mali_G77_Vulkan, [00000209F2C4A400][00000209F4CC02C0 49] Android_Mali_G78, [00000209F2D11400][00000209F4CC4440 49] Android_Mali_G78_Vulkan, [00000209F2C49400][00000209F4CC85C0 49] Android_Mali_G710, [00000209F2D10300][00000209F4CCC740 49] Android_Mali_G710_Vulkan, [00000209F2C48D00][00000209F4CD08C0 49] Android_Vulkan_SM5, [00000209F2D10C00][00000209F4CD4A40 49] Android_PowerVR_G6xxx, [00000209F2C5BD00][00000209F4CD8BC0 49] Android_PowerVR_GT7xxx, [00000209F2D10700][00000209F4CDCD40 49] Android_PowerVR_GE8xxx, [00000209F2C5A300][00000209F4C98E80 49] Android_PowerVR_GM9xxx, [00000209F2D12D00][00000209F4CE0FC0 49] Android_PowerVR_GM9xxx_Vulkan, [00000209F2C58700][00000209F4CE5100 49] Android_TegraK1, [00000209F2D10500][00000209F4CED280 49] Android_Unknown_Vulkan, [00000209F2C59600][00000209F4CF1400 49] Lumin, [00000209F2D11700][00000209F4CF5580 49] Lumin_Desktop, [00000209F2C5B700][00000209F4CF9700 49] HoloLens, 
[2022.01.31-07.59.23:264][  0]LogMeshReduction: Using QuadricMeshReduction for automatic static mesh reduction
[2022.01.31-07.59.23:264][  0]LogMeshReduction: Using SimplygonMeshReduction for automatic skeletal mesh reduction
[2022.01.31-07.59.23:264][  0]LogMeshReduction: Using ProxyLODMeshReduction for automatic mesh merging
[2022.01.31-07.59.23:264][  0]LogMeshReduction: No distributed automatic mesh merging module available
[2022.01.31-07.59.23:264][  0]LogMeshMerging: No distributed automatic mesh merging module available
[2022.01.31-07.59.23:287][  0]LogNetVersion: BuildingEscape 1.0.0, NetCL: 17155196, EngineNetVer: 17, GameNetVer: 0 (Checksum: 4056458892)
[2022.01.31-07.59.23:821][  0]LogTexture: Default maximum texture size for cubemaps generated from long-lat sources has been changed from 512 to unlimited. In order to preserve old behaiour for '/Engine/MapTemplates/Sky/DaylightAmbientCubemap.DaylightAmbientCubemap', its maximum texture size has been explicitly set to 512.
[2022.01.31-07.59.23:887][  0]LogHMD: PokeAHoleMaterial loaded successfully
[2022.01.31-07.59.23:892][  0]LogUObjectArray: 17178 objects as part of root set at end of initial load.
[2022.01.31-07.59.23:892][  0]LogUObjectAllocator: 4301856 out of 0 bytes used by permanent object pool.
[2022.01.31-07.59.23:893][  0]LogUObjectArray: CloseDisregardForGC: 0/0 objects in disregard for GC pool
[2022.01.31-07.59.24:257][  0]LogPython: Using Python 3.7.7
[2022.01.31-07.59.24:814][  0]LogNiagaraDebuggerClient: Niagara Debugger Client Initialized | Session: 59668F9643848F39B4A99B98A0DD84FF | Instance: 199D6CB54762E41C3EA52983E7DFE01F (LAPTOP-QJB24JD4-15964).
[2022.01.31-07.59.24:995][  0]LogImageWrapper: Warning: PNG Warning: Duplicate iCCP chunk
[2022.01.31-07.59.24:995][  0]LogImageWrapper: Warning: PNG Warning: Duplicate iCCP chunk
[2022.01.31-07.59.24:995][  0]LogTcpMessaging: Initializing TcpMessaging bridge
[2022.01.31-07.59.25:001][  0]LogUdpMessaging: Initializing bridge on interface 0.0.0.0:0 to multicast group 230.0.0.1:6666.
[2022.01.31-07.59.27:700][  0]LogWindows: Error: === Critical error: ===
[2022.01.31-07.59.27:700][  0]LogWindows: Error: 
[2022.01.31-07.59.27:700][  0]LogWindows: Error: Fatal error!
[2022.01.31-07.59.27:700][  0]LogWindows: Error: 
[2022.01.31-07.59.27:700][  0]LogWindows: Error: Unhandled Exception: EXCEPTION_ACCESS_VIOLATION reading address 0x0000000000000150
[2022.01.31-07.59.27:700][  0]LogWindows: Error: 
[2022.01.31-07.59.27:700][  0]LogWindows: Error: [Callstack] 0x00007ffad50421d3 UE4Editor-BuildingEscape.dll!UDoor_Control::UDoor_Control() [F:\Programs\UE4\BuildingEscape\Source\BuildingEscape\Door_Control.cpp:14]
[2022.01.31-07.59.27:700][  0]LogWindows: Error: [Callstack] 0x00007ffaf74d61d3 UE4Editor-CoreUObject.dll!UnknownFunction []
[2022.01.31-07.59.27:700][  0]LogWindows: Error: [Callstack] 0x00007ffaf77f8e6f UE4Editor-CoreUObject.dll!UnknownFunction []
[2022.01.31-07.59.27:700][  0]LogWindows: Error: [Callstack] 0x00007ffaf77d52d1 UE4Editor-CoreUObject.dll!UnknownFunction []
[2022.01.31-07.59.27:700][  0]LogWindows: Error: [Callstack] 0x00007ffaf769dc85 UE4Editor-CoreUObject.dll!UnknownFunction []
[2022.01.31-07.59.27:700][  0]LogWindows: Error: [Callstack] 0x00007ffaf68b1d1a UE4Editor-Core.dll!UnknownFunction []
[2022.01.31-07.59.27:700][  0]LogWindows: Error: [Callstack] 0x00007ffaf68d16d3 UE4Editor-Core.dll!UnknownFunction []
[2022.01.31-07.59.27:700][  0]LogWindows: Error: [Callstack] 0x00007ffb66486433 UE4Editor-Projects.dll!UnknownFunction []
[2022.01.31-07.59.27:700][  0]LogWindows: Error: [Callstack] 0x00007ffb6648674f UE4Editor-Projects.dll!UnknownFunction []
[2022.01.31-07.59.27:700][  0]LogWindows: Error: [Callstack] 0x00007ff681555632 UE4Editor.exe!UnknownFunction []
[2022.01.31-07.59.27:700][  0]LogWindows: Error: [Callstack] 0x00007ff681558ff0 UE4Editor.exe!UnknownFunction []
[2022.01.31-07.59.27:700][  0]LogWindows: Error: [Callstack] 0x00007ff681550d1c UE4Editor.exe!UnknownFunction []
[2022.01.31-07.59.27:700][  0]LogWindows: Error: [Callstack] 0x00007ff6815510aa UE4Editor.exe!UnknownFunction []
[2022.01.31-07.59.27:700][  0]LogWindows: Error: [Callstack] 0x00007ff6815540cd UE4Editor.exe!UnknownFunction []
[2022.01.31-07.59.27:700][  0]LogWindows: Error: [Callstack] 0x00007ff681565984 UE4Editor.exe!UnknownFunction []
[2022.01.31-07.59.27:700][  0]LogWindows: Error: [Callstack] 0x00007ff68156853a UE4Editor.exe!UnknownFunction []
[2022.01.31-07.59.27:700][  0]LogWindows: Error: [Callstack] 0x00007ffb9a916ab0 KERNEL32.DLL!UnknownFunction []
[2022.01.31-07.59.27:700][  0]LogWindows: Error: [Callstack] 0x00007ffb9be11dbb ntdll.dll!UnknownFunction []
[2022.01.31-07.59.27:700][  0]LogWindows: Error: 
[2022.01.31-07.59.28:080][  0]LogExit: Executing StaticShutdownAfterError
[2022.01.31-07.59.28:082][  0]LogWindows: FPlatformMisc::RequestExit(1)
[2022.01.31-07.59.28:082][  0]LogWindows: FPlatformMisc::RequestExitWithStatus(1, 3)
[2022.01.31-07.59.28:082][  0]LogCore: Engine exit requested (reason: Win RequestExit)
[2022.01.31-07.59.28:125][  0]Log file closed, 01/31/22 13:29:28
