Log file open, 01/31/22 13:40:13
LogWindows: Failed to load 'aqProf.dll' (GetLastError=126)
LogWindows: File 'aqProf.dll' does not exist
LogWindows: Failed to load 'VtuneApi.dll' (GetLastError=126)
LogWindows: File 'VtuneApi.dll' does not exist
LogWindows: Failed to load 'VtuneApi32e.dll' (GetLastError=126)
LogWindows: File 'VtuneApi32e.dll' does not exist
LogConsoleResponse: Display: Failed to find resolution value strings in scalability ini. Falling back to default.
LogConsoleResponse: Display: Failed to find resolution value strings in scalability ini. Falling back to default.
LogInit: Display: Running engine for game: BuildingEscape
LogPlatformFile: Not using cached read wrapper
LogTaskGraph: Started task graph with 5 named threads and 35 total threads with 3 sets of task threads.
LogStats: Stats thread started at 0.306542
LogICUInternationalization: ICU TimeZone Detection - Raw Offset: +5:30, Platform Override: ''
LogInit: Display: Loading text-based GConfig....
LogPluginManager: Mounting plugin MeshPainting
LogPluginManager: Mounting plugin XGEController
LogPluginManager: Mounting plugin Paper2D
LogPluginManager: Mounting plugin AISupport
LogPluginManager: Mounting plugin EnvironmentQueryEditor
LogPluginManager: Mounting plugin LightPropagationVolume
LogPluginManager: Mounting plugin OodleData
LogPluginManager: Mounting plugin CameraShakePreviewer
LogPluginManager: Mounting plugin OodleNetwork
LogPluginManager: Mounting plugin GameplayCameras
LogPluginManager: Mounting plugin LiveLink
LogPluginManager: Mounting plugin AnimationSharing
LogPluginManager: Mounting plugin CLionSourceCodeAccess
LogPluginManager: Mounting plugin CodeLiteSourceCodeAccess
LogPluginManager: Mounting plugin GitSourceControl
LogPluginManager: Mounting plugin KDevelopSourceCodeAccess
LogPluginManager: Mounting plugin NullSourceCodeAccess
LogPluginManager: Mounting plugin PerforceSourceControl
LogPluginManager: Mounting plugin PixWinPlugin
LogPluginManager: Mounting plugin PlasticSourceControl
LogPluginManager: Mounting plugin PluginUtils
LogPluginManager: Mounting plugin PropertyAccessNode
LogPluginManager: Mounting plugin AssetManagerEditor
LogPluginManager: Mounting plugin RiderSourceCodeAccess
LogPluginManager: Mounting plugin SubversionSourceControl
LogPluginManager: Mounting plugin TextureFormatOodle
LogPluginManager: Mounting plugin UObjectPlugin
LogPluginManager: Mounting plugin VisualStudioCodeSourceCodeAccess
LogPluginManager: Mounting plugin VisualStudioSourceCodeAccess
LogPluginManager: Mounting plugin XCodeSourceCodeAccess
LogPluginManager: Mounting plugin CryptoKeys
LogPluginManager: Mounting plugin CurveEditorTools
LogPluginManager: Mounting plugin DataValidation
LogPluginManager: Mounting plugin FacialAnimation
LogPluginManager: Mounting plugin GeometryMode
LogPluginManager: Mounting plugin GameplayTagsEditor
LogPluginManager: Mounting plugin MacGraphicsSwitching
LogPluginManager: Mounting plugin MaterialAnalyzer
LogPluginManager: Mounting plugin DatasmithContent
LogPluginManager: Mounting plugin MobileLauncherProfileWizard
LogPluginManager: Mounting plugin PluginBrowser
LogPluginManager: Mounting plugin SpeedTreeImporter
LogPluginManager: Mounting plugin Niagara
LogPluginManager: Mounting plugin VariantManagerContent
LogPluginManager: Mounting plugin AlembicImporter
LogPluginManager: Mounting plugin AutomationUtils
LogPluginManager: Mounting plugin BackChannel
LogPluginManager: Mounting plugin ChaosCloth
LogPluginManager: Mounting plugin ChaosClothEditor
LogPluginManager: Mounting plugin ChaosEditor
LogPluginManager: Mounting plugin ChaosNiagara
LogPluginManager: Mounting plugin ChaosSolverPlugin
LogPluginManager: Mounting plugin CharacterAI
LogPluginManager: Mounting plugin GeometryCache
LogPluginManager: Mounting plugin GeometryProcessing
LogPluginManager: Mounting plugin GeometryCollectionPlugin
LogPluginManager: Mounting plugin MotoSynth
LogPluginManager: Mounting plugin OpenImageDenoise
LogPluginManager: Mounting plugin PlanarCut
LogPluginManager: Mounting plugin PlatformCrypto
LogPluginManager: Mounting plugin ProxyLODPlugin
LogPluginManager: Mounting plugin PythonScriptPlugin
LogPluginManager: Mounting plugin LuminPlatformFeatures
LogPluginManager: Mounting plugin MagicLeap
LogPluginManager: Mounting plugin SkeletalReduction
LogPluginManager: Mounting plugin MagicLeapLightEstimation
LogPluginManager: Mounting plugin MagicLeapMedia
LogPluginManager: Mounting plugin MagicLeapPassableWorld
LogPluginManager: Mounting plugin MLSDK
LogPluginManager: Mounting plugin AndroidMedia
LogPluginManager: Mounting plugin AvfMedia
LogPluginManager: Mounting plugin ImgMedia
LogPluginManager: Mounting plugin MediaCompositing
LogPluginManager: Mounting plugin TcpMessaging
LogPluginManager: Mounting plugin MediaPlayerEditor
LogPluginManager: Mounting plugin UdpMessaging
LogPluginManager: Mounting plugin ActorSequence
LogPluginManager: Mounting plugin WebMMedia
LogPluginManager: Mounting plugin WmfMedia
LogPluginManager: Mounting plugin OnlineSubsystem
LogPluginManager: Mounting plugin LevelSequenceEditor
LogPluginManager: Mounting plugin MatineeToLevelSequence
LogPluginManager: Mounting plugin TemplateSequence
LogPluginManager: Mounting plugin LauncherChunkInstaller
LogPluginManager: Mounting plugin ActorLayerUtilities
LogPluginManager: Mounting plugin OnlineSubsystemNull
LogPluginManager: Mounting plugin OnlineSubsystemUtils
LogPluginManager: Mounting plugin AndroidDeviceProfileSelector
LogPluginManager: Mounting plugin AndroidMoviePlayer
LogPluginManager: Mounting plugin AndroidPermission
LogPluginManager: Mounting plugin AppleMoviePlayer
LogPluginManager: Mounting plugin AppleImageUtils
LogPluginManager: Mounting plugin ArchVisCharacter
LogPluginManager: Mounting plugin AssetTags
LogPluginManager: Mounting plugin AudioCapture
LogPluginManager: Mounting plugin AudioSynesthesia
LogPluginManager: Mounting plugin CableComponent
LogPluginManager: Mounting plugin CustomMeshComponent
LogPluginManager: Mounting plugin ChunkDownloader
LogPluginManager: Mounting plugin EditableMesh
LogPluginManager: Mounting plugin ExampleDeviceProfileSelector
LogPluginManager: Mounting plugin GoogleCloudMessaging
LogPluginManager: Mounting plugin GooglePAD
LogPluginManager: Mounting plugin IOSDeviceProfileSelector
LogPluginManager: Mounting plugin LinuxDeviceProfileSelector
LogPluginManager: Mounting plugin LocationServicesBPLibrary
LogPluginManager: Mounting plugin MobilePatchingUtils
LogPluginManager: Mounting plugin OpenXR
LogPluginManager: Mounting plugin OpenXREyeTracker
LogPluginManager: Mounting plugin OpenXRHandTracking
LogPluginManager: Mounting plugin PhysXVehicles
LogPluginManager: Mounting plugin PostSplashScreen
LogPluginManager: Mounting plugin ProceduralMeshComponent
LogPluginManager: Mounting plugin PropertyAccessEditor
LogPluginManager: Mounting plugin RuntimePhysXCooking
LogPluginManager: Mounting plugin SignificanceManager
LogPluginManager: Mounting plugin SoundFields
LogPluginManager: Mounting plugin Synthesis
LogPluginManager: Mounting plugin ScreenshotTools
LogPluginManager: Mounting plugin WindowsMoviePlayer
LogPluginManager: Mounting plugin WebMMoviePlayer
LogPluginManager: Mounting plugin Takes
LogPluginManager: Mounting plugin ContentBrowserAssetDataSource
LogPluginManager: Mounting plugin ContentBrowserClassDataSource
LogPluginManager: Mounting plugin ContentBrowserFileDataSource
LogPluginManager: Mounting plugin OnlineSubsystemGooglePlay
LogPluginManager: Mounting plugin OnlineSubsystemIOS
LogPluginManager: Mounting plugin OculusVR
LogPluginManager: Mounting plugin SteamVR
PixWinPlugin: PIX capture plugin failed to initialize! Check that the process is launched from PIX.
LogInit: Using libcurl 7.55.1-DEV
LogInit:  - built for x86_64-pc-win32
LogInit:  - supports SSL with OpenSSL/1.1.1
LogInit:  - supports HTTP deflate (compression) using libz 1.2.8
LogInit:  - other features:
LogInit:      CURL_VERSION_SSL
LogInit:      CURL_VERSION_LIBZ
LogInit:      CURL_VERSION_IPV6
LogInit:      CURL_VERSION_ASYNCHDNS
LogInit:      CURL_VERSION_LARGEFILE
LogInit:      CURL_VERSION_IDN
LogInit:  CurlRequestOptions (configurable via config and command line):
LogInit:  - bVerifyPeer = true  - Libcurl will verify peer certificate
LogInit:  - bUseHttpProxy = false  - Libcurl will NOT use HTTP proxy
LogInit:  - bDontReuseConnections = false  - Libcurl will reuse connections
LogInit:  - MaxHostConnections = 16  - Libcurl will limit the number of connections to a host
LogInit:  - LocalHostAddr = Default
LogInit:  - BufferSize = 65536
LogOnline: OSS: Creating online subsystem instance for: NULL
LogInit: WinSock: version 1.1 (2.2), MaxSocks=32767, MaxUdp=65467
LogOnline: OSS: TryLoadSubsystemAndSetDefault: Loaded subsystem for module [NULL]
LogOculusPluginWrapper: OculusPlugin initialized successfully
LogHMD: Failed initializing OVRPlugin 1.59.0
LogInit: Build: ++UE4+Release-4.27-CL-18319896
LogInit: Engine Version: 4.27.2-18319896+++UE4+Release-4.27
LogInit: Compatible Engine Version: 4.27.0-17155196+++UE4+Release-4.27
LogInit: Net CL: 17155196
LogInit: OS: Windows 10 (Release 2009) (), CPU: Intel(R) Core(TM) i7-9750H CPU @ 2.60GHz, GPU: Intel(R) UHD Graphics 630
LogInit: Compiled (64-bit): Nov 30 2021 07:12:08
LogInit: Compiled with Visual C++: 19.24.28315.00
LogInit: Build Configuration: Development
LogInit: Branch Name: ++UE4+Release-4.27
LogInit: Command Line: 
LogInit: Base Directory: E:/Epic Games/UE_4.27/Engine/Binaries/Win64/
LogInit: Allocator: TBB
LogInit: Installed Engine Build: 1
LogDevObjectVersion: Number of dev versions registered: 29
LogDevObjectVersion:   Dev-Blueprints (B0D832E4-1F89-4F0D-ACCF-7EB736FD4AA2): 10
LogDevObjectVersion:   Dev-Build (E1C64328-A22C-4D53-A36C-8E866417BD8C): 0
LogDevObjectVersion:   Dev-Core (375EC13C-06E4-48FB-B500-84F0262A717E): 4
LogDevObjectVersion:   Dev-Editor (E4B068ED-F494-42E9-A231-DA0B2E46BB41): 40
LogDevObjectVersion:   Dev-Framework (CFFC743F-43B0-4480-9391-14DF171D2073): 37
LogDevObjectVersion:   Dev-Mobile (B02B49B5-BB20-44E9-A304-32B752E40360): 3
LogDevObjectVersion:   Dev-Networking (A4E4105C-59A1-49B5-A7C5-40C4547EDFEE): 0
LogDevObjectVersion:   Dev-Online (39C831C9-5AE6-47DC-9A44-9C173E1C8E7C): 0
LogDevObjectVersion:   Dev-Physics (78F01B33-EBEA-4F98-B9B4-84EACCB95AA2): 14
LogDevObjectVersion:   Dev-Platform (6631380F-2D4D-43E0-8009-CF276956A95A): 0
LogDevObjectVersion:   Dev-Rendering (12F88B9F-8875-4AFC-A67C-D90C383ABD29): 45
LogDevObjectVersion:   Dev-Sequencer (7B5AE74C-D270-4C10-A958-57980B212A5A): 13
LogDevObjectVersion:   Dev-VR (D7296918-1DD6-4BDD-9DE2-64A83CC13884): 3
LogDevObjectVersion:   Dev-LoadTimes (C2A15278-BFE7-4AFE-6C17-90FF531DF755): 1
LogDevObjectVersion:   Private-Geometry (6EACA3D4-40EC-4CC1-B786-8BED09428FC5): 3
LogDevObjectVersion:   Dev-AnimPhys (29E575DD-E0A3-4627-9D10-D276232CDCEA): 17
LogDevObjectVersion:   Dev-Anim (AF43A65D-7FD3-4947-9873-3E8ED9C1BB05): 15
LogDevObjectVersion:   Dev-ReflectionCapture (6B266CEC-1EC7-4B8F-A30B-E4D90942FC07): 1
LogDevObjectVersion:   Dev-Automation (0DF73D61-A23F-47EA-B727-89E90C41499A): 1
LogDevObjectVersion:   FortniteMain (601D1886-AC64-4F84-AA16-D3DE0DEAC7D6): 47
LogDevObjectVersion:   FortniteRelease (E7086368-6B23-4C58-8439-1B7016265E91): 1
LogDevObjectVersion:   Dev-Enterprise (9DFFBCD6-494F-0158-E221-12823C92A888): 10
LogDevObjectVersion:   Dev-Niagara (F2AED0AC-9AFE-416F-8664-AA7FFA26D6FC): 1
LogDevObjectVersion:   Dev-Destruction (174F1F0B-B4C6-45A5-B13F-2EE8D0FB917D): 10
LogDevObjectVersion:   Dev-Physics-Ext (35F94A83-E258-406C-A318-09F59610247C): 41
LogDevObjectVersion:   Dev-PhysicsMaterial-Chaos (B68FC16E-8B1B-42E2-B453-215C058844FE): 1
LogDevObjectVersion:   Dev-CineCamera (B2E18506-4273-CFC2-A54E-F4BB758BBA07): 1
LogDevObjectVersion:   Dev-VirtualProduction (64F58936-FD1B-42BA-BA96-7289D5D0FA4E): 1
LogDevObjectVersion:   Dev-MediaFramework (6F0ED827-A609-4895-9C91-998D90180EA4): 2
LogInit: Presizing for max 25165824 objects, including 0 objects not considered by GC, pre-allocating 0 bytes for permanent pool.
LogConfig: Applying CVar settings from Section [/Script/Engine.StreamingSettings] File [F:/Programs/UE4/BuildingEscape/Saved/Config/Windows/Engine.ini]
LogConfig: Setting CVar [[s.MinBulkDataSizeForAsyncLoading:131072]]
LogConfig: Setting CVar [[s.AsyncLoadingThreadEnabled:0]]
LogConfig: Setting CVar [[s.EventDrivenLoaderEnabled:1]]
LogConfig: Setting CVar [[s.WarnIfTimeLimitExceeded:0]]
LogConfig: Setting CVar [[s.TimeLimitExceededMultiplier:1.5]]
LogConfig: Setting CVar [[s.TimeLimitExceededMinTime:0.005]]
LogConfig: Setting CVar [[s.UseBackgroundLevelStreaming:1]]
LogConfig: Setting CVar [[s.PriorityAsyncLoadingExtraTime:15.0]]
LogConfig: Setting CVar [[s.LevelStreamingActorsUpdateTimeLimit:5.0]]
LogConfig: Setting CVar [[s.PriorityLevelStreamingActorsUpdateExtraTime:5.0]]
LogConfig: Setting CVar [[s.LevelStreamingComponentsRegistrationGranularity:10]]
LogConfig: Setting CVar [[s.UnregisterComponentsTimeLimit:1.0]]
LogConfig: Setting CVar [[s.LevelStreamingComponentsUnregistrationGranularity:5]]
LogConfig: Setting CVar [[s.FlushStreamingOnExit:1]]
LogInit: Object subsystem initialized
LogConfig: Setting CVar [[con.DebugEarlyDefault:1]]
LogConfig: Setting CVar [[r.setres:1280x720]]
[2022.01.31-08.10.14:309][  0]LogConfig: Setting CVar [[r.VSync:0]]
[2022.01.31-08.10.14:309][  0]LogConfig: Setting CVar [[r.RHICmdBypass:0]]
[2022.01.31-08.10.14:309][  0]LogConfig: Applying CVar settings from Section [/Script/Engine.RendererSettings] File [F:/Programs/UE4/BuildingEscape/Saved/Config/Windows/Engine.ini]
[2022.01.31-08.10.14:309][  0]LogConfig: Setting CVar [[r.GPUCrashDebugging:0]]
[2022.01.31-08.10.14:309][  0]LogConfig: Applying CVar settings from Section [/Script/Engine.RendererOverrideSettings] File [F:/Programs/UE4/BuildingEscape/Saved/Config/Windows/Engine.ini]
[2022.01.31-08.10.14:309][  0]LogConfig: Applying CVar settings from Section [/Script/Engine.StreamingSettings] File [F:/Programs/UE4/BuildingEscape/Saved/Config/Windows/Engine.ini]
[2022.01.31-08.10.14:309][  0]LogConfig: Setting CVar [[s.MinBulkDataSizeForAsyncLoading:131072]]
[2022.01.31-08.10.14:309][  0]LogConfig: Setting CVar [[s.AsyncLoadingThreadEnabled:0]]
[2022.01.31-08.10.14:309][  0]LogConfig: Setting CVar [[s.EventDrivenLoaderEnabled:1]]
[2022.01.31-08.10.14:309][  0]LogConfig: Setting CVar [[s.WarnIfTimeLimitExceeded:0]]
[2022.01.31-08.10.14:309][  0]LogConfig: Setting CVar [[s.TimeLimitExceededMultiplier:1.5]]
[2022.01.31-08.10.14:309][  0]LogConfig: Setting CVar [[s.TimeLimitExceededMinTime:0.005]]
[2022.01.31-08.10.14:309][  0]LogConfig: Setting CVar [[s.UseBackgroundLevelStreaming:1]]
[2022.01.31-08.10.14:309][  0]LogConfig: Setting CVar [[s.PriorityAsyncLoadingExtraTime:15.0]]
[2022.01.31-08.10.14:309][  0]LogConfig: Setting CVar [[s.LevelStreamingActorsUpdateTimeLimit:5.0]]
[2022.01.31-08.10.14:309][  0]LogConfig: Setting CVar [[s.PriorityLevelStreamingActorsUpdateExtraTime:5.0]]
[2022.01.31-08.10.14:309][  0]LogConfig: Setting CVar [[s.LevelStreamingComponentsRegistrationGranularity:10]]
[2022.01.31-08.10.14:309][  0]LogConfig: Setting CVar [[s.UnregisterComponentsTimeLimit:1.0]]
[2022.01.31-08.10.14:309][  0]LogConfig: Setting CVar [[s.LevelStreamingComponentsUnregistrationGranularity:5]]
[2022.01.31-08.10.14:309][  0]LogConfig: Setting CVar [[s.FlushStreamingOnExit:1]]
[2022.01.31-08.10.14:309][  0]LogConfig: Applying CVar settings from Section [/Script/Engine.GarbageCollectionSettings] File [F:/Programs/UE4/BuildingEscape/Saved/Config/Windows/Engine.ini]
[2022.01.31-08.10.14:309][  0]LogConfig: Setting CVar [[gc.MaxObjectsNotConsideredByGC:1]]
[2022.01.31-08.10.14:309][  0]LogConfig: Setting CVar [[gc.SizeOfPermanentObjectPool:0]]
[2022.01.31-08.10.14:309][  0]LogConfig: Setting CVar [[gc.FlushStreamingOnGC:0]]
[2022.01.31-08.10.14:309][  0]LogConfig: Setting CVar [[gc.NumRetriesBeforeForcingGC:10]]
[2022.01.31-08.10.14:309][  0]LogConfig: Setting CVar [[gc.AllowParallelGC:1]]
[2022.01.31-08.10.14:309][  0]LogConfig: Setting CVar [[gc.TimeBetweenPurgingPendingKillObjects:61.1]]
[2022.01.31-08.10.14:309][  0]LogConfig: Setting CVar [[gc.MaxObjectsInEditor:25165824]]
[2022.01.31-08.10.14:309][  0]LogConfig: Setting CVar [[gc.IncrementalBeginDestroyEnabled:1]]
[2022.01.31-08.10.14:309][  0]LogConfig: Setting CVar [[gc.CreateGCClusters:1]]
[2022.01.31-08.10.14:309][  0]LogConfig: Setting CVar [[gc.MinGCClusterSize:5]]
[2022.01.31-08.10.14:309][  0]LogConfig: Setting CVar [[gc.ActorClusteringEnabled:0]]
[2022.01.31-08.10.14:309][  0]LogConfig: Setting CVar [[gc.BlueprintClusteringEnabled:0]]
[2022.01.31-08.10.14:309][  0]LogConfig: Setting CVar [[gc.UseDisregardForGCOnDedicatedServers:0]]
[2022.01.31-08.10.14:309][  0]LogConfig: Setting CVar [[gc.MultithreadedDestructionEnabled:1]]
[2022.01.31-08.10.14:309][  0]LogConfig: Applying CVar settings from Section [/Script/Engine.NetworkSettings] File [F:/Programs/UE4/BuildingEscape/Saved/Config/Windows/Engine.ini]
[2022.01.31-08.10.14:310][  0]LogConfig: Applying CVar settings from Section [/Script/UnrealEd.CookerSettings] File [F:/Programs/UE4/BuildingEscape/Saved/Config/Windows/Engine.ini]
[2022.01.31-08.10.14:330][  0]LogConfig: Applying CVar settings from Section [ViewDistanceQuality@3] File [F:/Programs/UE4/BuildingEscape/Saved/Config/Windows/Scalability.ini]
[2022.01.31-08.10.14:330][  0]LogConfig: Setting CVar [[r.SkeletalMeshLODBias:0]]
[2022.01.31-08.10.14:330][  0]LogConfig: Setting CVar [[r.ViewDistanceScale:1.0]]
[2022.01.31-08.10.14:330][  0]LogConfig: Applying CVar settings from Section [AntiAliasingQuality@3] File [F:/Programs/UE4/BuildingEscape/Saved/Config/Windows/Scalability.ini]
[2022.01.31-08.10.14:330][  0]LogConfig: Setting CVar [[r.PostProcessAAQuality:4]]
[2022.01.31-08.10.14:330][  0]LogConfig: Applying CVar settings from Section [ShadowQuality@3] File [F:/Programs/UE4/BuildingEscape/Saved/Config/Windows/Scalability.ini]
[2022.01.31-08.10.14:330][  0]LogConfig: Setting CVar [[r.LightFunctionQuality:1]]
[2022.01.31-08.10.14:331][  0]LogConfig: Setting CVar [[r.ShadowQuality:5]]
[2022.01.31-08.10.14:331][  0]LogConfig: Setting CVar [[r.Shadow.CSM.MaxCascades:10]]
[2022.01.31-08.10.14:331][  0]LogConfig: Setting CVar [[r.Shadow.MaxResolution:2048]]
[2022.01.31-08.10.14:331][  0]LogConfig: Setting CVar [[r.Shadow.MaxCSMResolution:2048]]
[2022.01.31-08.10.14:331][  0]LogConfig: Setting CVar [[r.Shadow.RadiusThreshold:0.01]]
[2022.01.31-08.10.14:331][  0]LogConfig: Setting CVar [[r.Shadow.DistanceScale:1.0]]
[2022.01.31-08.10.14:331][  0]LogConfig: Setting CVar [[r.Shadow.CSM.TransitionScale:1.0]]
[2022.01.31-08.10.14:331][  0]LogConfig: Setting CVar [[r.Shadow.PreShadowResolutionFactor:1.0]]
[2022.01.31-08.10.14:331][  0]LogConfig: Setting CVar [[r.DistanceFieldShadowing:1]]
[2022.01.31-08.10.14:331][  0]LogConfig: Setting CVar [[r.DistanceFieldAO:1]]
[2022.01.31-08.10.14:331][  0]LogConfig: Setting CVar [[r.AOQuality:2]]
[2022.01.31-08.10.14:331][  0]LogConfig: Setting CVar [[r.VolumetricFog:1]]
[2022.01.31-08.10.14:331][  0]LogConfig: Setting CVar [[r.VolumetricFog.GridPixelSize:8]]
[2022.01.31-08.10.14:331][  0]LogConfig: Setting CVar [[r.VolumetricFog.GridSizeZ:128]]
[2022.01.31-08.10.14:331][  0]LogConfig: Setting CVar [[r.VolumetricFog.HistoryMissSupersampleCount:4]]
[2022.01.31-08.10.14:331][  0]LogConfig: Setting CVar [[r.LightMaxDrawDistanceScale:1]]
[2022.01.31-08.10.14:331][  0]LogConfig: Setting CVar [[r.CapsuleShadows:1]]
[2022.01.31-08.10.14:331][  0]LogConfig: Applying CVar settings from Section [PostProcessQuality@3] File [F:/Programs/UE4/BuildingEscape/Saved/Config/Windows/Scalability.ini]
[2022.01.31-08.10.14:331][  0]LogConfig: Setting CVar [[r.MotionBlurQuality:4]]
[2022.01.31-08.10.14:331][  0]LogConfig: Setting CVar [[r.AmbientOcclusionMipLevelFactor:0.4]]
[2022.01.31-08.10.14:331][  0]LogConfig: Setting CVar [[r.AmbientOcclusionMaxQuality:100]]
[2022.01.31-08.10.14:331][  0]LogConfig: Setting CVar [[r.AmbientOcclusionLevels:-1]]
[2022.01.31-08.10.14:331][  0]LogConfig: Setting CVar [[r.AmbientOcclusionRadiusScale:1.0]]
[2022.01.31-08.10.14:331][  0]LogConfig: Setting CVar [[r.DepthOfFieldQuality:2]]
[2022.01.31-08.10.14:331][  0]LogConfig: Setting CVar [[r.RenderTargetPoolMin:400]]
[2022.01.31-08.10.14:331][  0]LogConfig: Setting CVar [[r.LensFlareQuality:2]]
[2022.01.31-08.10.14:331][  0]LogConfig: Setting CVar [[r.SceneColorFringeQuality:1]]
[2022.01.31-08.10.14:331][  0]LogConfig: Setting CVar [[r.EyeAdaptationQuality:2]]
[2022.01.31-08.10.14:331][  0]LogConfig: Setting CVar [[r.BloomQuality:5]]
[2022.01.31-08.10.14:331][  0]LogConfig: Setting CVar [[r.FastBlurThreshold:100]]
[2022.01.31-08.10.14:331][  0]LogConfig: Setting CVar [[r.Upscale.Quality:3]]
[2022.01.31-08.10.14:331][  0]LogConfig: Setting CVar [[r.Tonemapper.GrainQuantization:1]]
[2022.01.31-08.10.14:331][  0]LogConfig: Setting CVar [[r.LightShaftQuality:1]]
[2022.01.31-08.10.14:331][  0]LogConfig: Setting CVar [[r.Filter.SizeScale:1]]
[2022.01.31-08.10.14:331][  0]LogConfig: Setting CVar [[r.Tonemapper.Quality:5]]
[2022.01.31-08.10.14:331][  0]LogConfig: Setting CVar [[r.DOF.Gather.AccumulatorQuality:1        ; higher gathering accumulator quality]]
[2022.01.31-08.10.14:331][  0]LogConfig: Setting CVar [[r.DOF.Gather.PostfilterMethod:1          ; Median3x3 postfilering method]]
[2022.01.31-08.10.14:331][  0]LogConfig: Setting CVar [[r.DOF.Gather.EnableBokehSettings:0       ; no bokeh simulation when gathering]]
[2022.01.31-08.10.14:331][  0]LogConfig: Setting CVar [[r.DOF.Gather.RingCount:4                 ; medium number of samples when gathering]]
[2022.01.31-08.10.14:331][  0]LogConfig: Setting CVar [[r.DOF.Scatter.ForegroundCompositing:1    ; additive foreground scattering]]
[2022.01.31-08.10.14:331][  0]LogConfig: Setting CVar [[r.DOF.Scatter.BackgroundCompositing:2    ; additive background scattering]]
[2022.01.31-08.10.14:331][  0]LogConfig: Setting CVar [[r.DOF.Scatter.EnableBokehSettings:1      ; bokeh simulation when scattering]]
[2022.01.31-08.10.14:331][  0]LogConfig: Setting CVar [[r.DOF.Scatter.MaxSpriteRatio:0.1         ; only a maximum of 10% of scattered bokeh]]
[2022.01.31-08.10.14:331][  0]LogConfig: Setting CVar [[r.DOF.Recombine.Quality:1                ; cheap slight out of focus]]
[2022.01.31-08.10.14:331][  0]LogConfig: Setting CVar [[r.DOF.Recombine.EnableBokehSettings:0    ; no bokeh simulation on slight out of focus]]
[2022.01.31-08.10.14:331][  0]LogConfig: Setting CVar [[r.DOF.TemporalAAQuality:1                ; more stable temporal accumulation]]
[2022.01.31-08.10.14:331][  0]LogConfig: Setting CVar [[r.DOF.Kernel.MaxForegroundRadius:0.025]]
[2022.01.31-08.10.14:331][  0]LogConfig: Setting CVar [[r.DOF.Kernel.MaxBackgroundRadius:0.025]]
[2022.01.31-08.10.14:331][  0]LogConfig: Applying CVar settings from Section [TextureQuality@3] File [F:/Programs/UE4/BuildingEscape/Saved/Config/Windows/Scalability.ini]
[2022.01.31-08.10.14:331][  0]LogConfig: Setting CVar [[r.Streaming.MipBias:0]]
[2022.01.31-08.10.14:331][  0]LogConfig: Setting CVar [[r.Streaming.AmortizeCPUToGPUCopy:0]]
[2022.01.31-08.10.14:331][  0]LogConfig: Setting CVar [[r.Streaming.MaxNumTexturesToStreamPerFrame:0]]
[2022.01.31-08.10.14:331][  0]LogConfig: Setting CVar [[r.Streaming.Boost:1]]
[2022.01.31-08.10.14:331][  0]LogConfig: Setting CVar [[r.MaxAnisotropy:8]]
[2022.01.31-08.10.14:331][  0]LogConfig: Setting CVar [[r.VT.MaxAnisotropy:8]]
[2022.01.31-08.10.14:331][  0]LogConfig: Setting CVar [[r.Streaming.LimitPoolSizeToVRAM:0]]
[2022.01.31-08.10.14:331][  0]LogConfig: Setting CVar [[r.Streaming.PoolSize:1000]]
[2022.01.31-08.10.14:331][  0]LogConfig: Setting CVar [[r.Streaming.MaxEffectiveScreenSize:0]]
[2022.01.31-08.10.14:331][  0]LogConfig: Applying CVar settings from Section [EffectsQuality@3] File [F:/Programs/UE4/BuildingEscape/Saved/Config/Windows/Scalability.ini]
[2022.01.31-08.10.14:331][  0]LogConfig: Setting CVar [[r.TranslucencyLightingVolumeDim:64]]
[2022.01.31-08.10.14:331][  0]LogConfig: Setting CVar [[r.RefractionQuality:2]]
[2022.01.31-08.10.14:331][  0]LogConfig: Setting CVar [[r.SSR.Quality:3]]
[2022.01.31-08.10.14:331][  0]LogConfig: Setting CVar [[r.SSR.HalfResSceneColor:0]]
[2022.01.31-08.10.14:331][  0]LogConfig: Setting CVar [[r.SceneColorFormat:4]]
[2022.01.31-08.10.14:331][  0]LogConfig: Setting CVar [[r.DetailMode:2]]
[2022.01.31-08.10.14:332][  0]LogConfig: Setting CVar [[r.TranslucencyVolumeBlur:1]]
[2022.01.31-08.10.14:332][  0]LogConfig: Setting CVar [[r.MaterialQualityLevel:1 ; High quality]]
[2022.01.31-08.10.14:332][  0]LogConfig: Setting CVar [[r.AnisotropicMaterials:1]]
[2022.01.31-08.10.14:332][  0]LogConfig: Setting CVar [[r.SSS.Scale:1]]
[2022.01.31-08.10.14:332][  0]LogConfig: Setting CVar [[r.SSS.SampleSet:2]]
[2022.01.31-08.10.14:332][  0]LogConfig: Setting CVar [[r.SSS.Quality:1]]
[2022.01.31-08.10.14:332][  0]LogConfig: Setting CVar [[r.SSS.HalfRes:0]]
[2022.01.31-08.10.14:332][  0]LogConfig: Setting CVar [[r.SSGI.Quality:3]]
[2022.01.31-08.10.14:332][  0]LogConfig: Setting CVar [[r.EmitterSpawnRateScale:1.0]]
[2022.01.31-08.10.14:332][  0]LogConfig: Setting CVar [[r.ParticleLightQuality:2]]
[2022.01.31-08.10.14:332][  0]LogConfig: Setting CVar [[r.SkyAtmosphere.AerialPerspectiveLUT.FastApplyOnOpaque:1 ; Always have FastSkyLUT 1 in this case to avoid wrong sky]]
[2022.01.31-08.10.14:332][  0]LogConfig: Setting CVar [[r.SkyAtmosphere.AerialPerspectiveLUT.SampleCountMaxPerSlice:4]]
[2022.01.31-08.10.14:332][  0]LogConfig: Setting CVar [[r.SkyAtmosphere.AerialPerspectiveLUT.DepthResolution:16.0]]
[2022.01.31-08.10.14:332][  0]LogConfig: Setting CVar [[r.SkyAtmosphere.FastSkyLUT:1]]
[2022.01.31-08.10.14:332][  0]LogConfig: Setting CVar [[r.SkyAtmosphere.FastSkyLUT.SampleCountMin:4.0]]
[2022.01.31-08.10.14:332][  0]LogConfig: Setting CVar [[r.SkyAtmosphere.FastSkyLUT.SampleCountMax:128.0]]
[2022.01.31-08.10.14:332][  0]LogConfig: Setting CVar [[r.SkyAtmosphere.SampleCountMin:4.0]]
[2022.01.31-08.10.14:332][  0]LogConfig: Setting CVar [[r.SkyAtmosphere.SampleCountMax:128.0]]
[2022.01.31-08.10.14:332][  0]LogConfig: Setting CVar [[r.SkyAtmosphere.TransmittanceLUT.UseSmallFormat:0]]
[2022.01.31-08.10.14:332][  0]LogConfig: Setting CVar [[r.SkyAtmosphere.TransmittanceLUT.SampleCount:10.0]]
[2022.01.31-08.10.14:332][  0]LogConfig: Setting CVar [[r.SkyAtmosphere.MultiScatteringLUT.SampleCount:15.0]]
[2022.01.31-08.10.14:332][  0]LogConfig: Setting CVar [[r.SkyLight.RealTimeReflectionCapture:1]]
[2022.01.31-08.10.14:332][  0]LogConfig: Applying CVar settings from Section [FoliageQuality@3] File [F:/Programs/UE4/BuildingEscape/Saved/Config/Windows/Scalability.ini]
[2022.01.31-08.10.14:332][  0]LogConfig: Setting CVar [[foliage.DensityScale:1.0]]
[2022.01.31-08.10.14:332][  0]LogConfig: Setting CVar [[grass.DensityScale:1.0]]
[2022.01.31-08.10.14:332][  0]LogConfig: Applying CVar settings from Section [ShadingQuality@3] File [F:/Programs/UE4/BuildingEscape/Saved/Config/Windows/Scalability.ini]
[2022.01.31-08.10.14:332][  0]LogConfig: Setting CVar [[r.HairStrands.SkyLighting.IntegrationType:2]]
[2022.01.31-08.10.14:332][  0]LogConfig: Setting CVar [[r.HairStrands.SkyAO.SampleCount:4]]
[2022.01.31-08.10.14:332][  0]LogConfig: Setting CVar [[r.HairStrands.Visibility.MSAA.SamplePerPixel:4]]
[2022.01.31-08.10.14:332][  0]LogInit: Selected Device Profile: [Windows]
[2022.01.31-08.10.14:332][  0]LogInit: Applying CVar settings loaded from the selected device profile: [Windows]
[2022.01.31-08.10.14:332][  0]LogHAL: Display: Platform has ~ 16 GB [17022173184 / 17179869184 / 16], which maps to Larger [LargestMinGB=32, LargerMinGB=12, DefaultMinGB=8, SmallerMinGB=6, SmallestMinGB=0)
[2022.01.31-08.10.14:332][  0]LogInit: Going up to parent DeviceProfile []
[2022.01.31-08.10.14:332][  0]LogConfig: Applying CVar settings from Section [ViewDistanceQuality@3] File [F:/Programs/UE4/BuildingEscape/Saved/Config/Windows/Scalability.ini]
[2022.01.31-08.10.14:332][  0]LogConfig: Setting CVar [[r.SkeletalMeshLODBias:0]]
[2022.01.31-08.10.14:332][  0]LogConfig: Setting CVar [[r.ViewDistanceScale:1.0]]
[2022.01.31-08.10.14:332][  0]LogConfig: Applying CVar settings from Section [AntiAliasingQuality@3] File [F:/Programs/UE4/BuildingEscape/Saved/Config/Windows/Scalability.ini]
[2022.01.31-08.10.14:332][  0]LogConfig: Setting CVar [[r.PostProcessAAQuality:4]]
[2022.01.31-08.10.14:332][  0]LogConfig: Applying CVar settings from Section [ShadowQuality@3] File [F:/Programs/UE4/BuildingEscape/Saved/Config/Windows/Scalability.ini]
[2022.01.31-08.10.14:332][  0]LogConfig: Setting CVar [[r.LightFunctionQuality:1]]
[2022.01.31-08.10.14:332][  0]LogConfig: Setting CVar [[r.ShadowQuality:5]]
[2022.01.31-08.10.14:332][  0]LogConfig: Setting CVar [[r.Shadow.CSM.MaxCascades:10]]
[2022.01.31-08.10.14:332][  0]LogConfig: Setting CVar [[r.Shadow.MaxResolution:2048]]
[2022.01.31-08.10.14:333][  0]LogConfig: Setting CVar [[r.Shadow.MaxCSMResolution:2048]]
[2022.01.31-08.10.14:333][  0]LogConfig: Setting CVar [[r.Shadow.RadiusThreshold:0.01]]
[2022.01.31-08.10.14:333][  0]LogConfig: Setting CVar [[r.Shadow.DistanceScale:1.0]]
[2022.01.31-08.10.14:333][  0]LogConfig: Setting CVar [[r.Shadow.CSM.TransitionScale:1.0]]
[2022.01.31-08.10.14:333][  0]LogConfig: Setting CVar [[r.Shadow.PreShadowResolutionFactor:1.0]]
[2022.01.31-08.10.14:333][  0]LogConfig: Setting CVar [[r.DistanceFieldShadowing:1]]
[2022.01.31-08.10.14:333][  0]LogConfig: Setting CVar [[r.DistanceFieldAO:1]]
[2022.01.31-08.10.14:333][  0]LogConfig: Setting CVar [[r.AOQuality:2]]
[2022.01.31-08.10.14:333][  0]LogConfig: Setting CVar [[r.VolumetricFog:1]]
[2022.01.31-08.10.14:333][  0]LogConfig: Setting CVar [[r.VolumetricFog.GridPixelSize:8]]
[2022.01.31-08.10.14:333][  0]LogConfig: Setting CVar [[r.VolumetricFog.GridSizeZ:128]]
[2022.01.31-08.10.14:333][  0]LogConfig: Setting CVar [[r.VolumetricFog.HistoryMissSupersampleCount:4]]
[2022.01.31-08.10.14:333][  0]LogConfig: Setting CVar [[r.LightMaxDrawDistanceScale:1]]
[2022.01.31-08.10.14:333][  0]LogConfig: Setting CVar [[r.CapsuleShadows:1]]
[2022.01.31-08.10.14:333][  0]LogConfig: Applying CVar settings from Section [PostProcessQuality@3] File [F:/Programs/UE4/BuildingEscape/Saved/Config/Windows/Scalability.ini]
[2022.01.31-08.10.14:333][  0]LogConfig: Setting CVar [[r.MotionBlurQuality:4]]
[2022.01.31-08.10.14:333][  0]LogConfig: Setting CVar [[r.AmbientOcclusionMipLevelFactor:0.4]]
[2022.01.31-08.10.14:333][  0]LogConfig: Setting CVar [[r.AmbientOcclusionMaxQuality:100]]
[2022.01.31-08.10.14:333][  0]LogConfig: Setting CVar [[r.AmbientOcclusionLevels:-1]]
[2022.01.31-08.10.14:333][  0]LogConfig: Setting CVar [[r.AmbientOcclusionRadiusScale:1.0]]
[2022.01.31-08.10.14:333][  0]LogConfig: Setting CVar [[r.DepthOfFieldQuality:2]]
[2022.01.31-08.10.14:333][  0]LogConfig: Setting CVar [[r.RenderTargetPoolMin:400]]
[2022.01.31-08.10.14:333][  0]LogConfig: Setting CVar [[r.LensFlareQuality:2]]
[2022.01.31-08.10.14:333][  0]LogConfig: Setting CVar [[r.SceneColorFringeQuality:1]]
[2022.01.31-08.10.14:333][  0]LogConfig: Setting CVar [[r.EyeAdaptationQuality:2]]
[2022.01.31-08.10.14:333][  0]LogConfig: Setting CVar [[r.BloomQuality:5]]
[2022.01.31-08.10.14:333][  0]LogConfig: Setting CVar [[r.FastBlurThreshold:100]]
[2022.01.31-08.10.14:333][  0]LogConfig: Setting CVar [[r.Upscale.Quality:3]]
[2022.01.31-08.10.14:333][  0]LogConfig: Setting CVar [[r.Tonemapper.GrainQuantization:1]]
[2022.01.31-08.10.14:333][  0]LogConfig: Setting CVar [[r.LightShaftQuality:1]]
[2022.01.31-08.10.14:333][  0]LogConfig: Setting CVar [[r.Filter.SizeScale:1]]
[2022.01.31-08.10.14:333][  0]LogConfig: Setting CVar [[r.Tonemapper.Quality:5]]
[2022.01.31-08.10.14:333][  0]LogConfig: Setting CVar [[r.DOF.Gather.AccumulatorQuality:1        ; higher gathering accumulator quality]]
[2022.01.31-08.10.14:333][  0]LogConfig: Setting CVar [[r.DOF.Gather.PostfilterMethod:1          ; Median3x3 postfilering method]]
[2022.01.31-08.10.14:333][  0]LogConfig: Setting CVar [[r.DOF.Gather.EnableBokehSettings:0       ; no bokeh simulation when gathering]]
[2022.01.31-08.10.14:333][  0]LogConfig: Setting CVar [[r.DOF.Gather.RingCount:4                 ; medium number of samples when gathering]]
[2022.01.31-08.10.14:333][  0]LogConfig: Setting CVar [[r.DOF.Scatter.ForegroundCompositing:1    ; additive foreground scattering]]
[2022.01.31-08.10.14:333][  0]LogConfig: Setting CVar [[r.DOF.Scatter.BackgroundCompositing:2    ; additive background scattering]]
[2022.01.31-08.10.14:333][  0]LogConfig: Setting CVar [[r.DOF.Scatter.EnableBokehSettings:1      ; bokeh simulation when scattering]]
[2022.01.31-08.10.14:333][  0]LogConfig: Setting CVar [[r.DOF.Scatter.MaxSpriteRatio:0.1         ; only a maximum of 10% of scattered bokeh]]
[2022.01.31-08.10.14:333][  0]LogConfig: Setting CVar [[r.DOF.Recombine.Quality:1                ; cheap slight out of focus]]
[2022.01.31-08.10.14:333][  0]LogConfig: Setting CVar [[r.DOF.Recombine.EnableBokehSettings:0    ; no bokeh simulation on slight out of focus]]
[2022.01.31-08.10.14:333][  0]LogConfig: Setting CVar [[r.DOF.TemporalAAQuality:1                ; more stable temporal accumulation]]
[2022.01.31-08.10.14:333][  0]LogConfig: Setting CVar [[r.DOF.Kernel.MaxForegroundRadius:0.025]]
[2022.01.31-08.10.14:333][  0]LogConfig: Setting CVar [[r.DOF.Kernel.MaxBackgroundRadius:0.025]]
[2022.01.31-08.10.14:333][  0]LogConfig: Applying CVar settings from Section [TextureQuality@3] File [F:/Programs/UE4/BuildingEscape/Saved/Config/Windows/Scalability.ini]
[2022.01.31-08.10.14:333][  0]LogConfig: Setting CVar [[r.Streaming.MipBias:0]]
[2022.01.31-08.10.14:333][  0]LogConfig: Setting CVar [[r.Streaming.AmortizeCPUToGPUCopy:0]]
[2022.01.31-08.10.14:333][  0]LogConfig: Setting CVar [[r.Streaming.MaxNumTexturesToStreamPerFrame:0]]
[2022.01.31-08.10.14:333][  0]LogConfig: Setting CVar [[r.Streaming.Boost:1]]
[2022.01.31-08.10.14:333][  0]LogConfig: Setting CVar [[r.MaxAnisotropy:8]]
[2022.01.31-08.10.14:333][  0]LogConfig: Setting CVar [[r.VT.MaxAnisotropy:8]]
[2022.01.31-08.10.14:333][  0]LogConfig: Setting CVar [[r.Streaming.LimitPoolSizeToVRAM:0]]
[2022.01.31-08.10.14:333][  0]LogConfig: Setting CVar [[r.Streaming.PoolSize:1000]]
[2022.01.31-08.10.14:333][  0]LogConfig: Setting CVar [[r.Streaming.MaxEffectiveScreenSize:0]]
[2022.01.31-08.10.14:333][  0]LogConfig: Applying CVar settings from Section [EffectsQuality@3] File [F:/Programs/UE4/BuildingEscape/Saved/Config/Windows/Scalability.ini]
[2022.01.31-08.10.14:333][  0]LogConfig: Setting CVar [[r.TranslucencyLightingVolumeDim:64]]
[2022.01.31-08.10.14:333][  0]LogConfig: Setting CVar [[r.RefractionQuality:2]]
[2022.01.31-08.10.14:333][  0]LogConfig: Setting CVar [[r.SSR.Quality:3]]
[2022.01.31-08.10.14:333][  0]LogConfig: Setting CVar [[r.SSR.HalfResSceneColor:0]]
[2022.01.31-08.10.14:333][  0]LogConfig: Setting CVar [[r.SceneColorFormat:4]]
[2022.01.31-08.10.14:333][  0]LogConfig: Setting CVar [[r.DetailMode:2]]
[2022.01.31-08.10.14:333][  0]LogConfig: Setting CVar [[r.TranslucencyVolumeBlur:1]]
[2022.01.31-08.10.14:333][  0]LogConfig: Setting CVar [[r.MaterialQualityLevel:1 ; High quality]]
[2022.01.31-08.10.14:333][  0]LogConfig: Setting CVar [[r.AnisotropicMaterials:1]]
[2022.01.31-08.10.14:333][  0]LogConfig: Setting CVar [[r.SSS.Scale:1]]
[2022.01.31-08.10.14:333][  0]LogConfig: Setting CVar [[r.SSS.SampleSet:2]]
[2022.01.31-08.10.14:333][  0]LogConfig: Setting CVar [[r.SSS.Quality:1]]
[2022.01.31-08.10.14:334][  0]LogConfig: Setting CVar [[r.SSS.HalfRes:0]]
[2022.01.31-08.10.14:334][  0]LogConfig: Setting CVar [[r.SSGI.Quality:3]]
[2022.01.31-08.10.14:334][  0]LogConfig: Setting CVar [[r.EmitterSpawnRateScale:1.0]]
[2022.01.31-08.10.14:334][  0]LogConfig: Setting CVar [[r.ParticleLightQuality:2]]
[2022.01.31-08.10.14:334][  0]LogConfig: Setting CVar [[r.SkyAtmosphere.AerialPerspectiveLUT.FastApplyOnOpaque:1 ; Always have FastSkyLUT 1 in this case to avoid wrong sky]]
[2022.01.31-08.10.14:334][  0]LogConfig: Setting CVar [[r.SkyAtmosphere.AerialPerspectiveLUT.SampleCountMaxPerSlice:4]]
[2022.01.31-08.10.14:334][  0]LogConfig: Setting CVar [[r.SkyAtmosphere.AerialPerspectiveLUT.DepthResolution:16.0]]
[2022.01.31-08.10.14:334][  0]LogConfig: Setting CVar [[r.SkyAtmosphere.FastSkyLUT:1]]
[2022.01.31-08.10.14:334][  0]LogConfig: Setting CVar [[r.SkyAtmosphere.FastSkyLUT.SampleCountMin:4.0]]
[2022.01.31-08.10.14:334][  0]LogConfig: Setting CVar [[r.SkyAtmosphere.FastSkyLUT.SampleCountMax:128.0]]
[2022.01.31-08.10.14:334][  0]LogConfig: Setting CVar [[r.SkyAtmosphere.SampleCountMin:4.0]]
[2022.01.31-08.10.14:334][  0]LogConfig: Setting CVar [[r.SkyAtmosphere.SampleCountMax:128.0]]
[2022.01.31-08.10.14:334][  0]LogConfig: Setting CVar [[r.SkyAtmosphere.TransmittanceLUT.UseSmallFormat:0]]
[2022.01.31-08.10.14:334][  0]LogConfig: Setting CVar [[r.SkyAtmosphere.TransmittanceLUT.SampleCount:10.0]]
[2022.01.31-08.10.14:334][  0]LogConfig: Setting CVar [[r.SkyAtmosphere.MultiScatteringLUT.SampleCount:15.0]]
[2022.01.31-08.10.14:334][  0]LogConfig: Setting CVar [[r.SkyLight.RealTimeReflectionCapture:1]]
[2022.01.31-08.10.14:334][  0]LogConfig: Applying CVar settings from Section [FoliageQuality@3] File [F:/Programs/UE4/BuildingEscape/Saved/Config/Windows/Scalability.ini]
[2022.01.31-08.10.14:334][  0]LogConfig: Setting CVar [[foliage.DensityScale:1.0]]
[2022.01.31-08.10.14:334][  0]LogConfig: Setting CVar [[grass.DensityScale:1.0]]
[2022.01.31-08.10.14:334][  0]LogConfig: Applying CVar settings from Section [ShadingQuality@3] File [F:/Programs/UE4/BuildingEscape/Saved/Config/Windows/Scalability.ini]
[2022.01.31-08.10.14:334][  0]LogConfig: Setting CVar [[r.HairStrands.SkyLighting.IntegrationType:2]]
[2022.01.31-08.10.14:334][  0]LogConfig: Setting CVar [[r.HairStrands.SkyAO.SampleCount:4]]
[2022.01.31-08.10.14:334][  0]LogConfig: Setting CVar [[r.HairStrands.Visibility.MSAA.SamplePerPixel:4]]
[2022.01.31-08.10.14:334][  0]LogConfig: Applying CVar settings from Section [Startup] File [../../../Engine/Config/ConsoleVariables.ini]
[2022.01.31-08.10.14:334][  0]LogConfig: Setting CVar [[net.UseAdaptiveNetUpdateFrequency:0]]
[2022.01.31-08.10.14:334][  0]LogConfig: Setting CVar [[p.chaos.AllowCreatePhysxBodies:1]]
[2022.01.31-08.10.14:334][  0]LogConfig: Setting CVar [[fx.SkipVectorVMBackendOptimizations:1]]
[2022.01.31-08.10.14:334][  0]LogConfig: Applying CVar settings from Section [ConsoleVariables] File [F:/Programs/UE4/BuildingEscape/Saved/Config/Windows/Engine.ini]
[2022.01.31-08.10.14:334][  0]LogConfig: Applying CVar settings from Section [ConsoleVariables] File [F:/Programs/UE4/BuildingEscape/Saved/Config/Windows/Editor.ini]
[2022.01.31-08.10.14:335][  0]LogInit: Computer: LAPTOP-QJB24JD4
[2022.01.31-08.10.14:335][  0]LogInit: User: VarunKGupta
[2022.01.31-08.10.14:335][  0]LogInit: CPU Page size=4096, Cores=6
[2022.01.31-08.10.14:335][  0]LogInit: High frequency timer resolution =10.000000 MHz
[2022.01.31-08.10.14:335][  0]LogMemory: Memory total: Physical=15.9GB (16GB approx)
[2022.01.31-08.10.14:335][  0]LogMemory: Platform Memory Stats for Windows
[2022.01.31-08.10.14:335][  0]LogMemory: Process Physical Memory: 149.04 MB used, 149.04 MB peak
[2022.01.31-08.10.14:335][  0]LogMemory: Process Virtual Memory: 126.42 MB used, 126.42 MB peak
[2022.01.31-08.10.14:335][  0]LogMemory: Physical Memory: 10555.66 MB used,  5677.95 MB free, 16233.61 MB total
[2022.01.31-08.10.14:335][  0]LogMemory: Virtual Memory: 134201920.00 MB used,  15810.66 MB free, 134217728.00 MB total
[2022.01.31-08.10.14:400][  0]LogWindows: WindowsPlatformFeatures enabled
[2022.01.31-08.10.14:488][  0]LogInit: Physics initialised using underlying interface: PhysX
[2022.01.31-08.10.14:490][  0]LogInit: Using OS detected language (en-US).
[2022.01.31-08.10.14:490][  0]LogInit: Overriding language with editor locale configuration option (en).
[2022.01.31-08.10.14:493][  0]LogTextLocalizationManager: No specific localization for 'en-US' exists, so the 'en' localization will be used.
[2022.01.31-08.10.14:765][  0]LogInit: Setting process to per monitor DPI aware
[2022.01.31-08.10.14:782][  0]LogWindowsTextInputMethodSystem: Display: IME system deactivated.
[2022.01.31-08.10.14:804][  0]LogSlate: New Slate User Created.  User Index 0, Is Virtual User: 0
[2022.01.31-08.10.14:804][  0]LogSlate: Slate User Registered.  User Index 0, Is Virtual User: 0
[2022.01.31-08.10.15:113][  0]LogD3D11RHI: Loaded GFSDK_Aftermath_Lib.x64.dll
[2022.01.31-08.10.15:233][  0]LogHMD: Failed to initialize OpenVR with code 100
[2022.01.31-08.10.15:233][  0]LogD3D11RHI: D3D11 min allowed feature level: 11_0
[2022.01.31-08.10.15:233][  0]LogD3D11RHI: D3D11 max allowed feature level: 11_0
[2022.01.31-08.10.15:233][  0]LogD3D11RHI: D3D11 adapters:
[2022.01.31-08.10.15:366][  0]LogD3D11RHI:    0. 'NVIDIA GeForce RTX 2070' (Feature Level 11_0)
[2022.01.31-08.10.15:366][  0]LogD3D11RHI:       8031/0/8116 MB DedicatedVideo/DedicatedSystem/SharedSystem, Outputs:2, VendorId:0x10de
[2022.01.31-08.10.15:406][  0]LogD3D11RHI:    1. 'Intel(R) UHD Graphics 630' (Feature Level 11_0)
[2022.01.31-08.10.15:406][  0]LogD3D11RHI:       128/0/8116 MB DedicatedVideo/DedicatedSystem/SharedSystem, Outputs:0, VendorId:0x8086
[2022.01.31-08.10.15:410][  0]LogD3D11RHI:    2. 'Microsoft Basic Render Driver' (Feature Level 11_0)
[2022.01.31-08.10.15:410][  0]LogD3D11RHI:       0/0/8116 MB DedicatedVideo/DedicatedSystem/SharedSystem, Outputs:0, VendorId:0x1414
[2022.01.31-08.10.15:410][  0]LogD3D11RHI: Chosen D3D11 Adapter:
[2022.01.31-08.10.15:410][  0]LogD3D11RHI:     Description : NVIDIA GeForce RTX 2070
[2022.01.31-08.10.15:410][  0]LogD3D11RHI:     VendorId    : 10de
[2022.01.31-08.10.15:410][  0]LogD3D11RHI:     DeviceId    : 1f10
[2022.01.31-08.10.15:410][  0]LogD3D11RHI:     SubSysId    : 18711043
[2022.01.31-08.10.15:410][  0]LogD3D11RHI:     Revision    : 00a1
[2022.01.31-08.10.15:410][  0]LogD3D11RHI:     DedicatedVideoMemory : 8421113856 bytes
[2022.01.31-08.10.15:410][  0]LogD3D11RHI:     DedicatedSystemMemory : 0 bytes
[2022.01.31-08.10.15:410][  0]LogD3D11RHI:     SharedSystemMemory : 8511086592 bytes
[2022.01.31-08.10.15:410][  0]LogD3D11RHI:     AdapterLuid : 0 76038
[2022.01.31-08.10.15:420][  0]LogD3D11RHI: Creating new Direct3DDevice
[2022.01.31-08.10.15:420][  0]LogD3D11RHI:     GPU DeviceId: 0x1f10 (for the marketing name, search the web for "GPU Device Id")
[2022.01.31-08.10.15:420][  0]LogWindows: EnumDisplayDevices:
[2022.01.31-08.10.15:421][  0]LogWindows:    0. 'Intel(R) UHD Graphics 630' (P:1 D:1)
[2022.01.31-08.10.15:421][  0]LogWindows:    1. 'Intel(R) UHD Graphics 630' (P:0 D:0)
[2022.01.31-08.10.15:421][  0]LogWindows:    2. 'Intel(R) UHD Graphics 630' (P:0 D:0)
[2022.01.31-08.10.15:422][  0]LogWindows:    3. 'NVIDIA GeForce RTX 2070' (P:0 D:1)
[2022.01.31-08.10.15:422][  0]LogWindows:    4. 'NVIDIA GeForce RTX 2070' (P:0 D:0)
[2022.01.31-08.10.15:422][  0]LogWindows:    5. 'NVIDIA GeForce RTX 2070' (P:0 D:0)
[2022.01.31-08.10.15:422][  0]LogWindows:    6. 'NVIDIA GeForce RTX 2070' (P:0 D:0)
[2022.01.31-08.10.15:423][  0]LogWindows: DebugString: PrimaryIsNotTheChoosenAdapter PrimaryIsNotTheChoosenAdapter PrimaryIsNotTheChoosenAdapter FoundDriverCount:4 
[2022.01.31-08.10.15:423][  0]LogD3D11RHI:     Adapter Name: NVIDIA GeForce RTX 2070
[2022.01.31-08.10.15:423][  0]LogD3D11RHI:   Driver Version: 511.23 (internal:30.0.15.1123, unified:511.23)
[2022.01.31-08.10.15:423][  0]LogD3D11RHI:      Driver Date: 1-10-2022
[2022.01.31-08.10.15:423][  0]LogRHI: Texture pool is 5621 MB (70% of 8031 MB)
[2022.01.31-08.10.15:423][  0]LogD3D11RHI: Creating D3DDevice using adapter:
[2022.01.31-08.10.15:423][  0]LogD3D11RHI:     Description : NVIDIA GeForce RTX 2070
[2022.01.31-08.10.15:423][  0]LogD3D11RHI:     VendorId    : 10de
[2022.01.31-08.10.15:423][  0]LogD3D11RHI:     DeviceId    : 1f10
[2022.01.31-08.10.15:423][  0]LogD3D11RHI:     SubSysId    : 18711043
[2022.01.31-08.10.15:423][  0]LogD3D11RHI:     Revision    : 00a1
[2022.01.31-08.10.15:423][  0]LogD3D11RHI:     DedicatedVideoMemory : 8421113856 bytes
[2022.01.31-08.10.15:423][  0]LogD3D11RHI:     DedicatedSystemMemory : 0 bytes
[2022.01.31-08.10.15:423][  0]LogD3D11RHI:     SharedSystemMemory : 8511086592 bytes
[2022.01.31-08.10.15:423][  0]LogD3D11RHI:     AdapterLuid : 0 76038
[2022.01.31-08.10.15:498][  0]LogD3D11RHI: RHI has support for 64 bit atomics
[2022.01.31-08.10.15:499][  0]LogD3D11RHI: Async texture creation enabled
[2022.01.31-08.10.15:499][  0]LogD3D11RHI: Array index from any shader is supported
[2022.01.31-08.10.15:525][  0]LogD3D11RHI: GPU Timing Frequency: 1000.000000 (Debug: 2 1)
[2022.01.31-08.10.15:601][  0]LogRHI: GeForceNow SDK initialized: 1
[2022.01.31-08.10.16:135][  0]LogTargetPlatformManager: Display: Loaded TargetPlatform 'AllDesktop'
[2022.01.31-08.10.16:162][  0]LogTargetPlatformManager: Display: Loaded TargetPlatform 'Android'
[2022.01.31-08.10.16:162][  0]LogTargetPlatformManager: Display: Loaded TargetPlatform 'Android_ASTC'
[2022.01.31-08.10.16:162][  0]LogTargetPlatformManager: Display: Loaded TargetPlatform 'Android_DXT'
[2022.01.31-08.10.16:162][  0]LogTargetPlatformManager: Display: Loaded TargetPlatform 'Android_ETC2'
[2022.01.31-08.10.16:162][  0]LogTargetPlatformManager: Display: Loaded TargetPlatform 'AndroidClient'
[2022.01.31-08.10.16:163][  0]LogTargetPlatformManager: Display: Loaded TargetPlatform 'Android_ASTCClient'
[2022.01.31-08.10.16:163][  0]LogTargetPlatformManager: Display: Loaded TargetPlatform 'Android_DXTClient'
[2022.01.31-08.10.16:163][  0]LogTargetPlatformManager: Display: Loaded TargetPlatform 'Android_ETC2Client'
[2022.01.31-08.10.16:163][  0]LogTargetPlatformManager: Display: Loaded TargetPlatform 'Android_Multi'
[2022.01.31-08.10.16:163][  0]LogTargetPlatformManager: Display: Loaded TargetPlatform 'Android_MultiClient'
[2022.01.31-08.10.16:190][  0]LogTargetPlatformManager: Display: Loaded TargetPlatform 'IOSClient'
[2022.01.31-08.10.16:190][  0]LogTargetPlatformManager: Display: Loaded TargetPlatform 'IOS'
[2022.01.31-08.10.16:206][  0]LogTargetPlatformManager: Display: Loaded TargetPlatform 'Linux'
[2022.01.31-08.10.16:213][  0]LogTargetPlatformManager: Display: Loaded TargetPlatform 'LinuxNoEditor'
[2022.01.31-08.10.16:220][  0]LogTargetPlatformManager: Display: Loaded TargetPlatform 'LinuxClient'
[2022.01.31-08.10.16:227][  0]LogTargetPlatformManager: Display: Loaded TargetPlatform 'LinuxServer'
[2022.01.31-08.10.16:239][  0]LogTargetPlatformManager: Display: Loaded TargetPlatform 'LinuxAArch64NoEditor'
[2022.01.31-08.10.16:246][  0]LogTargetPlatformManager: Display: Loaded TargetPlatform 'LinuxAArch64Client'
[2022.01.31-08.10.16:253][  0]LogTargetPlatformManager: Display: Loaded TargetPlatform 'LinuxAArch64Server'
[2022.01.31-08.10.16:284][  0]LogTargetPlatformManager: Display: Loaded TargetPlatform 'Lumin'
[2022.01.31-08.10.16:284][  0]LogTargetPlatformManager: Display: Loaded TargetPlatform 'LuminClient'
[2022.01.31-08.10.16:297][  0]LogTargetPlatformManager: Display: Loaded TargetPlatform 'MacNoEditor'
[2022.01.31-08.10.16:305][  0]LogTargetPlatformManager: Display: Loaded TargetPlatform 'Mac'
[2022.01.31-08.10.16:311][  0]LogTargetPlatformManager: Display: Loaded TargetPlatform 'MacClient'
[2022.01.31-08.10.16:319][  0]LogTargetPlatformManager: Display: Loaded TargetPlatform 'MacServer'
[2022.01.31-08.10.16:335][  0]LogTargetPlatformManager: Display: Loaded TargetPlatform 'TVOSClient'
[2022.01.31-08.10.16:335][  0]LogTargetPlatformManager: Display: Loaded TargetPlatform 'TVOS'
[2022.01.31-08.10.16:349][  0]LogTargetPlatformManager: Display: Loaded TargetPlatform 'WindowsNoEditor'
[2022.01.31-08.10.16:356][  0]LogTargetPlatformManager: Display: Loaded TargetPlatform 'Windows'
[2022.01.31-08.10.16:364][  0]LogTargetPlatformManager: Display: Loaded TargetPlatform 'WindowsClient'
[2022.01.31-08.10.16:371][  0]LogTargetPlatformManager: Display: Loaded TargetPlatform 'WindowsServer'
[2022.01.31-08.10.16:371][  0]LogTargetPlatformManager: Display: Building Assets For Windows
[2022.01.31-08.10.16:386][  0]LogAudioDebug: Display: Lib vorbis DLL was dynamically loaded.
[2022.01.31-08.10.16:438][  0]LogTextureFormatOodle: Display: Oodle Texture 2.9.0 init RDO Off
[2022.01.31-08.10.16:500][  0]LogRendererCore: Ray tracing is disabled. Reason: r.RayTracing=0.
[2022.01.31-08.10.16:500][  0]LogShaderCompilers: Guid format shader working directory is 16 characters bigger than the processId version (F:/Programs/UE4/BuildingEscape/Intermediate/Shaders/WorkingDirectory/9932/).
[2022.01.31-08.10.16:500][  0]LogShaderCompilers: Cleaned the shader compiler working directory 'C:/Users/varun/AppData/Local/Temp/UnrealShaderWorkingDir/34313C4C4901501A04B69DBDB0211D41/'.
[2022.01.31-08.10.16:500][  0]LogXGEController: Cannot use XGE Controller as Incredibuild is not installed on this machine.
[2022.01.31-08.10.16:500][  0]LogShaderCompilers: Cannot use XGE Shader Compiler as Incredibuild is not installed on this machine.
[2022.01.31-08.10.16:500][  0]LogShaderCompilers: Display: Using Local Shader Compiler.
[2022.01.31-08.10.17:409][  0]LogDerivedDataCache: Display: Max Cache Size: 512 MB
[2022.01.31-08.10.17:486][  0]LogDerivedDataCache: Loaded boot cache 0.08s 96MB C:/Users/varun/AppData/Local/UnrealEngine/4.27/DerivedDataCache/Boot.ddc.
[2022.01.31-08.10.17:487][  0]LogDerivedDataCache: Display: Loaded Boot cache: C:/Users/varun/AppData/Local/UnrealEngine/4.27/DerivedDataCache/Boot.ddc
[2022.01.31-08.10.17:487][  0]LogDerivedDataCache: FDerivedDataBackendGraph:  Pak pak cache file F:/Programs/UE4/BuildingEscape/DerivedDataCache/DDC.ddp not found, will not use a pak cache.
[2022.01.31-08.10.17:487][  0]LogDerivedDataCache: Unable to find inner node Pak for hierarchical cache Hierarchy.
[2022.01.31-08.10.17:487][  0]LogDerivedDataCache: FDerivedDataBackendGraph:  CompressedPak pak cache file F:/Programs/UE4/BuildingEscape/DerivedDataCache/Compressed.ddp not found, will not use a pak cache.
[2022.01.31-08.10.17:487][  0]LogDerivedDataCache: Unable to find inner node CompressedPak for hierarchical cache Hierarchy.
[2022.01.31-08.10.17:507][  0]LogDerivedDataCache: Display: Pak cache opened for reading ../../../Engine/DerivedDataCache/Compressed.ddp.
[2022.01.31-08.10.17:507][  0]LogDerivedDataCache: FDerivedDataBackendGraph:  EnterprisePak pak cache file ../../../Enterprise/DerivedDataCache/Compressed.ddp not found, will not use a pak cache.
[2022.01.31-08.10.17:507][  0]LogDerivedDataCache: Unable to find inner node EnterprisePak for hierarchical cache Hierarchy.
[2022.01.31-08.10.17:521][  0]LogDerivedDataCache: Speed tests for C:/Users/varun/AppData/Local/UnrealEngine/Common/DerivedDataCache took 0.01 seconds
[2022.01.31-08.10.17:521][  0]LogDerivedDataCache: Display: Performance to C:/Users/varun/AppData/Local/UnrealEngine/Common/DerivedDataCache: Latency=0.04ms. RandomReadSpeed=1001.06MBs, RandomWriteSpeed=77.34MBs. Assigned SpeedClass 'Local'
[2022.01.31-08.10.17:522][  0]LogDerivedDataCache: Using Local data cache path C:/Users/varun/AppData/Local/UnrealEngine/Common/DerivedDataCache: Writable
[2022.01.31-08.10.17:522][  0]LogDerivedDataCache: Shared data cache path not found in *engine.ini, will not use an Shared cache.
[2022.01.31-08.10.17:522][  0]LogDerivedDataCache: Unable to find inner node Shared for hierarchical cache Hierarchy.
[2022.01.31-08.10.17:582][  0]LogSlate: Using FreeType 2.10.0
[2022.01.31-08.10.17:583][  0]LogSlate: SlateFontServices - WITH_FREETYPE: 1, WITH_HARFBUZZ: 1
[2022.01.31-08.10.17:628][  0]LogAssetRegistry: FAssetRegistry took 0.0031 seconds to start up
[2022.01.31-08.10.17:950][  0]LogInit: Selected Device Profile: [Windows]
[2022.01.31-08.10.17:950][  0]LogInit: Active device profile: [0000014A7358F200][0000014A6A8F4CC0 49] Windows
[2022.01.31-08.10.17:950][  0]LogInit: Profiles: [0000014A7358F200][0000014A6A8F4CC0 49] Windows, [0000014A73545100][0000014A6AB80E40 49] WindowsNoEditor, [0000014A7358D000][0000014A6A67EFC0 49] WindowsServer, [0000014A73547000][0000014A6A683140 49] WindowsClient, [0000014A7358EF00][0000014A6A6872C0 49] IOS, [0000014A73545500][0000014A6A68B440 49] iPadAir, [0000014A7358D400][0000014A6A68F5C0 49] iPadAir2, [0000014A73508200][0000014A6A697880 49] IPadPro, [0000014A73508300][0000014A6A6938C0 49] iPadAir3, [0000014A7358EB00][0000014A71991A40 49] iPadAir4, [0000014A7350AA00][0000014A71995BC0 49] iPadMini2, [0000014A7358D600][0000014A719981C0 49] iPadMini3, [0000014A73509700][0000014A7199C340 49] iPadMini4, [0000014A7358E700][0000014A719A04C0 49] iPadMini5, [0000014A734FBA00][0000014A719A4700 49] iPhone6, [0000014A734FBB00][0000014A6AB7C740 49] iPodTouch6, [0000014A7350BA00][0000014A719AC980 49] iPhone7, [0000014A7350A900][0000014A719A89C0 49] iPodTouch7, [0000014A734F9300][0000014A64FBAB40 49] iPhone5S, [0000014A73509600][0000014A64FBECC0 49] iPhone6Plus, [0000014A734FAB00][0000014A64FC2E40 49] iPhone6S, [0000014A7350A600][0000014A64FC6FC0 49] iPhone6SPlus, [0000014A734F9800][0000014A64FCB140 49] iPhone7Plus, [0000014A73509A00][0000014A64FCF2C0 49] iPhoneSE, [0000014A734FBD00][0000014A64FD3440 49] iPhone8, [0000014A73509100][0000014A64FD75C0 49] iPhone8Plus, [0000014A734F9200][0000014A64FDF740 49] iPhoneX, [0000014A73509B00][0000014A708698C0 49] iPhoneXS, [0000014A734FA800][0000014A72F11A40 49] iPhoneXSMax, [0000014A7350B100][0000014A72F15BC0 49] iPhoneXR, [0000014A734FB900][0000014A72F301C0 49] iPhone11, [0000014A7350B700][0000014A72F34340 49] iPhone11Pro, [0000014A734FAC00][0000014A72F384C0 49] iPhone11ProMax, [0000014A73509200][0000014A72F3C640 49] iPhoneSE2, [0000014A734F9F00][0000014A719B0780 49] iPhone12Mini, [0000014A73509C00][0000014A72F408C0 49] iPhone12, [0000014A734FA100][0000014A72F48A00 49] iPhone12Pro, [0000014A73509300][0000014A6AB16B40 49] iPhone12ProMax, [0000014A734FA200][0000014A74334CC0 49] iPadPro105, [0000014A7350AE00][0000014A74338E40 49] iPadPro129, [0000014A734FA000][0000014A7433CFC0 49] iPadPro97, [0000014A7350AF00][0000014A74349140 49] iPadPro2_129, [0000014A734FBC00][0000014A7435D2C0 49] iPad5, [0000014A73509000][0000014A72C73440 49] iPad6, [0000014A734F8300][0000014A72C775C0 49] iPad7, [0000014A7350BB00][0000014A73FD1740 49] iPad8, [0000014A734FB800][0000014A73FD58C0 49] iPadPro11, [0000014A7350BE00][0000014A72C7BA40 49] iPadPro2_11, [0000014A734F8500][0000014A72C7FBC0 49] iPadPro3_129, [0000014A7350AB00][0000014A72C821C0 49] iPadPro4_129, [0000014A734FA700][0000014A74196340 49] AppleTV, [0000014A7350AC00][0000014A741CA4C0 49] AppleTV4K, [0000014A734FB100][0000014A741CE640 49] TVOS, [0000014A7350B500][0000014A7420E7C0 49] Mac, [0000014A734F8D00][0000014A74242940 49] MacClient, [0000014A7350A100][0000014A74330A80 49] MacNoEditor, [0000014A734FA400][0000014A74252BC0 49] MacServer, [0000014A7350A800][0000014A74256D00 49] Linux, [0000014A734F8200][0000014A7425EE80 49] LinuxAArch64, [0000014A7350B400][0000014A74267000 49] LinuxNoEditor, [0000014A734F9600][0000014A75825180 49] LinuxAArch64NoEditor, [0000014A73547A00][0000014A75829300 49] LinuxClient, [0000014A735CD700][0000014A7582D480 49] LinuxAArch64Client, [0000014A73545200][0000014A75831600 49] LinuxServer, [0000014A735CC100][0000014A75835780 49] LinuxAArch64Server, [0000014A73545600][0000014A6A88B900 49] Android, [0000014A735CD600][0000014A73F61A80 49] Android_Low, [0000014A73545400][0000014A73F79C00 49] Android_Mid, [0000014A735CCE00][0000014A6A8C2200 49] Android_High, [0000014A73546B00][0000014A6A8C6380 49] Android_Default, [0000014A735CC200][0000014A6A8CA500 49] Android_Adreno4xx, [0000014A73547E00][0000014A6A8D2680 49] Android_Adreno5xx_Low, [0000014A735CC300][0000014A6A8D6800 49] Android_Adreno5xx, [0000014A73546D00][0000014A740CC980 49] Android_Adreno6xx, [0000014A735CCD00][0000014A740D0B00 49] Android_Adreno6xx_Vulkan, [0000014A73544800][0000014A7425AC40 49] Android_Mali_T6xx, [0000014A735CD100][0000014A6A8DAD80 49] Android_Mali_T7xx, [0000014A73544A00][0000014A6A8E8EC0 49] Android_Mali_T8xx, [0000014A735CDD00][0000014A6A8F1040 49] Android_Mali_G71, [0000014A73545E00][0000014A7418B1C0 49] Android_Mali_G72, [0000014A735CD000][0000014A7418F340 49] Android_Mali_G72_Vulkan, [0000014A734FB400][0000014A741934C0 49] Android_Mali_G76, [0000014A73509800][0000014A741E7640 49] Android_Mali_G76_Vulkan, [0000014A734FA900][0000014A741EB7C0 49] Android_Mali_G77, [0000014A7350B900][0000014A741EF940 49] Android_Mali_G77_Vulkan, [0000014A734FBE00][0000014A741F3AC0 49] Android_Mali_G78, [0000014A73509D00][0000014A741F60C0 49] Android_Mali_G78_Vulkan, [0000014A734FB700][0000014A741FA240 49] Android_Mali_G710, [0000014A73508D00][0000014A741FE3C0 49] Android_Mali_G710_Vulkan, [0000014A734F9A00][0000014A74202540 49] Android_Vulkan_SM5, [0000014A73509400][0000014A742066C0 49] Android_PowerVR_G6xxx, [0000014A734FB300][0000014A7420A840 49] Android_PowerVR_GT7xxx, [0000014A7350B000][0000014A758389C0 49] Android_PowerVR_GE8xxx, [0000014A734FB600][0000014A7583CB40 49] Android_PowerVR_GM9xxx, [0000014A7350A300][0000014A75840CC0 49] Android_PowerVR_GM9xxx_Vulkan, [0000014A734FA600][0000014A6A8ECE00 49] Android_TegraK1, [0000014A73508900][0000014A75844F40 49] Android_Unknown_Vulkan, [0000014A734F8F00][0000014A75849080 49] Lumin, [0000014A735CC600][0000014A7584D1C0 49] Lumin_Desktop, [0000014A734F9500][0000014A75855340 49] HoloLens, 
[2022.01.31-08.10.18:165][  0]LogMeshReduction: Using QuadricMeshReduction for automatic static mesh reduction
[2022.01.31-08.10.18:165][  0]LogMeshReduction: Using SimplygonMeshReduction for automatic skeletal mesh reduction
[2022.01.31-08.10.18:165][  0]LogMeshReduction: Using ProxyLODMeshReduction for automatic mesh merging
[2022.01.31-08.10.18:165][  0]LogMeshReduction: No distributed automatic mesh merging module available
[2022.01.31-08.10.18:165][  0]LogMeshMerging: No distributed automatic mesh merging module available
[2022.01.31-08.10.18:199][  0]LogNetVersion: BuildingEscape 1.0.0, NetCL: 17155196, EngineNetVer: 17, GameNetVer: 0 (Checksum: 4056458892)
[2022.01.31-08.10.18:788][  0]LogTexture: Default maximum texture size for cubemaps generated from long-lat sources has been changed from 512 to unlimited. In order to preserve old behaiour for '/Engine/MapTemplates/Sky/DaylightAmbientCubemap.DaylightAmbientCubemap', its maximum texture size has been explicitly set to 512.
[2022.01.31-08.10.18:877][  0]LogHMD: PokeAHoleMaterial loaded successfully
[2022.01.31-08.10.18:883][  0]LogUObjectArray: 17178 objects as part of root set at end of initial load.
[2022.01.31-08.10.18:884][  0]LogUObjectAllocator: 4302048 out of 0 bytes used by permanent object pool.
[2022.01.31-08.10.18:884][  0]LogUObjectArray: CloseDisregardForGC: 0/0 objects in disregard for GC pool
[2022.01.31-08.10.19:368][  0]LogNiagaraDebuggerClient: Niagara Debugger Client Initialized | Session: F227677C4091B4EF5BF2B0B128CEF685 | Instance: 346455A142AD6C7A9AB6B8A71C3D96F6 (LAPTOP-QJB24JD4-9932).
[2022.01.31-08.10.19:425][  0]LogPython: Using Python 3.7.7
[2022.01.31-08.10.20:253][  0]LogTcpMessaging: Initializing TcpMessaging bridge
[2022.01.31-08.10.20:261][  0]LogUdpMessaging: Initializing bridge on interface 0.0.0.0:0 to multicast group 230.0.0.1:6666.
[2022.01.31-08.10.40:606][  0]LogWindows: Error: === Critical error: ===
[2022.01.31-08.10.40:606][  0]LogWindows: Error: 
[2022.01.31-08.10.40:606][  0]LogWindows: Error: Fatal error!
[2022.01.31-08.10.40:606][  0]LogWindows: Error: 
[2022.01.31-08.10.40:606][  0]LogWindows: Error: Unhandled Exception: EXCEPTION_ACCESS_VIOLATION reading address 0x0000000000000150
[2022.01.31-08.10.40:606][  0]LogWindows: Error: 
[2022.01.31-08.10.40:606][  0]LogWindows: Error: [Callstack] 0x00007ffad30e21d3 UE4Editor-BuildingEscape.dll!UDoor_Control::UDoor_Control() [F:\Programs\UE4\BuildingEscape\Source\BuildingEscape\Door_Control.cpp:14]
[2022.01.31-08.10.40:606][  0]LogWindows: Error: [Callstack] 0x00007ffaf63261d3 UE4Editor-CoreUObject.dll!UnknownFunction []
[2022.01.31-08.10.40:606][  0]LogWindows: Error: [Callstack] 0x00007ffaf6648faf UE4Editor-CoreUObject.dll!UnknownFunction []
[2022.01.31-08.10.40:606][  0]LogWindows: Error: [Callstack] 0x00007ffaf6625411 UE4Editor-CoreUObject.dll!UnknownFunction []
[2022.01.31-08.10.40:606][  0]LogWindows: Error: [Callstack] 0x00007ffaf64eddc5 UE4Editor-CoreUObject.dll!UnknownFunction []
[2022.01.31-08.10.40:606][  0]LogWindows: Error: [Callstack] 0x00007ffaf5221bea UE4Editor-Core.dll!UnknownFunction []
[2022.01.31-08.10.40:606][  0]LogWindows: Error: [Callstack] 0x00007ffaf52415a3 UE4Editor-Core.dll!UnknownFunction []
[2022.01.31-08.10.40:606][  0]LogWindows: Error: [Callstack] 0x00007ffb47756433 UE4Editor-Projects.dll!UnknownFunction []
[2022.01.31-08.10.40:606][  0]LogWindows: Error: [Callstack] 0x00007ffb4775674f UE4Editor-Projects.dll!UnknownFunction []
[2022.01.31-08.10.40:606][  0]LogWindows: Error: [Callstack] 0x00007ff7d3d15642 UE4Editor.exe!UnknownFunction []
[2022.01.31-08.10.40:606][  0]LogWindows: Error: [Callstack] 0x00007ff7d3d19000 UE4Editor.exe!UnknownFunction []
[2022.01.31-08.10.40:606][  0]LogWindows: Error: [Callstack] 0x00007ff7d3d10d2c UE4Editor.exe!UnknownFunction []
[2022.01.31-08.10.40:606][  0]LogWindows: Error: [Callstack] 0x00007ff7d3d110ba UE4Editor.exe!UnknownFunction []
[2022.01.31-08.10.40:606][  0]LogWindows: Error: [Callstack] 0x00007ff7d3d140dd UE4Editor.exe!UnknownFunction []
[2022.01.31-08.10.40:606][  0]LogWindows: Error: [Callstack] 0x00007ff7d3d25984 UE4Editor.exe!UnknownFunction []
[2022.01.31-08.10.40:606][  0]LogWindows: Error: [Callstack] 0x00007ff7d3d2853a UE4Editor.exe!UnknownFunction []
[2022.01.31-08.10.40:606][  0]LogWindows: Error: [Callstack] 0x00007ffb9a916ab0 KERNEL32.DLL!UnknownFunction []
[2022.01.31-08.10.40:606][  0]LogWindows: Error: [Callstack] 0x00007ffb9be11dbb ntdll.dll!UnknownFunction []
[2022.01.31-08.10.40:606][  0]LogWindows: Error: 
[2022.01.31-08.10.40:645][  0]LogExit: Executing StaticShutdownAfterError
[2022.01.31-08.10.40:648][  0]LogWindows: FPlatformMisc::RequestExit(1)
[2022.01.31-08.10.40:648][  0]LogWindows: FPlatformMisc::RequestExitWithStatus(1, 3)
[2022.01.31-08.10.40:648][  0]LogCore: Engine exit requested (reason: Win RequestExit)
[2022.01.31-08.10.40:675][  0]Log file closed, 01/31/22 13:40:40
