Log file open, 01/31/22 13:41:42
LogWindows: Failed to load 'aqProf.dll' (GetLastError=126)
LogWindows: File 'aqProf.dll' does not exist
LogWindows: Failed to load 'VtuneApi.dll' (GetLastError=126)
LogWindows: File 'VtuneApi.dll' does not exist
LogWindows: Failed to load 'VtuneApi32e.dll' (GetLastError=126)
LogWindows: File 'VtuneApi32e.dll' does not exist
LogConsoleResponse: Display: Failed to find resolution value strings in scalability ini. Falling back to default.
LogConsoleResponse: Display: Failed to find resolution value strings in scalability ini. Falling back to default.
LogInit: Display: Running engine for game: BuildingEscape
LogPlatformFile: Not using cached read wrapper
LogTaskGraph: Started task graph with 5 named threads and 35 total threads with 3 sets of task threads.
LogStats: Stats thread started at 0.295770
LogICUInternationalization: ICU TimeZone Detection - Raw Offset: +5:30, Platform Override: ''
LogInit: Display: Loading text-based GConfig....
LogPluginManager: Mounting plugin MeshPainting
LogPluginManager: Mounting plugin XGEController
LogPluginManager: Mounting plugin Paper2D
LogPluginManager: Mounting plugin AISupport
LogPluginManager: Mounting plugin LightPropagationVolume
LogPluginManager: Mounting plugin EnvironmentQueryEditor
LogPluginManager: Mounting plugin LiveLink
LogPluginManager: Mounting plugin OodleData
LogPluginManager: Mounting plugin CameraShakePreviewer
LogPluginManager: Mounting plugin GameplayCameras
LogPluginManager: Mounting plugin OodleNetwork
LogPluginManager: Mounting plugin AnimationSharing
LogPluginManager: Mounting plugin CLionSourceCodeAccess
LogPluginManager: Mounting plugin CodeLiteSourceCodeAccess
LogPluginManager: Mounting plugin GitSourceControl
LogPluginManager: Mounting plugin KDevelopSourceCodeAccess
LogPluginManager: Mounting plugin NullSourceCodeAccess
LogPluginManager: Mounting plugin PixWinPlugin
LogPluginManager: Mounting plugin PerforceSourceControl
LogPluginManager: Mounting plugin PlasticSourceControl
LogPluginManager: Mounting plugin PluginUtils
LogPluginManager: Mounting plugin PropertyAccessNode
LogPluginManager: Mounting plugin RiderSourceCodeAccess
LogPluginManager: Mounting plugin SubversionSourceControl
LogPluginManager: Mounting plugin TextureFormatOodle
LogPluginManager: Mounting plugin UObjectPlugin
LogPluginManager: Mounting plugin VisualStudioCodeSourceCodeAccess
LogPluginManager: Mounting plugin VisualStudioSourceCodeAccess
LogPluginManager: Mounting plugin AssetManagerEditor
LogPluginManager: Mounting plugin XCodeSourceCodeAccess
LogPluginManager: Mounting plugin CryptoKeys
LogPluginManager: Mounting plugin CurveEditorTools
LogPluginManager: Mounting plugin DataValidation
LogPluginManager: Mounting plugin FacialAnimation
LogPluginManager: Mounting plugin GameplayTagsEditor
LogPluginManager: Mounting plugin GeometryMode
LogPluginManager: Mounting plugin DatasmithContent
LogPluginManager: Mounting plugin MacGraphicsSwitching
LogPluginManager: Mounting plugin MaterialAnalyzer
LogPluginManager: Mounting plugin MobileLauncherProfileWizard
LogPluginManager: Mounting plugin PluginBrowser
LogPluginManager: Mounting plugin SpeedTreeImporter
LogPluginManager: Mounting plugin AlembicImporter
LogPluginManager: Mounting plugin VariantManagerContent
LogPluginManager: Mounting plugin AutomationUtils
LogPluginManager: Mounting plugin BackChannel
LogPluginManager: Mounting plugin ChaosCloth
LogPluginManager: Mounting plugin ChaosEditor
LogPluginManager: Mounting plugin ChaosClothEditor
LogPluginManager: Mounting plugin ChaosNiagara
LogPluginManager: Mounting plugin ChaosSolverPlugin
LogPluginManager: Mounting plugin CharacterAI
LogPluginManager: Mounting plugin GeometryCache
LogPluginManager: Mounting plugin GeometryCollectionPlugin
LogPluginManager: Mounting plugin GeometryProcessing
LogPluginManager: Mounting plugin MotoSynth
LogPluginManager: Mounting plugin OpenImageDenoise
LogPluginManager: Mounting plugin PlanarCut
LogPluginManager: Mounting plugin PlatformCrypto
LogPluginManager: Mounting plugin ProxyLODPlugin
LogPluginManager: Mounting plugin PythonScriptPlugin
LogPluginManager: Mounting plugin SkeletalReduction
LogPluginManager: Mounting plugin Niagara
LogPluginManager: Mounting plugin AndroidMedia
LogPluginManager: Mounting plugin AvfMedia
LogPluginManager: Mounting plugin ImgMedia
LogPluginManager: Mounting plugin MediaCompositing
LogPluginManager: Mounting plugin LuminPlatformFeatures
LogPluginManager: Mounting plugin MagicLeap
LogPluginManager: Mounting plugin MediaPlayerEditor
LogPluginManager: Mounting plugin WmfMedia
LogPluginManager: Mounting plugin WebMMedia
LogPluginManager: Mounting plugin MagicLeapLightEstimation
LogPluginManager: Mounting plugin MagicLeapMedia
LogPluginManager: Mounting plugin TcpMessaging
LogPluginManager: Mounting plugin UdpMessaging
LogPluginManager: Mounting plugin MagicLeapPassableWorld
LogPluginManager: Mounting plugin ActorSequence
LogPluginManager: Mounting plugin MLSDK
LogPluginManager: Mounting plugin LevelSequenceEditor
LogPluginManager: Mounting plugin MatineeToLevelSequence
LogPluginManager: Mounting plugin TemplateSequence
LogPluginManager: Mounting plugin OnlineSubsystem
LogPluginManager: Mounting plugin ActorLayerUtilities
LogPluginManager: Mounting plugin OnlineSubsystemNull
LogPluginManager: Mounting plugin OnlineSubsystemUtils
LogPluginManager: Mounting plugin AndroidDeviceProfileSelector
LogPluginManager: Mounting plugin AndroidMoviePlayer
LogPluginManager: Mounting plugin AndroidPermission
LogPluginManager: Mounting plugin AppleImageUtils
LogPluginManager: Mounting plugin AppleMoviePlayer
LogPluginManager: Mounting plugin ArchVisCharacter
LogPluginManager: Mounting plugin AssetTags
LogPluginManager: Mounting plugin AudioCapture
LogPluginManager: Mounting plugin AudioSynesthesia
LogPluginManager: Mounting plugin CableComponent
LogPluginManager: Mounting plugin ChunkDownloader
LogPluginManager: Mounting plugin CustomMeshComponent
LogPluginManager: Mounting plugin EditableMesh
LogPluginManager: Mounting plugin ExampleDeviceProfileSelector
LogPluginManager: Mounting plugin LauncherChunkInstaller
LogPluginManager: Mounting plugin GoogleCloudMessaging
LogPluginManager: Mounting plugin GooglePAD
LogPluginManager: Mounting plugin IOSDeviceProfileSelector
LogPluginManager: Mounting plugin LinuxDeviceProfileSelector
LogPluginManager: Mounting plugin LocationServicesBPLibrary
LogPluginManager: Mounting plugin MobilePatchingUtils
LogPluginManager: Mounting plugin OpenXR
LogPluginManager: Mounting plugin OpenXREyeTracker
LogPluginManager: Mounting plugin OpenXRHandTracking
LogPluginManager: Mounting plugin PhysXVehicles
LogPluginManager: Mounting plugin PostSplashScreen
LogPluginManager: Mounting plugin ProceduralMeshComponent
LogPluginManager: Mounting plugin PropertyAccessEditor
LogPluginManager: Mounting plugin RuntimePhysXCooking
LogPluginManager: Mounting plugin SignificanceManager
LogPluginManager: Mounting plugin SoundFields
LogPluginManager: Mounting plugin Synthesis
LogPluginManager: Mounting plugin WebMMoviePlayer
LogPluginManager: Mounting plugin WindowsMoviePlayer
LogPluginManager: Mounting plugin ScreenshotTools
LogPluginManager: Mounting plugin Takes
LogPluginManager: Mounting plugin ContentBrowserAssetDataSource
LogPluginManager: Mounting plugin ContentBrowserClassDataSource
LogPluginManager: Mounting plugin ContentBrowserFileDataSource
LogPluginManager: Mounting plugin OnlineSubsystemGooglePlay
LogPluginManager: Mounting plugin OnlineSubsystemIOS
LogPluginManager: Mounting plugin OculusVR
LogPluginManager: Mounting plugin SteamVR
PixWinPlugin: PIX capture plugin failed to initialize! Check that the process is launched from PIX.
LogInit: Using libcurl 7.55.1-DEV
LogInit:  - built for x86_64-pc-win32
LogInit:  - supports SSL with OpenSSL/1.1.1
LogInit:  - supports HTTP deflate (compression) using libz 1.2.8
LogInit:  - other features:
LogInit:      CURL_VERSION_SSL
LogInit:      CURL_VERSION_LIBZ
LogInit:      CURL_VERSION_IPV6
LogInit:      CURL_VERSION_ASYNCHDNS
LogInit:      CURL_VERSION_LARGEFILE
LogInit:      CURL_VERSION_IDN
LogInit:  CurlRequestOptions (configurable via config and command line):
LogInit:  - bVerifyPeer = true  - Libcurl will verify peer certificate
LogInit:  - bUseHttpProxy = false  - Libcurl will NOT use HTTP proxy
LogInit:  - bDontReuseConnections = false  - Libcurl will reuse connections
LogInit:  - MaxHostConnections = 16  - Libcurl will limit the number of connections to a host
LogInit:  - LocalHostAddr = Default
LogInit:  - BufferSize = 65536
LogOnline: OSS: Creating online subsystem instance for: NULL
LogInit: WinSock: version 1.1 (2.2), MaxSocks=32767, MaxUdp=65467
LogOnline: OSS: TryLoadSubsystemAndSetDefault: Loaded subsystem for module [NULL]
LogOculusPluginWrapper: OculusPlugin initialized successfully
LogHMD: Failed initializing OVRPlugin 1.59.0
LogInit: Build: ++UE4+Release-4.27-CL-18319896
LogInit: Engine Version: 4.27.2-18319896+++UE4+Release-4.27
LogInit: Compatible Engine Version: 4.27.0-17155196+++UE4+Release-4.27
LogInit: Net CL: 17155196
LogInit: OS: Windows 10 (Release 2009) (), CPU: Intel(R) Core(TM) i7-9750H CPU @ 2.60GHz, GPU: Intel(R) UHD Graphics 630
LogInit: Compiled (64-bit): Nov 30 2021 07:12:08
LogInit: Compiled with Visual C++: 19.24.28315.00
LogInit: Build Configuration: Development
LogInit: Branch Name: ++UE4+Release-4.27
LogInit: Command Line: 
LogInit: Base Directory: E:/Epic Games/UE_4.27/Engine/Binaries/Win64/
LogInit: Allocator: TBB
LogInit: Installed Engine Build: 1
LogDevObjectVersion: Number of dev versions registered: 29
LogDevObjectVersion:   Dev-Blueprints (B0D832E4-1F89-4F0D-ACCF-7EB736FD4AA2): 10
LogDevObjectVersion:   Dev-Build (E1C64328-A22C-4D53-A36C-8E866417BD8C): 0
LogDevObjectVersion:   Dev-Core (375EC13C-06E4-48FB-B500-84F0262A717E): 4
LogDevObjectVersion:   Dev-Editor (E4B068ED-F494-42E9-A231-DA0B2E46BB41): 40
LogDevObjectVersion:   Dev-Framework (CFFC743F-43B0-4480-9391-14DF171D2073): 37
LogDevObjectVersion:   Dev-Mobile (B02B49B5-BB20-44E9-A304-32B752E40360): 3
LogDevObjectVersion:   Dev-Networking (A4E4105C-59A1-49B5-A7C5-40C4547EDFEE): 0
LogDevObjectVersion:   Dev-Online (39C831C9-5AE6-47DC-9A44-9C173E1C8E7C): 0
LogDevObjectVersion:   Dev-Physics (78F01B33-EBEA-4F98-B9B4-84EACCB95AA2): 14
LogDevObjectVersion:   Dev-Platform (6631380F-2D4D-43E0-8009-CF276956A95A): 0
LogDevObjectVersion:   Dev-Rendering (12F88B9F-8875-4AFC-A67C-D90C383ABD29): 45
LogDevObjectVersion:   Dev-Sequencer (7B5AE74C-D270-4C10-A958-57980B212A5A): 13
LogDevObjectVersion:   Dev-VR (D7296918-1DD6-4BDD-9DE2-64A83CC13884): 3
LogDevObjectVersion:   Dev-LoadTimes (C2A15278-BFE7-4AFE-6C17-90FF531DF755): 1
LogDevObjectVersion:   Private-Geometry (6EACA3D4-40EC-4CC1-B786-8BED09428FC5): 3
LogDevObjectVersion:   Dev-AnimPhys (29E575DD-E0A3-4627-9D10-D276232CDCEA): 17
LogDevObjectVersion:   Dev-Anim (AF43A65D-7FD3-4947-9873-3E8ED9C1BB05): 15
LogDevObjectVersion:   Dev-ReflectionCapture (6B266CEC-1EC7-4B8F-A30B-E4D90942FC07): 1
LogDevObjectVersion:   Dev-Automation (0DF73D61-A23F-47EA-B727-89E90C41499A): 1
LogDevObjectVersion:   FortniteMain (601D1886-AC64-4F84-AA16-D3DE0DEAC7D6): 47
LogDevObjectVersion:   FortniteRelease (E7086368-6B23-4C58-8439-1B7016265E91): 1
LogDevObjectVersion:   Dev-Enterprise (9DFFBCD6-494F-0158-E221-12823C92A888): 10
LogDevObjectVersion:   Dev-Niagara (F2AED0AC-9AFE-416F-8664-AA7FFA26D6FC): 1
LogDevObjectVersion:   Dev-Destruction (174F1F0B-B4C6-45A5-B13F-2EE8D0FB917D): 10
LogDevObjectVersion:   Dev-Physics-Ext (35F94A83-E258-406C-A318-09F59610247C): 41
LogDevObjectVersion:   Dev-PhysicsMaterial-Chaos (B68FC16E-8B1B-42E2-B453-215C058844FE): 1
LogDevObjectVersion:   Dev-CineCamera (B2E18506-4273-CFC2-A54E-F4BB758BBA07): 1
LogDevObjectVersion:   Dev-VirtualProduction (64F58936-FD1B-42BA-BA96-7289D5D0FA4E): 1
LogDevObjectVersion:   Dev-MediaFramework (6F0ED827-A609-4895-9C91-998D90180EA4): 2
LogInit: Presizing for max 25165824 objects, including 0 objects not considered by GC, pre-allocating 0 bytes for permanent pool.
LogConfig: Applying CVar settings from Section [/Script/Engine.StreamingSettings] File [F:/Programs/UE4/BuildingEscape/Saved/Config/Windows/Engine.ini]
LogConfig: Setting CVar [[s.MinBulkDataSizeForAsyncLoading:131072]]
LogConfig: Setting CVar [[s.AsyncLoadingThreadEnabled:0]]
LogConfig: Setting CVar [[s.EventDrivenLoaderEnabled:1]]
LogConfig: Setting CVar [[s.WarnIfTimeLimitExceeded:0]]
LogConfig: Setting CVar [[s.TimeLimitExceededMultiplier:1.5]]
LogConfig: Setting CVar [[s.TimeLimitExceededMinTime:0.005]]
LogConfig: Setting CVar [[s.UseBackgroundLevelStreaming:1]]
LogConfig: Setting CVar [[s.PriorityAsyncLoadingExtraTime:15.0]]
LogConfig: Setting CVar [[s.LevelStreamingActorsUpdateTimeLimit:5.0]]
LogConfig: Setting CVar [[s.PriorityLevelStreamingActorsUpdateExtraTime:5.0]]
LogConfig: Setting CVar [[s.LevelStreamingComponentsRegistrationGranularity:10]]
LogConfig: Setting CVar [[s.UnregisterComponentsTimeLimit:1.0]]
LogConfig: Setting CVar [[s.LevelStreamingComponentsUnregistrationGranularity:5]]
LogConfig: Setting CVar [[s.FlushStreamingOnExit:1]]
LogInit: Object subsystem initialized
LogConfig: Setting CVar [[con.DebugEarlyDefault:1]]
LogConfig: Setting CVar [[r.setres:1280x720]]
[2022.01.31-08.11.42:985][  0]LogConfig: Setting CVar [[r.VSync:0]]
[2022.01.31-08.11.42:985][  0]LogConfig: Setting CVar [[r.RHICmdBypass:0]]
[2022.01.31-08.11.42:985][  0]LogConfig: Applying CVar settings from Section [/Script/Engine.RendererSettings] File [F:/Programs/UE4/BuildingEscape/Saved/Config/Windows/Engine.ini]
[2022.01.31-08.11.42:985][  0]LogConfig: Setting CVar [[r.GPUCrashDebugging:0]]
[2022.01.31-08.11.42:985][  0]LogConfig: Applying CVar settings from Section [/Script/Engine.RendererOverrideSettings] File [F:/Programs/UE4/BuildingEscape/Saved/Config/Windows/Engine.ini]
[2022.01.31-08.11.42:985][  0]LogConfig: Applying CVar settings from Section [/Script/Engine.StreamingSettings] File [F:/Programs/UE4/BuildingEscape/Saved/Config/Windows/Engine.ini]
[2022.01.31-08.11.42:985][  0]LogConfig: Setting CVar [[s.MinBulkDataSizeForAsyncLoading:131072]]
[2022.01.31-08.11.42:985][  0]LogConfig: Setting CVar [[s.AsyncLoadingThreadEnabled:0]]
[2022.01.31-08.11.42:985][  0]LogConfig: Setting CVar [[s.EventDrivenLoaderEnabled:1]]
[2022.01.31-08.11.42:985][  0]LogConfig: Setting CVar [[s.WarnIfTimeLimitExceeded:0]]
[2022.01.31-08.11.42:985][  0]LogConfig: Setting CVar [[s.TimeLimitExceededMultiplier:1.5]]
[2022.01.31-08.11.42:985][  0]LogConfig: Setting CVar [[s.TimeLimitExceededMinTime:0.005]]
[2022.01.31-08.11.42:985][  0]LogConfig: Setting CVar [[s.UseBackgroundLevelStreaming:1]]
[2022.01.31-08.11.42:985][  0]LogConfig: Setting CVar [[s.PriorityAsyncLoadingExtraTime:15.0]]
[2022.01.31-08.11.42:985][  0]LogConfig: Setting CVar [[s.LevelStreamingActorsUpdateTimeLimit:5.0]]
[2022.01.31-08.11.42:985][  0]LogConfig: Setting CVar [[s.PriorityLevelStreamingActorsUpdateExtraTime:5.0]]
[2022.01.31-08.11.42:985][  0]LogConfig: Setting CVar [[s.LevelStreamingComponentsRegistrationGranularity:10]]
[2022.01.31-08.11.42:985][  0]LogConfig: Setting CVar [[s.UnregisterComponentsTimeLimit:1.0]]
[2022.01.31-08.11.42:985][  0]LogConfig: Setting CVar [[s.LevelStreamingComponentsUnregistrationGranularity:5]]
[2022.01.31-08.11.42:985][  0]LogConfig: Setting CVar [[s.FlushStreamingOnExit:1]]
[2022.01.31-08.11.42:985][  0]LogConfig: Applying CVar settings from Section [/Script/Engine.GarbageCollectionSettings] File [F:/Programs/UE4/BuildingEscape/Saved/Config/Windows/Engine.ini]
[2022.01.31-08.11.42:985][  0]LogConfig: Setting CVar [[gc.MaxObjectsNotConsideredByGC:1]]
[2022.01.31-08.11.42:985][  0]LogConfig: Setting CVar [[gc.SizeOfPermanentObjectPool:0]]
[2022.01.31-08.11.42:985][  0]LogConfig: Setting CVar [[gc.FlushStreamingOnGC:0]]
[2022.01.31-08.11.42:985][  0]LogConfig: Setting CVar [[gc.NumRetriesBeforeForcingGC:10]]
[2022.01.31-08.11.42:985][  0]LogConfig: Setting CVar [[gc.AllowParallelGC:1]]
[2022.01.31-08.11.42:985][  0]LogConfig: Setting CVar [[gc.TimeBetweenPurgingPendingKillObjects:61.1]]
[2022.01.31-08.11.42:985][  0]LogConfig: Setting CVar [[gc.MaxObjectsInEditor:25165824]]
[2022.01.31-08.11.42:985][  0]LogConfig: Setting CVar [[gc.IncrementalBeginDestroyEnabled:1]]
[2022.01.31-08.11.42:985][  0]LogConfig: Setting CVar [[gc.CreateGCClusters:1]]
[2022.01.31-08.11.42:985][  0]LogConfig: Setting CVar [[gc.MinGCClusterSize:5]]
[2022.01.31-08.11.42:985][  0]LogConfig: Setting CVar [[gc.ActorClusteringEnabled:0]]
[2022.01.31-08.11.42:985][  0]LogConfig: Setting CVar [[gc.BlueprintClusteringEnabled:0]]
[2022.01.31-08.11.42:985][  0]LogConfig: Setting CVar [[gc.UseDisregardForGCOnDedicatedServers:0]]
[2022.01.31-08.11.42:985][  0]LogConfig: Setting CVar [[gc.MultithreadedDestructionEnabled:1]]
[2022.01.31-08.11.42:985][  0]LogConfig: Applying CVar settings from Section [/Script/Engine.NetworkSettings] File [F:/Programs/UE4/BuildingEscape/Saved/Config/Windows/Engine.ini]
[2022.01.31-08.11.42:986][  0]LogConfig: Applying CVar settings from Section [/Script/UnrealEd.CookerSettings] File [F:/Programs/UE4/BuildingEscape/Saved/Config/Windows/Engine.ini]
[2022.01.31-08.11.43:008][  0]LogConfig: Applying CVar settings from Section [ViewDistanceQuality@3] File [F:/Programs/UE4/BuildingEscape/Saved/Config/Windows/Scalability.ini]
[2022.01.31-08.11.43:008][  0]LogConfig: Setting CVar [[r.SkeletalMeshLODBias:0]]
[2022.01.31-08.11.43:008][  0]LogConfig: Setting CVar [[r.ViewDistanceScale:1.0]]
[2022.01.31-08.11.43:008][  0]LogConfig: Applying CVar settings from Section [AntiAliasingQuality@3] File [F:/Programs/UE4/BuildingEscape/Saved/Config/Windows/Scalability.ini]
[2022.01.31-08.11.43:008][  0]LogConfig: Setting CVar [[r.PostProcessAAQuality:4]]
[2022.01.31-08.11.43:008][  0]LogConfig: Applying CVar settings from Section [ShadowQuality@3] File [F:/Programs/UE4/BuildingEscape/Saved/Config/Windows/Scalability.ini]
[2022.01.31-08.11.43:008][  0]LogConfig: Setting CVar [[r.LightFunctionQuality:1]]
[2022.01.31-08.11.43:008][  0]LogConfig: Setting CVar [[r.ShadowQuality:5]]
[2022.01.31-08.11.43:008][  0]LogConfig: Setting CVar [[r.Shadow.CSM.MaxCascades:10]]
[2022.01.31-08.11.43:008][  0]LogConfig: Setting CVar [[r.Shadow.MaxResolution:2048]]
[2022.01.31-08.11.43:008][  0]LogConfig: Setting CVar [[r.Shadow.MaxCSMResolution:2048]]
[2022.01.31-08.11.43:008][  0]LogConfig: Setting CVar [[r.Shadow.RadiusThreshold:0.01]]
[2022.01.31-08.11.43:008][  0]LogConfig: Setting CVar [[r.Shadow.DistanceScale:1.0]]
[2022.01.31-08.11.43:008][  0]LogConfig: Setting CVar [[r.Shadow.CSM.TransitionScale:1.0]]
[2022.01.31-08.11.43:008][  0]LogConfig: Setting CVar [[r.Shadow.PreShadowResolutionFactor:1.0]]
[2022.01.31-08.11.43:008][  0]LogConfig: Setting CVar [[r.DistanceFieldShadowing:1]]
[2022.01.31-08.11.43:008][  0]LogConfig: Setting CVar [[r.DistanceFieldAO:1]]
[2022.01.31-08.11.43:008][  0]LogConfig: Setting CVar [[r.AOQuality:2]]
[2022.01.31-08.11.43:008][  0]LogConfig: Setting CVar [[r.VolumetricFog:1]]
[2022.01.31-08.11.43:008][  0]LogConfig: Setting CVar [[r.VolumetricFog.GridPixelSize:8]]
[2022.01.31-08.11.43:008][  0]LogConfig: Setting CVar [[r.VolumetricFog.GridSizeZ:128]]
[2022.01.31-08.11.43:008][  0]LogConfig: Setting CVar [[r.VolumetricFog.HistoryMissSupersampleCount:4]]
[2022.01.31-08.11.43:008][  0]LogConfig: Setting CVar [[r.LightMaxDrawDistanceScale:1]]
[2022.01.31-08.11.43:008][  0]LogConfig: Setting CVar [[r.CapsuleShadows:1]]
[2022.01.31-08.11.43:008][  0]LogConfig: Applying CVar settings from Section [PostProcessQuality@3] File [F:/Programs/UE4/BuildingEscape/Saved/Config/Windows/Scalability.ini]
[2022.01.31-08.11.43:008][  0]LogConfig: Setting CVar [[r.MotionBlurQuality:4]]
[2022.01.31-08.11.43:008][  0]LogConfig: Setting CVar [[r.AmbientOcclusionMipLevelFactor:0.4]]
[2022.01.31-08.11.43:008][  0]LogConfig: Setting CVar [[r.AmbientOcclusionMaxQuality:100]]
[2022.01.31-08.11.43:008][  0]LogConfig: Setting CVar [[r.AmbientOcclusionLevels:-1]]
[2022.01.31-08.11.43:009][  0]LogConfig: Setting CVar [[r.AmbientOcclusionRadiusScale:1.0]]
[2022.01.31-08.11.43:009][  0]LogConfig: Setting CVar [[r.DepthOfFieldQuality:2]]
[2022.01.31-08.11.43:009][  0]LogConfig: Setting CVar [[r.RenderTargetPoolMin:400]]
[2022.01.31-08.11.43:009][  0]LogConfig: Setting CVar [[r.LensFlareQuality:2]]
[2022.01.31-08.11.43:009][  0]LogConfig: Setting CVar [[r.SceneColorFringeQuality:1]]
[2022.01.31-08.11.43:009][  0]LogConfig: Setting CVar [[r.EyeAdaptationQuality:2]]
[2022.01.31-08.11.43:009][  0]LogConfig: Setting CVar [[r.BloomQuality:5]]
[2022.01.31-08.11.43:009][  0]LogConfig: Setting CVar [[r.FastBlurThreshold:100]]
[2022.01.31-08.11.43:009][  0]LogConfig: Setting CVar [[r.Upscale.Quality:3]]
[2022.01.31-08.11.43:009][  0]LogConfig: Setting CVar [[r.Tonemapper.GrainQuantization:1]]
[2022.01.31-08.11.43:009][  0]LogConfig: Setting CVar [[r.LightShaftQuality:1]]
[2022.01.31-08.11.43:009][  0]LogConfig: Setting CVar [[r.Filter.SizeScale:1]]
[2022.01.31-08.11.43:009][  0]LogConfig: Setting CVar [[r.Tonemapper.Quality:5]]
[2022.01.31-08.11.43:009][  0]LogConfig: Setting CVar [[r.DOF.Gather.AccumulatorQuality:1        ; higher gathering accumulator quality]]
[2022.01.31-08.11.43:009][  0]LogConfig: Setting CVar [[r.DOF.Gather.PostfilterMethod:1          ; Median3x3 postfilering method]]
[2022.01.31-08.11.43:009][  0]LogConfig: Setting CVar [[r.DOF.Gather.EnableBokehSettings:0       ; no bokeh simulation when gathering]]
[2022.01.31-08.11.43:009][  0]LogConfig: Setting CVar [[r.DOF.Gather.RingCount:4                 ; medium number of samples when gathering]]
[2022.01.31-08.11.43:009][  0]LogConfig: Setting CVar [[r.DOF.Scatter.ForegroundCompositing:1    ; additive foreground scattering]]
[2022.01.31-08.11.43:009][  0]LogConfig: Setting CVar [[r.DOF.Scatter.BackgroundCompositing:2    ; additive background scattering]]
[2022.01.31-08.11.43:009][  0]LogConfig: Setting CVar [[r.DOF.Scatter.EnableBokehSettings:1      ; bokeh simulation when scattering]]
[2022.01.31-08.11.43:009][  0]LogConfig: Setting CVar [[r.DOF.Scatter.MaxSpriteRatio:0.1         ; only a maximum of 10% of scattered bokeh]]
[2022.01.31-08.11.43:009][  0]LogConfig: Setting CVar [[r.DOF.Recombine.Quality:1                ; cheap slight out of focus]]
[2022.01.31-08.11.43:009][  0]LogConfig: Setting CVar [[r.DOF.Recombine.EnableBokehSettings:0    ; no bokeh simulation on slight out of focus]]
[2022.01.31-08.11.43:009][  0]LogConfig: Setting CVar [[r.DOF.TemporalAAQuality:1                ; more stable temporal accumulation]]
[2022.01.31-08.11.43:009][  0]LogConfig: Setting CVar [[r.DOF.Kernel.MaxForegroundRadius:0.025]]
[2022.01.31-08.11.43:009][  0]LogConfig: Setting CVar [[r.DOF.Kernel.MaxBackgroundRadius:0.025]]
[2022.01.31-08.11.43:009][  0]LogConfig: Applying CVar settings from Section [TextureQuality@3] File [F:/Programs/UE4/BuildingEscape/Saved/Config/Windows/Scalability.ini]
[2022.01.31-08.11.43:010][  0]LogConfig: Setting CVar [[r.Streaming.MipBias:0]]
[2022.01.31-08.11.43:010][  0]LogConfig: Setting CVar [[r.Streaming.AmortizeCPUToGPUCopy:0]]
[2022.01.31-08.11.43:010][  0]LogConfig: Setting CVar [[r.Streaming.MaxNumTexturesToStreamPerFrame:0]]
[2022.01.31-08.11.43:010][  0]LogConfig: Setting CVar [[r.Streaming.Boost:1]]
[2022.01.31-08.11.43:010][  0]LogConfig: Setting CVar [[r.MaxAnisotropy:8]]
[2022.01.31-08.11.43:010][  0]LogConfig: Setting CVar [[r.VT.MaxAnisotropy:8]]
[2022.01.31-08.11.43:010][  0]LogConfig: Setting CVar [[r.Streaming.LimitPoolSizeToVRAM:0]]
[2022.01.31-08.11.43:010][  0]LogConfig: Setting CVar [[r.Streaming.PoolSize:1000]]
[2022.01.31-08.11.43:010][  0]LogConfig: Setting CVar [[r.Streaming.MaxEffectiveScreenSize:0]]
[2022.01.31-08.11.43:010][  0]LogConfig: Applying CVar settings from Section [EffectsQuality@3] File [F:/Programs/UE4/BuildingEscape/Saved/Config/Windows/Scalability.ini]
[2022.01.31-08.11.43:010][  0]LogConfig: Setting CVar [[r.TranslucencyLightingVolumeDim:64]]
[2022.01.31-08.11.43:010][  0]LogConfig: Setting CVar [[r.RefractionQuality:2]]
[2022.01.31-08.11.43:010][  0]LogConfig: Setting CVar [[r.SSR.Quality:3]]
[2022.01.31-08.11.43:010][  0]LogConfig: Setting CVar [[r.SSR.HalfResSceneColor:0]]
[2022.01.31-08.11.43:010][  0]LogConfig: Setting CVar [[r.SceneColorFormat:4]]
[2022.01.31-08.11.43:010][  0]LogConfig: Setting CVar [[r.DetailMode:2]]
[2022.01.31-08.11.43:010][  0]LogConfig: Setting CVar [[r.TranslucencyVolumeBlur:1]]
[2022.01.31-08.11.43:010][  0]LogConfig: Setting CVar [[r.MaterialQualityLevel:1 ; High quality]]
[2022.01.31-08.11.43:010][  0]LogConfig: Setting CVar [[r.AnisotropicMaterials:1]]
[2022.01.31-08.11.43:010][  0]LogConfig: Setting CVar [[r.SSS.Scale:1]]
[2022.01.31-08.11.43:010][  0]LogConfig: Setting CVar [[r.SSS.SampleSet:2]]
[2022.01.31-08.11.43:010][  0]LogConfig: Setting CVar [[r.SSS.Quality:1]]
[2022.01.31-08.11.43:010][  0]LogConfig: Setting CVar [[r.SSS.HalfRes:0]]
[2022.01.31-08.11.43:010][  0]LogConfig: Setting CVar [[r.SSGI.Quality:3]]
[2022.01.31-08.11.43:010][  0]LogConfig: Setting CVar [[r.EmitterSpawnRateScale:1.0]]
[2022.01.31-08.11.43:010][  0]LogConfig: Setting CVar [[r.ParticleLightQuality:2]]
[2022.01.31-08.11.43:010][  0]LogConfig: Setting CVar [[r.SkyAtmosphere.AerialPerspectiveLUT.FastApplyOnOpaque:1 ; Always have FastSkyLUT 1 in this case to avoid wrong sky]]
[2022.01.31-08.11.43:010][  0]LogConfig: Setting CVar [[r.SkyAtmosphere.AerialPerspectiveLUT.SampleCountMaxPerSlice:4]]
[2022.01.31-08.11.43:010][  0]LogConfig: Setting CVar [[r.SkyAtmosphere.AerialPerspectiveLUT.DepthResolution:16.0]]
[2022.01.31-08.11.43:010][  0]LogConfig: Setting CVar [[r.SkyAtmosphere.FastSkyLUT:1]]
[2022.01.31-08.11.43:010][  0]LogConfig: Setting CVar [[r.SkyAtmosphere.FastSkyLUT.SampleCountMin:4.0]]
[2022.01.31-08.11.43:010][  0]LogConfig: Setting CVar [[r.SkyAtmosphere.FastSkyLUT.SampleCountMax:128.0]]
[2022.01.31-08.11.43:010][  0]LogConfig: Setting CVar [[r.SkyAtmosphere.SampleCountMin:4.0]]
[2022.01.31-08.11.43:011][  0]LogConfig: Setting CVar [[r.SkyAtmosphere.SampleCountMax:128.0]]
[2022.01.31-08.11.43:011][  0]LogConfig: Setting CVar [[r.SkyAtmosphere.TransmittanceLUT.UseSmallFormat:0]]
[2022.01.31-08.11.43:011][  0]LogConfig: Setting CVar [[r.SkyAtmosphere.TransmittanceLUT.SampleCount:10.0]]
[2022.01.31-08.11.43:011][  0]LogConfig: Setting CVar [[r.SkyAtmosphere.MultiScatteringLUT.SampleCount:15.0]]
[2022.01.31-08.11.43:011][  0]LogConfig: Setting CVar [[r.SkyLight.RealTimeReflectionCapture:1]]
[2022.01.31-08.11.43:011][  0]LogConfig: Applying CVar settings from Section [FoliageQuality@3] File [F:/Programs/UE4/BuildingEscape/Saved/Config/Windows/Scalability.ini]
[2022.01.31-08.11.43:011][  0]LogConfig: Setting CVar [[foliage.DensityScale:1.0]]
[2022.01.31-08.11.43:011][  0]LogConfig: Setting CVar [[grass.DensityScale:1.0]]
[2022.01.31-08.11.43:011][  0]LogConfig: Applying CVar settings from Section [ShadingQuality@3] File [F:/Programs/UE4/BuildingEscape/Saved/Config/Windows/Scalability.ini]
[2022.01.31-08.11.43:011][  0]LogConfig: Setting CVar [[r.HairStrands.SkyLighting.IntegrationType:2]]
[2022.01.31-08.11.43:011][  0]LogConfig: Setting CVar [[r.HairStrands.SkyAO.SampleCount:4]]
[2022.01.31-08.11.43:011][  0]LogConfig: Setting CVar [[r.HairStrands.Visibility.MSAA.SamplePerPixel:4]]
[2022.01.31-08.11.43:011][  0]LogInit: Selected Device Profile: [Windows]
[2022.01.31-08.11.43:011][  0]LogInit: Applying CVar settings loaded from the selected device profile: [Windows]
[2022.01.31-08.11.43:011][  0]LogHAL: Display: Platform has ~ 16 GB [17022173184 / 17179869184 / 16], which maps to Larger [LargestMinGB=32, LargerMinGB=12, DefaultMinGB=8, SmallerMinGB=6, SmallestMinGB=0)
[2022.01.31-08.11.43:011][  0]LogInit: Going up to parent DeviceProfile []
[2022.01.31-08.11.43:011][  0]LogConfig: Applying CVar settings from Section [ViewDistanceQuality@3] File [F:/Programs/UE4/BuildingEscape/Saved/Config/Windows/Scalability.ini]
[2022.01.31-08.11.43:011][  0]LogConfig: Setting CVar [[r.SkeletalMeshLODBias:0]]
[2022.01.31-08.11.43:011][  0]LogConfig: Setting CVar [[r.ViewDistanceScale:1.0]]
[2022.01.31-08.11.43:011][  0]LogConfig: Applying CVar settings from Section [AntiAliasingQuality@3] File [F:/Programs/UE4/BuildingEscape/Saved/Config/Windows/Scalability.ini]
[2022.01.31-08.11.43:011][  0]LogConfig: Setting CVar [[r.PostProcessAAQuality:4]]
[2022.01.31-08.11.43:011][  0]LogConfig: Applying CVar settings from Section [ShadowQuality@3] File [F:/Programs/UE4/BuildingEscape/Saved/Config/Windows/Scalability.ini]
[2022.01.31-08.11.43:011][  0]LogConfig: Setting CVar [[r.LightFunctionQuality:1]]
[2022.01.31-08.11.43:012][  0]LogConfig: Setting CVar [[r.ShadowQuality:5]]
[2022.01.31-08.11.43:012][  0]LogConfig: Setting CVar [[r.Shadow.CSM.MaxCascades:10]]
[2022.01.31-08.11.43:012][  0]LogConfig: Setting CVar [[r.Shadow.MaxResolution:2048]]
[2022.01.31-08.11.43:012][  0]LogConfig: Setting CVar [[r.Shadow.MaxCSMResolution:2048]]
[2022.01.31-08.11.43:012][  0]LogConfig: Setting CVar [[r.Shadow.RadiusThreshold:0.01]]
[2022.01.31-08.11.43:012][  0]LogConfig: Setting CVar [[r.Shadow.DistanceScale:1.0]]
[2022.01.31-08.11.43:012][  0]LogConfig: Setting CVar [[r.Shadow.CSM.TransitionScale:1.0]]
[2022.01.31-08.11.43:012][  0]LogConfig: Setting CVar [[r.Shadow.PreShadowResolutionFactor:1.0]]
[2022.01.31-08.11.43:012][  0]LogConfig: Setting CVar [[r.DistanceFieldShadowing:1]]
[2022.01.31-08.11.43:012][  0]LogConfig: Setting CVar [[r.DistanceFieldAO:1]]
[2022.01.31-08.11.43:012][  0]LogConfig: Setting CVar [[r.AOQuality:2]]
[2022.01.31-08.11.43:012][  0]LogConfig: Setting CVar [[r.VolumetricFog:1]]
[2022.01.31-08.11.43:012][  0]LogConfig: Setting CVar [[r.VolumetricFog.GridPixelSize:8]]
[2022.01.31-08.11.43:012][  0]LogConfig: Setting CVar [[r.VolumetricFog.GridSizeZ:128]]
[2022.01.31-08.11.43:012][  0]LogConfig: Setting CVar [[r.VolumetricFog.HistoryMissSupersampleCount:4]]
[2022.01.31-08.11.43:012][  0]LogConfig: Setting CVar [[r.LightMaxDrawDistanceScale:1]]
[2022.01.31-08.11.43:012][  0]LogConfig: Setting CVar [[r.CapsuleShadows:1]]
[2022.01.31-08.11.43:012][  0]LogConfig: Applying CVar settings from Section [PostProcessQuality@3] File [F:/Programs/UE4/BuildingEscape/Saved/Config/Windows/Scalability.ini]
[2022.01.31-08.11.43:012][  0]LogConfig: Setting CVar [[r.MotionBlurQuality:4]]
[2022.01.31-08.11.43:012][  0]LogConfig: Setting CVar [[r.AmbientOcclusionMipLevelFactor:0.4]]
[2022.01.31-08.11.43:012][  0]LogConfig: Setting CVar [[r.AmbientOcclusionMaxQuality:100]]
[2022.01.31-08.11.43:012][  0]LogConfig: Setting CVar [[r.AmbientOcclusionLevels:-1]]
[2022.01.31-08.11.43:012][  0]LogConfig: Setting CVar [[r.AmbientOcclusionRadiusScale:1.0]]
[2022.01.31-08.11.43:012][  0]LogConfig: Setting CVar [[r.DepthOfFieldQuality:2]]
[2022.01.31-08.11.43:012][  0]LogConfig: Setting CVar [[r.RenderTargetPoolMin:400]]
[2022.01.31-08.11.43:012][  0]LogConfig: Setting CVar [[r.LensFlareQuality:2]]
[2022.01.31-08.11.43:012][  0]LogConfig: Setting CVar [[r.SceneColorFringeQuality:1]]
[2022.01.31-08.11.43:012][  0]LogConfig: Setting CVar [[r.EyeAdaptationQuality:2]]
[2022.01.31-08.11.43:012][  0]LogConfig: Setting CVar [[r.BloomQuality:5]]
[2022.01.31-08.11.43:012][  0]LogConfig: Setting CVar [[r.FastBlurThreshold:100]]
[2022.01.31-08.11.43:012][  0]LogConfig: Setting CVar [[r.Upscale.Quality:3]]
[2022.01.31-08.11.43:012][  0]LogConfig: Setting CVar [[r.Tonemapper.GrainQuantization:1]]
[2022.01.31-08.11.43:012][  0]LogConfig: Setting CVar [[r.LightShaftQuality:1]]
[2022.01.31-08.11.43:012][  0]LogConfig: Setting CVar [[r.Filter.SizeScale:1]]
[2022.01.31-08.11.43:012][  0]LogConfig: Setting CVar [[r.Tonemapper.Quality:5]]
[2022.01.31-08.11.43:012][  0]LogConfig: Setting CVar [[r.DOF.Gather.AccumulatorQuality:1        ; higher gathering accumulator quality]]
[2022.01.31-08.11.43:012][  0]LogConfig: Setting CVar [[r.DOF.Gather.PostfilterMethod:1          ; Median3x3 postfilering method]]
[2022.01.31-08.11.43:012][  0]LogConfig: Setting CVar [[r.DOF.Gather.EnableBokehSettings:0       ; no bokeh simulation when gathering]]
[2022.01.31-08.11.43:012][  0]LogConfig: Setting CVar [[r.DOF.Gather.RingCount:4                 ; medium number of samples when gathering]]
[2022.01.31-08.11.43:012][  0]LogConfig: Setting CVar [[r.DOF.Scatter.ForegroundCompositing:1    ; additive foreground scattering]]
[2022.01.31-08.11.43:012][  0]LogConfig: Setting CVar [[r.DOF.Scatter.BackgroundCompositing:2    ; additive background scattering]]
[2022.01.31-08.11.43:012][  0]LogConfig: Setting CVar [[r.DOF.Scatter.EnableBokehSettings:1      ; bokeh simulation when scattering]]
[2022.01.31-08.11.43:013][  0]LogConfig: Setting CVar [[r.DOF.Scatter.MaxSpriteRatio:0.1         ; only a maximum of 10% of scattered bokeh]]
[2022.01.31-08.11.43:013][  0]LogConfig: Setting CVar [[r.DOF.Recombine.Quality:1                ; cheap slight out of focus]]
[2022.01.31-08.11.43:013][  0]LogConfig: Setting CVar [[r.DOF.Recombine.EnableBokehSettings:0    ; no bokeh simulation on slight out of focus]]
[2022.01.31-08.11.43:013][  0]LogConfig: Setting CVar [[r.DOF.TemporalAAQuality:1                ; more stable temporal accumulation]]
[2022.01.31-08.11.43:013][  0]LogConfig: Setting CVar [[r.DOF.Kernel.MaxForegroundRadius:0.025]]
[2022.01.31-08.11.43:013][  0]LogConfig: Setting CVar [[r.DOF.Kernel.MaxBackgroundRadius:0.025]]
[2022.01.31-08.11.43:013][  0]LogConfig: Applying CVar settings from Section [TextureQuality@3] File [F:/Programs/UE4/BuildingEscape/Saved/Config/Windows/Scalability.ini]
[2022.01.31-08.11.43:013][  0]LogConfig: Setting CVar [[r.Streaming.MipBias:0]]
[2022.01.31-08.11.43:013][  0]LogConfig: Setting CVar [[r.Streaming.AmortizeCPUToGPUCopy:0]]
[2022.01.31-08.11.43:013][  0]LogConfig: Setting CVar [[r.Streaming.MaxNumTexturesToStreamPerFrame:0]]
[2022.01.31-08.11.43:013][  0]LogConfig: Setting CVar [[r.Streaming.Boost:1]]
[2022.01.31-08.11.43:013][  0]LogConfig: Setting CVar [[r.MaxAnisotropy:8]]
[2022.01.31-08.11.43:013][  0]LogConfig: Setting CVar [[r.VT.MaxAnisotropy:8]]
[2022.01.31-08.11.43:013][  0]LogConfig: Setting CVar [[r.Streaming.LimitPoolSizeToVRAM:0]]
[2022.01.31-08.11.43:013][  0]LogConfig: Setting CVar [[r.Streaming.PoolSize:1000]]
[2022.01.31-08.11.43:013][  0]LogConfig: Setting CVar [[r.Streaming.MaxEffectiveScreenSize:0]]
[2022.01.31-08.11.43:013][  0]LogConfig: Applying CVar settings from Section [EffectsQuality@3] File [F:/Programs/UE4/BuildingEscape/Saved/Config/Windows/Scalability.ini]
[2022.01.31-08.11.43:013][  0]LogConfig: Setting CVar [[r.TranslucencyLightingVolumeDim:64]]
[2022.01.31-08.11.43:013][  0]LogConfig: Setting CVar [[r.RefractionQuality:2]]
[2022.01.31-08.11.43:013][  0]LogConfig: Setting CVar [[r.SSR.Quality:3]]
[2022.01.31-08.11.43:013][  0]LogConfig: Setting CVar [[r.SSR.HalfResSceneColor:0]]
[2022.01.31-08.11.43:013][  0]LogConfig: Setting CVar [[r.SceneColorFormat:4]]
[2022.01.31-08.11.43:013][  0]LogConfig: Setting CVar [[r.DetailMode:2]]
[2022.01.31-08.11.43:013][  0]LogConfig: Setting CVar [[r.TranslucencyVolumeBlur:1]]
[2022.01.31-08.11.43:013][  0]LogConfig: Setting CVar [[r.MaterialQualityLevel:1 ; High quality]]
[2022.01.31-08.11.43:013][  0]LogConfig: Setting CVar [[r.AnisotropicMaterials:1]]
[2022.01.31-08.11.43:013][  0]LogConfig: Setting CVar [[r.SSS.Scale:1]]
[2022.01.31-08.11.43:013][  0]LogConfig: Setting CVar [[r.SSS.SampleSet:2]]
[2022.01.31-08.11.43:013][  0]LogConfig: Setting CVar [[r.SSS.Quality:1]]
[2022.01.31-08.11.43:013][  0]LogConfig: Setting CVar [[r.SSS.HalfRes:0]]
[2022.01.31-08.11.43:013][  0]LogConfig: Setting CVar [[r.SSGI.Quality:3]]
[2022.01.31-08.11.43:013][  0]LogConfig: Setting CVar [[r.EmitterSpawnRateScale:1.0]]
[2022.01.31-08.11.43:013][  0]LogConfig: Setting CVar [[r.ParticleLightQuality:2]]
[2022.01.31-08.11.43:013][  0]LogConfig: Setting CVar [[r.SkyAtmosphere.AerialPerspectiveLUT.FastApplyOnOpaque:1 ; Always have FastSkyLUT 1 in this case to avoid wrong sky]]
[2022.01.31-08.11.43:013][  0]LogConfig: Setting CVar [[r.SkyAtmosphere.AerialPerspectiveLUT.SampleCountMaxPerSlice:4]]
[2022.01.31-08.11.43:013][  0]LogConfig: Setting CVar [[r.SkyAtmosphere.AerialPerspectiveLUT.DepthResolution:16.0]]
[2022.01.31-08.11.43:014][  0]LogConfig: Setting CVar [[r.SkyAtmosphere.FastSkyLUT:1]]
[2022.01.31-08.11.43:014][  0]LogConfig: Setting CVar [[r.SkyAtmosphere.FastSkyLUT.SampleCountMin:4.0]]
[2022.01.31-08.11.43:014][  0]LogConfig: Setting CVar [[r.SkyAtmosphere.FastSkyLUT.SampleCountMax:128.0]]
[2022.01.31-08.11.43:014][  0]LogConfig: Setting CVar [[r.SkyAtmosphere.SampleCountMin:4.0]]
[2022.01.31-08.11.43:014][  0]LogConfig: Setting CVar [[r.SkyAtmosphere.SampleCountMax:128.0]]
[2022.01.31-08.11.43:014][  0]LogConfig: Setting CVar [[r.SkyAtmosphere.TransmittanceLUT.UseSmallFormat:0]]
[2022.01.31-08.11.43:014][  0]LogConfig: Setting CVar [[r.SkyAtmosphere.TransmittanceLUT.SampleCount:10.0]]
[2022.01.31-08.11.43:014][  0]LogConfig: Setting CVar [[r.SkyAtmosphere.MultiScatteringLUT.SampleCount:15.0]]
[2022.01.31-08.11.43:014][  0]LogConfig: Setting CVar [[r.SkyLight.RealTimeReflectionCapture:1]]
[2022.01.31-08.11.43:014][  0]LogConfig: Applying CVar settings from Section [FoliageQuality@3] File [F:/Programs/UE4/BuildingEscape/Saved/Config/Windows/Scalability.ini]
[2022.01.31-08.11.43:014][  0]LogConfig: Setting CVar [[foliage.DensityScale:1.0]]
[2022.01.31-08.11.43:014][  0]LogConfig: Setting CVar [[grass.DensityScale:1.0]]
[2022.01.31-08.11.43:014][  0]LogConfig: Applying CVar settings from Section [ShadingQuality@3] File [F:/Programs/UE4/BuildingEscape/Saved/Config/Windows/Scalability.ini]
[2022.01.31-08.11.43:014][  0]LogConfig: Setting CVar [[r.HairStrands.SkyLighting.IntegrationType:2]]
[2022.01.31-08.11.43:014][  0]LogConfig: Setting CVar [[r.HairStrands.SkyAO.SampleCount:4]]
[2022.01.31-08.11.43:014][  0]LogConfig: Setting CVar [[r.HairStrands.Visibility.MSAA.SamplePerPixel:4]]
[2022.01.31-08.11.43:014][  0]LogConfig: Applying CVar settings from Section [Startup] File [../../../Engine/Config/ConsoleVariables.ini]
[2022.01.31-08.11.43:014][  0]LogConfig: Setting CVar [[net.UseAdaptiveNetUpdateFrequency:0]]
[2022.01.31-08.11.43:014][  0]LogConfig: Setting CVar [[p.chaos.AllowCreatePhysxBodies:1]]
[2022.01.31-08.11.43:014][  0]LogConfig: Setting CVar [[fx.SkipVectorVMBackendOptimizations:1]]
[2022.01.31-08.11.43:014][  0]LogConfig: Applying CVar settings from Section [ConsoleVariables] File [F:/Programs/UE4/BuildingEscape/Saved/Config/Windows/Engine.ini]
[2022.01.31-08.11.43:014][  0]LogConfig: Applying CVar settings from Section [ConsoleVariables] File [F:/Programs/UE4/BuildingEscape/Saved/Config/Windows/Editor.ini]
[2022.01.31-08.11.43:015][  0]LogInit: Computer: LAPTOP-QJB24JD4
[2022.01.31-08.11.43:015][  0]LogInit: User: VarunKGupta
[2022.01.31-08.11.43:015][  0]LogInit: CPU Page size=4096, Cores=6
[2022.01.31-08.11.43:015][  0]LogInit: High frequency timer resolution =10.000000 MHz
[2022.01.31-08.11.43:015][  0]LogMemory: Memory total: Physical=15.9GB (16GB approx)
[2022.01.31-08.11.43:015][  0]LogMemory: Platform Memory Stats for Windows
[2022.01.31-08.11.43:015][  0]LogMemory: Process Physical Memory: 148.49 MB used, 148.49 MB peak
[2022.01.31-08.11.43:015][  0]LogMemory: Process Virtual Memory: 114.11 MB used, 114.11 MB peak
[2022.01.31-08.11.43:015][  0]LogMemory: Physical Memory: 10595.48 MB used,  5638.13 MB free, 16233.61 MB total
[2022.01.31-08.11.43:015][  0]LogMemory: Virtual Memory: 134202016.00 MB used,  15710.05 MB free, 134217728.00 MB total
[2022.01.31-08.11.43:094][  0]LogWindows: WindowsPlatformFeatures enabled
[2022.01.31-08.11.43:217][  0]LogInit: Physics initialised using underlying interface: PhysX
[2022.01.31-08.11.43:218][  0]LogInit: Using OS detected language (en-US).
[2022.01.31-08.11.43:218][  0]LogInit: Overriding language with editor locale configuration option (en).
[2022.01.31-08.11.43:221][  0]LogTextLocalizationManager: No specific localization for 'en-US' exists, so the 'en' localization will be used.
[2022.01.31-08.11.43:572][  0]LogInit: Setting process to per monitor DPI aware
[2022.01.31-08.11.43:589][  0]LogWindowsTextInputMethodSystem: Display: IME system deactivated.
[2022.01.31-08.11.43:613][  0]LogSlate: New Slate User Created.  User Index 0, Is Virtual User: 0
[2022.01.31-08.11.43:613][  0]LogSlate: Slate User Registered.  User Index 0, Is Virtual User: 0
[2022.01.31-08.11.43:863][  0]LogD3D11RHI: Loaded GFSDK_Aftermath_Lib.x64.dll
[2022.01.31-08.11.43:979][  0]LogHMD: Failed to initialize OpenVR with code 100
[2022.01.31-08.11.43:979][  0]LogD3D11RHI: D3D11 min allowed feature level: 11_0
[2022.01.31-08.11.43:979][  0]LogD3D11RHI: D3D11 max allowed feature level: 11_0
[2022.01.31-08.11.43:979][  0]LogD3D11RHI: D3D11 adapters:
[2022.01.31-08.11.44:105][  0]LogD3D11RHI:    0. 'NVIDIA GeForce RTX 2070' (Feature Level 11_0)
[2022.01.31-08.11.44:105][  0]LogD3D11RHI:       8031/0/8116 MB DedicatedVideo/DedicatedSystem/SharedSystem, Outputs:2, VendorId:0x10de
[2022.01.31-08.11.44:144][  0]LogD3D11RHI:    1. 'Intel(R) UHD Graphics 630' (Feature Level 11_0)
[2022.01.31-08.11.44:144][  0]LogD3D11RHI:       128/0/8116 MB DedicatedVideo/DedicatedSystem/SharedSystem, Outputs:0, VendorId:0x8086
[2022.01.31-08.11.44:147][  0]LogD3D11RHI:    2. 'Microsoft Basic Render Driver' (Feature Level 11_0)
[2022.01.31-08.11.44:147][  0]LogD3D11RHI:       0/0/8116 MB DedicatedVideo/DedicatedSystem/SharedSystem, Outputs:0, VendorId:0x1414
[2022.01.31-08.11.44:147][  0]LogD3D11RHI: Chosen D3D11 Adapter:
[2022.01.31-08.11.44:147][  0]LogD3D11RHI:     Description : NVIDIA GeForce RTX 2070
[2022.01.31-08.11.44:147][  0]LogD3D11RHI:     VendorId    : 10de
[2022.01.31-08.11.44:147][  0]LogD3D11RHI:     DeviceId    : 1f10
[2022.01.31-08.11.44:147][  0]LogD3D11RHI:     SubSysId    : 18711043
[2022.01.31-08.11.44:147][  0]LogD3D11RHI:     Revision    : 00a1
[2022.01.31-08.11.44:147][  0]LogD3D11RHI:     DedicatedVideoMemory : 8421113856 bytes
[2022.01.31-08.11.44:147][  0]LogD3D11RHI:     DedicatedSystemMemory : 0 bytes
[2022.01.31-08.11.44:147][  0]LogD3D11RHI:     SharedSystemMemory : 8511086592 bytes
[2022.01.31-08.11.44:147][  0]LogD3D11RHI:     AdapterLuid : 0 76038
[2022.01.31-08.11.44:155][  0]LogD3D11RHI: Creating new Direct3DDevice
[2022.01.31-08.11.44:155][  0]LogD3D11RHI:     GPU DeviceId: 0x1f10 (for the marketing name, search the web for "GPU Device Id")
[2022.01.31-08.11.44:155][  0]LogWindows: EnumDisplayDevices:
[2022.01.31-08.11.44:155][  0]LogWindows:    0. 'Intel(R) UHD Graphics 630' (P:1 D:1)
[2022.01.31-08.11.44:156][  0]LogWindows:    1. 'Intel(R) UHD Graphics 630' (P:0 D:0)
[2022.01.31-08.11.44:156][  0]LogWindows:    2. 'Intel(R) UHD Graphics 630' (P:0 D:0)
[2022.01.31-08.11.44:156][  0]LogWindows:    3. 'NVIDIA GeForce RTX 2070' (P:0 D:1)
[2022.01.31-08.11.44:156][  0]LogWindows:    4. 'NVIDIA GeForce RTX 2070' (P:0 D:0)
[2022.01.31-08.11.44:157][  0]LogWindows:    5. 'NVIDIA GeForce RTX 2070' (P:0 D:0)
[2022.01.31-08.11.44:157][  0]LogWindows:    6. 'NVIDIA GeForce RTX 2070' (P:0 D:0)
[2022.01.31-08.11.44:157][  0]LogWindows: DebugString: PrimaryIsNotTheChoosenAdapter PrimaryIsNotTheChoosenAdapter PrimaryIsNotTheChoosenAdapter FoundDriverCount:4 
[2022.01.31-08.11.44:157][  0]LogD3D11RHI:     Adapter Name: NVIDIA GeForce RTX 2070
[2022.01.31-08.11.44:157][  0]LogD3D11RHI:   Driver Version: 511.23 (internal:30.0.15.1123, unified:511.23)
[2022.01.31-08.11.44:157][  0]LogD3D11RHI:      Driver Date: 1-10-2022
[2022.01.31-08.11.44:157][  0]LogRHI: Texture pool is 5621 MB (70% of 8031 MB)
[2022.01.31-08.11.44:157][  0]LogD3D11RHI: Creating D3DDevice using adapter:
[2022.01.31-08.11.44:157][  0]LogD3D11RHI:     Description : NVIDIA GeForce RTX 2070
[2022.01.31-08.11.44:157][  0]LogD3D11RHI:     VendorId    : 10de
[2022.01.31-08.11.44:158][  0]LogD3D11RHI:     DeviceId    : 1f10
[2022.01.31-08.11.44:158][  0]LogD3D11RHI:     SubSysId    : 18711043
[2022.01.31-08.11.44:158][  0]LogD3D11RHI:     Revision    : 00a1
[2022.01.31-08.11.44:158][  0]LogD3D11RHI:     DedicatedVideoMemory : 8421113856 bytes
[2022.01.31-08.11.44:158][  0]LogD3D11RHI:     DedicatedSystemMemory : 0 bytes
[2022.01.31-08.11.44:158][  0]LogD3D11RHI:     SharedSystemMemory : 8511086592 bytes
[2022.01.31-08.11.44:158][  0]LogD3D11RHI:     AdapterLuid : 0 76038
[2022.01.31-08.11.44:228][  0]LogD3D11RHI: RHI has support for 64 bit atomics
[2022.01.31-08.11.44:228][  0]LogD3D11RHI: Async texture creation enabled
[2022.01.31-08.11.44:228][  0]LogD3D11RHI: Array index from any shader is supported
[2022.01.31-08.11.44:253][  0]LogD3D11RHI: GPU Timing Frequency: 1000.000000 (Debug: 2 1)
[2022.01.31-08.11.44:321][  0]LogRHI: GeForceNow SDK initialized: 1
[2022.01.31-08.11.44:796][  0]LogTargetPlatformManager: Display: Loaded TargetPlatform 'AllDesktop'
[2022.01.31-08.11.44:827][  0]LogTargetPlatformManager: Display: Loaded TargetPlatform 'Android'
[2022.01.31-08.11.44:827][  0]LogTargetPlatformManager: Display: Loaded TargetPlatform 'Android_ASTC'
[2022.01.31-08.11.44:827][  0]LogTargetPlatformManager: Display: Loaded TargetPlatform 'Android_DXT'
[2022.01.31-08.11.44:827][  0]LogTargetPlatformManager: Display: Loaded TargetPlatform 'Android_ETC2'
[2022.01.31-08.11.44:827][  0]LogTargetPlatformManager: Display: Loaded TargetPlatform 'AndroidClient'
[2022.01.31-08.11.44:827][  0]LogTargetPlatformManager: Display: Loaded TargetPlatform 'Android_ASTCClient'
[2022.01.31-08.11.44:827][  0]LogTargetPlatformManager: Display: Loaded TargetPlatform 'Android_DXTClient'
[2022.01.31-08.11.44:827][  0]LogTargetPlatformManager: Display: Loaded TargetPlatform 'Android_ETC2Client'
[2022.01.31-08.11.44:827][  0]LogTargetPlatformManager: Display: Loaded TargetPlatform 'Android_Multi'
[2022.01.31-08.11.44:827][  0]LogTargetPlatformManager: Display: Loaded TargetPlatform 'Android_MultiClient'
[2022.01.31-08.11.44:858][  0]LogTargetPlatformManager: Display: Loaded TargetPlatform 'IOSClient'
[2022.01.31-08.11.44:858][  0]LogTargetPlatformManager: Display: Loaded TargetPlatform 'IOS'
[2022.01.31-08.11.44:872][  0]LogTargetPlatformManager: Display: Loaded TargetPlatform 'Linux'
[2022.01.31-08.11.44:879][  0]LogTargetPlatformManager: Display: Loaded TargetPlatform 'LinuxNoEditor'
[2022.01.31-08.11.44:885][  0]LogTargetPlatformManager: Display: Loaded TargetPlatform 'LinuxClient'
[2022.01.31-08.11.44:892][  0]LogTargetPlatformManager: Display: Loaded TargetPlatform 'LinuxServer'
[2022.01.31-08.11.44:904][  0]LogTargetPlatformManager: Display: Loaded TargetPlatform 'LinuxAArch64NoEditor'
[2022.01.31-08.11.44:910][  0]LogTargetPlatformManager: Display: Loaded TargetPlatform 'LinuxAArch64Client'
[2022.01.31-08.11.44:916][  0]LogTargetPlatformManager: Display: Loaded TargetPlatform 'LinuxAArch64Server'
[2022.01.31-08.11.44:946][  0]LogTargetPlatformManager: Display: Loaded TargetPlatform 'Lumin'
[2022.01.31-08.11.44:946][  0]LogTargetPlatformManager: Display: Loaded TargetPlatform 'LuminClient'
[2022.01.31-08.11.44:957][  0]LogTargetPlatformManager: Display: Loaded TargetPlatform 'MacNoEditor'
[2022.01.31-08.11.44:964][  0]LogTargetPlatformManager: Display: Loaded TargetPlatform 'Mac'
[2022.01.31-08.11.44:971][  0]LogTargetPlatformManager: Display: Loaded TargetPlatform 'MacClient'
[2022.01.31-08.11.44:977][  0]LogTargetPlatformManager: Display: Loaded TargetPlatform 'MacServer'
[2022.01.31-08.11.44:989][  0]LogTargetPlatformManager: Display: Loaded TargetPlatform 'TVOSClient'
[2022.01.31-08.11.44:989][  0]LogTargetPlatformManager: Display: Loaded TargetPlatform 'TVOS'
[2022.01.31-08.11.45:002][  0]LogTargetPlatformManager: Display: Loaded TargetPlatform 'WindowsNoEditor'
[2022.01.31-08.11.45:010][  0]LogTargetPlatformManager: Display: Loaded TargetPlatform 'Windows'
[2022.01.31-08.11.45:016][  0]LogTargetPlatformManager: Display: Loaded TargetPlatform 'WindowsClient'
[2022.01.31-08.11.45:022][  0]LogTargetPlatformManager: Display: Loaded TargetPlatform 'WindowsServer'
[2022.01.31-08.11.45:022][  0]LogTargetPlatformManager: Display: Building Assets For Windows
[2022.01.31-08.11.45:039][  0]LogAudioDebug: Display: Lib vorbis DLL was dynamically loaded.
[2022.01.31-08.11.45:090][  0]LogTextureFormatOodle: Display: Oodle Texture 2.9.0 init RDO Off
[2022.01.31-08.11.45:155][  0]LogRendererCore: Ray tracing is disabled. Reason: r.RayTracing=0.
[2022.01.31-08.11.45:155][  0]LogShaderCompilers: Guid format shader working directory is 15 characters bigger than the processId version (F:/Programs/UE4/BuildingEscape/Intermediate/Shaders/WorkingDirectory/22532/).
[2022.01.31-08.11.45:155][  0]LogShaderCompilers: Cleaned the shader compiler working directory 'C:/Users/varun/AppData/Local/Temp/UnrealShaderWorkingDir/26CB2DC4496A2B66760D039B4E00EBFD/'.
[2022.01.31-08.11.45:155][  0]LogXGEController: Cannot use XGE Controller as Incredibuild is not installed on this machine.
[2022.01.31-08.11.45:155][  0]LogShaderCompilers: Cannot use XGE Shader Compiler as Incredibuild is not installed on this machine.
[2022.01.31-08.11.45:156][  0]LogShaderCompilers: Display: Using Local Shader Compiler.
[2022.01.31-08.11.46:052][  0]LogDerivedDataCache: Display: Max Cache Size: 512 MB
[2022.01.31-08.11.46:113][  0]LogDerivedDataCache: Loaded boot cache 0.06s 96MB C:/Users/varun/AppData/Local/UnrealEngine/4.27/DerivedDataCache/Boot.ddc.
[2022.01.31-08.11.46:113][  0]LogDerivedDataCache: Display: Loaded Boot cache: C:/Users/varun/AppData/Local/UnrealEngine/4.27/DerivedDataCache/Boot.ddc
[2022.01.31-08.11.46:113][  0]LogDerivedDataCache: FDerivedDataBackendGraph:  Pak pak cache file F:/Programs/UE4/BuildingEscape/DerivedDataCache/DDC.ddp not found, will not use a pak cache.
[2022.01.31-08.11.46:114][  0]LogDerivedDataCache: Unable to find inner node Pak for hierarchical cache Hierarchy.
[2022.01.31-08.11.46:114][  0]LogDerivedDataCache: FDerivedDataBackendGraph:  CompressedPak pak cache file F:/Programs/UE4/BuildingEscape/DerivedDataCache/Compressed.ddp not found, will not use a pak cache.
[2022.01.31-08.11.46:114][  0]LogDerivedDataCache: Unable to find inner node CompressedPak for hierarchical cache Hierarchy.
[2022.01.31-08.11.46:130][  0]LogDerivedDataCache: Display: Pak cache opened for reading ../../../Engine/DerivedDataCache/Compressed.ddp.
[2022.01.31-08.11.46:130][  0]LogDerivedDataCache: FDerivedDataBackendGraph:  EnterprisePak pak cache file ../../../Enterprise/DerivedDataCache/Compressed.ddp not found, will not use a pak cache.
[2022.01.31-08.11.46:130][  0]LogDerivedDataCache: Unable to find inner node EnterprisePak for hierarchical cache Hierarchy.
[2022.01.31-08.11.46:142][  0]LogDerivedDataCache: Speed tests for C:/Users/varun/AppData/Local/UnrealEngine/Common/DerivedDataCache took 0.01 seconds
[2022.01.31-08.11.46:142][  0]LogDerivedDataCache: Display: Performance to C:/Users/varun/AppData/Local/UnrealEngine/Common/DerivedDataCache: Latency=0.04ms. RandomReadSpeed=1017.39MBs, RandomWriteSpeed=90.81MBs. Assigned SpeedClass 'Local'
[2022.01.31-08.11.46:143][  0]LogDerivedDataCache: Using Local data cache path C:/Users/varun/AppData/Local/UnrealEngine/Common/DerivedDataCache: Writable
[2022.01.31-08.11.46:143][  0]LogDerivedDataCache: Shared data cache path not found in *engine.ini, will not use an Shared cache.
[2022.01.31-08.11.46:143][  0]LogDerivedDataCache: Unable to find inner node Shared for hierarchical cache Hierarchy.
[2022.01.31-08.11.46:193][  0]LogSlate: Using FreeType 2.10.0
[2022.01.31-08.11.46:194][  0]LogSlate: SlateFontServices - WITH_FREETYPE: 1, WITH_HARFBUZZ: 1
[2022.01.31-08.11.46:233][  0]LogAssetRegistry: FAssetRegistry took 0.0033 seconds to start up
[2022.01.31-08.11.46:472][  0]LogInit: Selected Device Profile: [Windows]
[2022.01.31-08.11.46:472][  0]LogInit: Active device profile: [000002961E66F200][0000029615426EC0 49] Windows
[2022.01.31-08.11.46:472][  0]LogInit: Profiles: [000002961E66F200][0000029615426EC0 49] Windows, [000002961E631100][000002961542F040 49] WindowsNoEditor, [000002961E66D000][000002961CD5F1C0 49] WindowsServer, [000002961E633000][000002961CD63340 49] WindowsClient, [000002961E66EF00][000002961CD674C0 49] IOS, [000002961E631500][000002961CD6B640 49] iPadAir, [000002961E66D400][000002961CD6F7C0 49] iPadAir2, [000002961E5E4200][000002961CD77A80 49] IPadPro, [000002961E5E4300][000002961CD73AC0 49] iPadAir3, [000002961E66EB00][000002961CD7A0C0 49] iPadAir4, [000002961E5E6A00][000002961CD7E240 49] iPadMini2, [000002961E66D600][000002961CD823C0 49] iPadMini3, [000002961E5E5700][000002961CD86540 49] iPadMini4, [000002961E66E700][000002961542A680 49] iPadMini5, [000002961E5DBA00][00000296153368C0 49] iPhone6, [000002961E5DBB00][000002961CD8A900 49] iPodTouch6, [000002961E5E7A00][0000029615342BC0 49] iPhone7, [000002961E5E6900][000002961533EC00 49] iPodTouch7, [000002961E5D9300][0000029615346D80 49] iPhone5S, [000002961E5E5600][000002961534AF00 49] iPhone6Plus, [000002961E5DAB00][000002961534F080 49] iPhone6S, [000002961E5E6600][0000029615353200 49] iPhone6SPlus, [000002961E5D9800][0000029615357380 49] iPhone7Plus, [000002961E5E5A00][000002961535B500 49] iPhoneSE, [000002961E5DBD00][000002961535F680 49] iPhone8, [000002961E5E5100][0000029615363800 49] iPhone8Plus, [000002961E5D9200][0000029615367980 49] iPhoneX, [000002961E5E5B00][000002961536BB00 49] iPhoneXS, [000002961E5DA800][000002961536E100 49] iPhoneXSMax, [000002961E5E7100][0000029615372280 49] iPhoneXR, [000002961E5DB900][0000029615376400 49] iPhone11, [000002961E5E7700][000002961537A580 49] iPhone11Pro, [000002961E5DAC00][000002961537E700 49] iPhone11ProMax, [000002961E5E5200][000002961533A840 49] iPhoneSE2, [000002961E5D9F00][0000029615382980 49] iPhone12Mini, [000002961E5E5C00][0000029615386AC0 49] iPhone12, [000002961E5DA100][000002961538EC40 49] iPhone12Pro, [000002961E5E5300][0000029615392DC0 49] iPhone12ProMax, [000002961E5DA200][0000029615396F40 49] iPadPro105, [000002961E5E6E00][000002961539B0C0 49] iPadPro129, [000002961E5DA000][000002961539F240 49] iPadPro97, [000002961E5E6F00][00000296153A33C0 49] iPadPro2_129, [000002961E5DBC00][00000296153A7540 49] iPad5, [000002961E5E5000][00000296153AB6C0 49] iPad6, [000002961E5D8300][00000296153AF840 49] iPad7, [000002961E5E7B00][00000296153B39C0 49] iPad8, [000002961E5DB800][00000296153B7B40 49] iPadPro11, [000002961E5E7E00][00000296153BA140 49] iPadPro2_11, [000002961E5D8500][00000296153BE2C0 49] iPadPro3_129, [000002961E5E6B00][00000296114E4440 49] iPadPro4_129, [000002961E5DA700][00000296114E85C0 49] AppleTV, [000002961E5E6C00][00000296114EC740 49] AppleTV4K, [000002961E5DB100][00000296114F08C0 49] TVOS, [000002961E5E7500][000002961538AA00 49] Mac, [000002961E5D8D00][00000296114F4B40 49] MacClient, [000002961E5E6100][00000296114F8C80 49] MacNoEditor, [000002961E5DA400][00000296114FCDC0 49] MacServer, [000002961E5E6800][0000029611504F40 49] Linux, [000002961E5D8200][00000296115090C0 49] LinuxAArch64, [000002961E5E7400][000002961150D240 49] LinuxNoEditor, [000002961E5D9600][00000296115113C0 49] LinuxAArch64NoEditor, [000002961E633A00][0000029611515540 49] LinuxClient, [000002961E6B9700][00000296115196C0 49] LinuxAArch64Client, [000002961E631200][000002961151D840 49] LinuxServer, [000002961E6B8100][00000296115219C0 49] LinuxAArch64Server, [000002961E631600][0000029611525B40 49] Android, [000002961E6B9600][0000029611528140 49] Android_Low, [000002961E631400][000002961152C2C0 49] Android_Mid, [000002961E6B8E00][0000029611530440 49] Android_High, [000002961E632B00][00000296115345C0 49] Android_Default, [000002961E6B8200][0000029611538740 49] Android_Adreno4xx, [000002961E633E00][000002961153C8C0 49] Android_Adreno5xx_Low, [000002961E6B8300][0000029611540A40 49] Android_Adreno5xx, [000002961E632D00][0000029611500B80 49] Android_Adreno6xx, [000002961E6B8D00][0000029611544CC0 49] Android_Adreno6xx_Vulkan, [000002961E630800][0000029611548E00 49] Android_Mali_T6xx, [000002961E6B9100][000002961154CF40 49] Android_Mali_T7xx, [000002961E630A00][00000296115550C0 49] Android_Mali_T8xx, [000002961E6B9D00][0000029611559240 49] Android_Mali_G71, [000002961E631E00][000002961155D3C0 49] Android_Mali_G72, [000002961E6B9000][0000029611561540 49] Android_Mali_G72_Vulkan, [000002961E5DB400][00000296115656C0 49] Android_Mali_G76, [000002961E5E5800][0000029611569840 49] Android_Mali_G76_Vulkan, [000002961E5DA900][000002961156D9C0 49] Android_Mali_G77, [000002961E5E7900][000002961F0B5B40 49] Android_Mali_G77_Vulkan, [000002961E5DBE00][000002961F0B8140 49] Android_Mali_G78, [000002961E5E5D00][000002961F0BC2C0 49] Android_Mali_G78_Vulkan, [000002961E5DB700][000002961F0C0440 49] Android_Mali_G710, [000002961E5E4D00][000002961F0C45C0 49] Android_Mali_G710_Vulkan, [000002961E5D9A00][000002961F0C8740 49] Android_Vulkan_SM5, [000002961E5E5400][000002961F0CC8C0 49] Android_PowerVR_G6xxx, [000002961E5DB300][000002961F0D0A40 49] Android_PowerVR_GT7xxx, [000002961E5E7000][000002961F0D4BC0 49] Android_PowerVR_GE8xxx, [000002961E5DB600][000002961F0D8D40 49] Android_PowerVR_GM9xxx, [000002961E5E6300][0000029611550E80 49] Android_PowerVR_GM9xxx_Vulkan, [000002961E5DA600][000002961F0DCFC0 49] Android_TegraK1, [000002961E5E4900][000002961F0E1100 49] Android_Unknown_Vulkan, [000002961E5D8F00][000002961F0E9280 49] Lumin, [000002961E6B8600][000002961F0ED400 49] Lumin_Desktop, [000002961E5D9500][000002961F0F1580 49] HoloLens, 
[2022.01.31-08.11.46:666][  0]LogMeshReduction: Using QuadricMeshReduction for automatic static mesh reduction
[2022.01.31-08.11.46:666][  0]LogMeshReduction: Using SimplygonMeshReduction for automatic skeletal mesh reduction
[2022.01.31-08.11.46:666][  0]LogMeshReduction: Using ProxyLODMeshReduction for automatic mesh merging
[2022.01.31-08.11.46:666][  0]LogMeshReduction: No distributed automatic mesh merging module available
[2022.01.31-08.11.46:666][  0]LogMeshMerging: No distributed automatic mesh merging module available
[2022.01.31-08.11.46:687][  0]LogNetVersion: BuildingEscape 1.0.0, NetCL: 17155196, EngineNetVer: 17, GameNetVer: 0 (Checksum: 4056458892)
[2022.01.31-08.11.47:197][  0]LogTexture: Default maximum texture size for cubemaps generated from long-lat sources has been changed from 512 to unlimited. In order to preserve old behaiour for '/Engine/MapTemplates/Sky/DaylightAmbientCubemap.DaylightAmbientCubemap', its maximum texture size has been explicitly set to 512.
[2022.01.31-08.11.47:260][  0]LogHMD: PokeAHoleMaterial loaded successfully
[2022.01.31-08.11.47:266][  0]LogUObjectArray: 17178 objects as part of root set at end of initial load.
[2022.01.31-08.11.47:266][  0]LogUObjectAllocator: 4302048 out of 0 bytes used by permanent object pool.
[2022.01.31-08.11.47:266][  0]LogUObjectArray: CloseDisregardForGC: 0/0 objects in disregard for GC pool
[2022.01.31-08.11.47:634][  0]LogPython: Using Python 3.7.7
[2022.01.31-08.11.48:197][  0]LogNiagaraDebuggerClient: Niagara Debugger Client Initialized | Session: B479ED694AAA701E60D2AB8670C2A3B8 | Instance: 028533A3486D3805CBD5ADBD89DA05A0 (LAPTOP-QJB24JD4-22532).
[2022.01.31-08.11.48:372][  0]LogTcpMessaging: Initializing TcpMessaging bridge
[2022.01.31-08.11.48:379][  0]LogUdpMessaging: Initializing bridge on interface 0.0.0.0:0 to multicast group 230.0.0.1:6666.
[2022.01.31-08.11.56:495][  0]LogWindows: Error: === Critical error: ===
[2022.01.31-08.11.56:496][  0]LogWindows: Error: 
[2022.01.31-08.11.56:496][  0]LogWindows: Error: Fatal error!
[2022.01.31-08.11.56:496][  0]LogWindows: Error: 
[2022.01.31-08.11.56:496][  0]LogWindows: Error: Unhandled Exception: EXCEPTION_ACCESS_VIOLATION reading address 0x0000000000000150
[2022.01.31-08.11.56:496][  0]LogWindows: Error: 
[2022.01.31-08.11.56:496][  0]LogWindows: Error: [Callstack] 0x00007ffb666e21d3 UE4Editor-BuildingEscape.dll!UDoor_Control::UDoor_Control() [F:\Programs\UE4\BuildingEscape\Source\BuildingEscape\Door_Control.cpp:14]
[2022.01.31-08.11.56:496][  0]LogWindows: Error: [Callstack] 0x00007ffaf66661d3 UE4Editor-CoreUObject.dll!UnknownFunction []
[2022.01.31-08.11.56:496][  0]LogWindows: Error: [Callstack] 0x00007ffaf6988faf UE4Editor-CoreUObject.dll!UnknownFunction []
[2022.01.31-08.11.56:496][  0]LogWindows: Error: [Callstack] 0x00007ffaf6965411 UE4Editor-CoreUObject.dll!UnknownFunction []
[2022.01.31-08.11.56:496][  0]LogWindows: Error: [Callstack] 0x00007ffaf682ddc5 UE4Editor-CoreUObject.dll!UnknownFunction []
[2022.01.31-08.11.56:496][  0]LogWindows: Error: [Callstack] 0x00007ffaf7041bea UE4Editor-Core.dll!UnknownFunction []
[2022.01.31-08.11.56:496][  0]LogWindows: Error: [Callstack] 0x00007ffaf70615a3 UE4Editor-Core.dll!UnknownFunction []
[2022.01.31-08.11.56:496][  0]LogWindows: Error: [Callstack] 0x00007ffb47756433 UE4Editor-Projects.dll!UnknownFunction []
[2022.01.31-08.11.56:496][  0]LogWindows: Error: [Callstack] 0x00007ffb4775674f UE4Editor-Projects.dll!UnknownFunction []
[2022.01.31-08.11.56:496][  0]LogWindows: Error: [Callstack] 0x00007ff7d3d15642 UE4Editor.exe!UnknownFunction []
[2022.01.31-08.11.56:496][  0]LogWindows: Error: [Callstack] 0x00007ff7d3d19000 UE4Editor.exe!UnknownFunction []
[2022.01.31-08.11.56:496][  0]LogWindows: Error: [Callstack] 0x00007ff7d3d10d2c UE4Editor.exe!UnknownFunction []
[2022.01.31-08.11.56:496][  0]LogWindows: Error: [Callstack] 0x00007ff7d3d110ba UE4Editor.exe!UnknownFunction []
[2022.01.31-08.11.56:496][  0]LogWindows: Error: [Callstack] 0x00007ff7d3d140dd UE4Editor.exe!UnknownFunction []
[2022.01.31-08.11.56:496][  0]LogWindows: Error: [Callstack] 0x00007ff7d3d25984 UE4Editor.exe!UnknownFunction []
[2022.01.31-08.11.56:496][  0]LogWindows: Error: [Callstack] 0x00007ff7d3d2853a UE4Editor.exe!UnknownFunction []
[2022.01.31-08.11.56:496][  0]LogWindows: Error: [Callstack] 0x00007ffb9a916ab0 KERNEL32.DLL!UnknownFunction []
[2022.01.31-08.11.56:496][  0]LogWindows: Error: [Callstack] 0x00007ffb9be11dbb ntdll.dll!UnknownFunction []
[2022.01.31-08.11.56:496][  0]LogWindows: Error: 
[2022.01.31-08.11.56:540][  0]LogExit: Executing StaticShutdownAfterError
[2022.01.31-08.11.56:542][  0]LogWindows: FPlatformMisc::RequestExit(1)
[2022.01.31-08.11.56:542][  0]LogWindows: FPlatformMisc::RequestExitWithStatus(1, 3)
[2022.01.31-08.11.56:542][  0]LogCore: Engine exit requested (reason: Win RequestExit)
[2022.01.31-08.11.56:577][  0]Log file closed, 01/31/22 13:41:56
